<?xml version="1.0" encoding="UTF-8"?>
<testsuite xmlns:xsi="http://www.w3.org/2001/XMLSchema-instance" xsi:noNamespaceSchemaLocation="https://maven.apache.org/surefire/maven-surefire-plugin/xsd/surefire-test-report.xsd" name="TestSuite" time="538.767" tests="150" errors="0" skipped="61" failures="38">
  <properties>
[...]
</properties>
  <testcase name="findGoodDoctorTextTest" classname="tests.OnboardingPageTests" time="4.455"/>
  <testcase name="findDoctorCoverageTextTest" classname="tests.OnboardingPageTests" time="0.329"/>
  <testcase name="visibilityOfSkipButton" classname="tests.OnboardingPageTests" time="0.137"/>
  <testcase name="isSkipButtonEnabled" classname="tests.OnboardingPageTests" time="0.107"/>
  <testcase name="clickOnNextPageButton" classname="tests.OnboardingPageTests" time="1.774"/>
  <testcase name="visibilityOfAppointmentOnTheGoText" classname="tests.OnboardingPageTests" time="0.288"/>
  <testcase name="visibilityOfFindBestDocText" classname="tests.OnboardingPageTests" time="0.264"/>
  <testcase name="visibilityOfSkipButtonOnPage2" classname="tests.OnboardingPageTests" time="0.161"/>
  <testcase name="againClickOnNextPageButton" classname="tests.OnboardingPageTests" time="0.085"/>
  <testcase name="visibilityOfFindQuestionsText" classname="tests.OnboardingPageTests" time="1.098"/>
  <testcase name="visibilityOfFindBestDocTextonPage3" classname="tests.OnboardingPageTests" time="0.261"/>
  <testcase name="tapDoneButton" classname="tests.OnboardingPageTests" time="3.219"/>
  <testcase name="lookingForDoctorPage" classname="tests.OnboardingPageTests" time="0.165"/>
  <testcase name="clickOnSkipButtonOnOnboardingPage1" classname="tests.OnboardingPageTests" time="27.726"/>
  <testcase name="isFindBestDoctorTextVisible" classname="tests.LookingForDoctorPageTests" time="0.201"/>
  <testcase name="isLoginWithEmailButtonVisible" classname="tests.LookingForDoctorPageTests" time="0.169"/>
  <testcase name="isDontHaveAccountTextVisible" classname="tests.LookingForDoctorPageTests" time="0.243"/>
  <testcase name="isLoginWithEmailButtonEnabled" classname="tests.LookingForDoctorPageTests" time="0.051"/>
  <testcase name="isSignupTextVisible" classname="tests.LookingForDoctorPageTests" time="0.177"/>
  <testcase name="isSkipThisStepTextVisible" classname="tests.LookingForDoctorPageTests" time="0.21"/>
  <testcase name="clickOnLoginWithEmailButton" classname="tests.LoginPageTests" time="1.33"/>
  <testcase name="isEmailFieldVisible" classname="tests.LoginPageTests" time="0.152"/>
  <testcase name="enterEmail" classname="tests.LoginPageTests" time="0.873"/>
  <testcase name="isPasswordFieldVisible" classname="tests.LoginPageTests" time="0.675"/>
  <testcase name="enterPassword" classname="tests.LoginPageTests" time="0.642"/>
  <testcase name="isSignInButtonVisible" classname="tests.LoginPageTests" time="0.625"/>
  <testcase name="isDontHaveAccountLinkTextVisible" classname="tests.LoginPageTests" time="0.157"/>
  <testcase name="isSignUpNowLinkTextVisible" classname="tests.LoginPageTests" time="0.194"/>
  <testcase name="clickOnSignInButton" classname="tests.LoginPageTests" time="0.922"/>
  <testcase name="clickOnCONTINUEButton" classname="tests.LoginPageTests" time="7.019"/>
  <testcase name="isSearchDoctorLinkTextVisible" classname="tests.AppointmentBookingPatientTests" time="0.222"/>
  <testcase name="isSearchDiagnosticLinkTextVisible" classname="tests.AppointmentBookingPatientTests" time="0.346"/>
  <testcase name="isTapToSelectLinkTextVisible" classname="tests.AppointmentBookingPatientTests" time="3.066"/>
  <testcase name="isSelectionLocationLinkTextVisible" classname="tests.AppointmentBookingPatientTests" time="0.193"/>
  <testcase name="isFindDoctorButtonVisible" classname="tests.AppointmentBookingPatientTests" time="0.194"/>
  <testcase name="isMoreSpecialitiesLinkTextVisible" classname="tests.AppointmentBookingPatientTests" time="0.199"/>
  <testcase name="clickOnTapToSelectDropDown" classname="tests.AppointmentBookingPatientTests" time="1.562"/>
  <testcase name="isSearchVisible" classname="tests.AppointmentBookingPatientTests" time="0.203"/>
  <testcase name="isCloseButtonVisible" classname="tests.AppointmentBookingPatientTests" time="0.211"/>
  <testcase name="isCloseButtonClickable" classname="tests.AppointmentBookingPatientTests" time="3.548"/>
  <testcase name="clickTapToSelectDropDown" classname="tests.AppointmentBookingPatientTests" time="2.121"/>
  <testcase name="clickBackButton" classname="tests.AppointmentBookingPatientTests" time="0.313"/>
  <testcase name="clickTapToSelectDD" classname="tests.AppointmentBookingPatientTests" time="2.597"/>
  <testcase name="searchDoctor" classname="tests.AppointmentBookingPatientTests" time="6.818"/>
  <testcase name="clickLocationDD" classname="tests.AppointmentBookingPatientTests" time="2.115"/>
  <testcase name="isSearchFieldOnLocationPageVisible" classname="tests.AppointmentBookingPatientTests" time="0.203"/>
  <testcase name="searchLocation" classname="tests.AppointmentBookingPatientTests" time="5.978"/>
  <testcase name="tapFindDoctorButton" classname="tests.AppointmentBookingPatientTests" time="1.376"/>
  <testcase name="selectDoctor" classname="tests.AppointmentBookingPatientTests" time="2.834"/>
  <testcase name="isBookAppointmentButtonVisible" classname="tests.AppointmentBookingPatientTests" time="0.208"/>
  <testcase name="tapBookAppointmentButton" classname="tests.AppointmentBookingPatientTests" time="1.853"/>
  <testcase name="isTimeScheduleWindowPageAvailable" classname="tests.AppointmentBookingPatientTests" time="5.692">
    <failure message="An element could not be located on the page using the given search parameters. (WARNING: The server did not provide any stacktrace information)&#10;Command duration or timeout: 0 milliseconds&#10;For documentation on this error, please visit: http://seleniumhq.org/exceptions/no_such_element.html&#10;Build info: version: &apos;3.9.1&apos;, revision: &apos;63f7b50&apos;, time: &apos;2018-02-07T22:25:02.294Z&apos;&#10;System info: host: &apos;KASHIFALI&apos;, ip: &apos;192.168.1.135&apos;, os.name: &apos;Windows 8.1&apos;, os.arch: &apos;amd64&apos;, os.version: &apos;6.3&apos;, java.version: &apos;1.8.0_25&apos;&#10;Driver info: io.appium.java_client.android.AndroidDriver&#10;Capabilities {app: D:\pliro-mobile-2.0\automat..., appActivity: com.pliro_mobile_2.SplashAc..., appPackage: com.aurora.pliro, automationName: UiAutomator2, deviceName: emulator-5554, javascriptEnabled: true, newCommandTimeout: 30, platform: ANDROID, platformName: ANDROID, platformVersion: 7.1.1}&#10;Session ID: 53f6dfe6-c93c-4343-b890-8e9ebbad1621&#10;*** Element info: {Using=-android uiautomator, value=new UiSelector().text(&quot;Time Schedule&quot;)}" type="org.openqa.selenium.NoSuchElementException">org.openqa.selenium.NoSuchElementException: 
An element could not be located on the page using the given search parameters. (WARNING: The server did not provide any stacktrace information)
Command duration or timeout: 0 milliseconds
For documentation on this error, please visit: http://seleniumhq.org/exceptions/no_such_element.html
Build info: version: '3.9.1', revision: '63f7b50', time: '2018-02-07T22:25:02.294Z'
System info: host: 'KASHIFALI', ip: '192.168.1.135', os.name: 'Windows 8.1', os.arch: 'amd64', os.version: '6.3', java.version: '1.8.0_25'
Driver info: io.appium.java_client.android.AndroidDriver
Capabilities {app: D:\pliro-mobile-2.0\automat..., appActivity: com.pliro_mobile_2.SplashAc..., appPackage: com.aurora.pliro, automationName: UiAutomator2, deviceName: emulator-5554, javascriptEnabled: true, newCommandTimeout: 30, platform: ANDROID, platformName: ANDROID, platformVersion: 7.1.1}
Session ID: 53f6dfe6-c93c-4343-b890-8e9ebbad1621
*** Element info: {Using=-android uiautomator, value=new UiSelector().text("Time Schedule")}
	at tests.AppointmentBookingPatientTests.isTimeScheduleWindowPageAvailable(AppointmentBookingPatientTests.java:166)
</failure>
  </testcase>
  <testcase name="isTimeSlotAvailable" classname="tests.AppointmentBookingPatientTests" time="0">
    <skipped/>
  </testcase>
  <testcase name="isConfirmAppointmentButtonVisible" classname="tests.AppointmentBookingPatientTests" time="0">
    <skipped/>
  </testcase>
  <testcase name="tapConfirmAppointmentButton" classname="tests.AppointmentBookingPatientTests" time="0">
    <skipped/>
  </testcase>
  <testcase name="congratulationsText" classname="tests.AppointmentBookingPatientTests" time="0">
    <skipped/>
  </testcase>
  <testcase name="appointmentCompletedSuccessfullyText" classname="tests.AppointmentBookingPatientTests" time="0">
    <skipped/>
  </testcase>
  <testcase name="continueUsingPliroButton" classname="tests.AppointmentBookingPatientTests" time="0">
    <skipped/>
  </testcase>
  <testcase name="tapContinueUsingPliroButton" classname="tests.AppointmentBookingPatientTests" time="0">
    <skipped/>
  </testcase>
  <testcase name="clickonsettingsText" classname="tests.SettingsPageTests" time="5.514">
    <failure message="An element could not be located on the page using the given search parameters. (WARNING: The server did not provide any stacktrace information)&#10;Command duration or timeout: 0 milliseconds&#10;For documentation on this error, please visit: http://seleniumhq.org/exceptions/no_such_element.html&#10;Build info: version: &apos;3.9.1&apos;, revision: &apos;63f7b50&apos;, time: &apos;2018-02-07T22:25:02.294Z&apos;&#10;System info: host: &apos;KASHIFALI&apos;, ip: &apos;192.168.1.135&apos;, os.name: &apos;Windows 8.1&apos;, os.arch: &apos;amd64&apos;, os.version: &apos;6.3&apos;, java.version: &apos;1.8.0_25&apos;&#10;Driver info: io.appium.java_client.android.AndroidDriver&#10;Capabilities {app: D:\pliro-mobile-2.0\automat..., appActivity: com.pliro_mobile_2.SplashAc..., appPackage: com.aurora.pliro, automationName: UiAutomator2, deviceName: emulator-5554, javascriptEnabled: true, newCommandTimeout: 30, platform: ANDROID, platformName: ANDROID, platformVersion: 7.1.1}&#10;Session ID: 53f6dfe6-c93c-4343-b890-8e9ebbad1621&#10;*** Element info: {Using=xpath, value=/hierarchy/android.widget.FrameLayout/android.widget.LinearLayout/android.widget.FrameLayout/android.widget.LinearLayout/android.widget.FrameLayout/android.widget.RelativeLayout/android.widget.FrameLayout/android.widget.LinearLayout/android.widget.FrameLayout[4]/android.widget.ImageView}" type="org.openqa.selenium.NoSuchElementException">org.openqa.selenium.NoSuchElementException: 
An element could not be located on the page using the given search parameters. (WARNING: The server did not provide any stacktrace information)
Command duration or timeout: 0 milliseconds
For documentation on this error, please visit: http://seleniumhq.org/exceptions/no_such_element.html
Build info: version: '3.9.1', revision: '63f7b50', time: '2018-02-07T22:25:02.294Z'
System info: host: 'KASHIFALI', ip: '192.168.1.135', os.name: 'Windows 8.1', os.arch: 'amd64', os.version: '6.3', java.version: '1.8.0_25'
Driver info: io.appium.java_client.android.AndroidDriver
Capabilities {app: D:\pliro-mobile-2.0\automat..., appActivity: com.pliro_mobile_2.SplashAc..., appPackage: com.aurora.pliro, automationName: UiAutomator2, deviceName: emulator-5554, javascriptEnabled: true, newCommandTimeout: 30, platform: ANDROID, platformName: ANDROID, platformVersion: 7.1.1}
Session ID: 53f6dfe6-c93c-4343-b890-8e9ebbad1621
*** Element info: {Using=xpath, value=/hierarchy/android.widget.FrameLayout/android.widget.LinearLayout/android.widget.FrameLayout/android.widget.LinearLayout/android.widget.FrameLayout/android.widget.RelativeLayout/android.widget.FrameLayout/android.widget.LinearLayout/android.widget.FrameLayout[4]/android.widget.ImageView}
	at tests.SettingsPageTests.clickonsettingsText(SettingsPageTests.java:13)
</failure>
  </testcase>
  <testcase name="findLogoutText" classname="tests.SettingsPageTests" time="5.394">
    <failure message="An element could not be located on the page using the given search parameters. (WARNING: The server did not provide any stacktrace information)&#10;Command duration or timeout: 0 milliseconds&#10;For documentation on this error, please visit: http://seleniumhq.org/exceptions/no_such_element.html&#10;Build info: version: &apos;3.9.1&apos;, revision: &apos;63f7b50&apos;, time: &apos;2018-02-07T22:25:02.294Z&apos;&#10;System info: host: &apos;KASHIFALI&apos;, ip: &apos;192.168.1.135&apos;, os.name: &apos;Windows 8.1&apos;, os.arch: &apos;amd64&apos;, os.version: &apos;6.3&apos;, java.version: &apos;1.8.0_25&apos;&#10;Driver info: io.appium.java_client.android.AndroidDriver&#10;Capabilities {app: D:\pliro-mobile-2.0\automat..., appActivity: com.pliro_mobile_2.SplashAc..., appPackage: com.aurora.pliro, automationName: UiAutomator2, deviceName: emulator-5554, javascriptEnabled: true, newCommandTimeout: 30, platform: ANDROID, platformName: ANDROID, platformVersion: 7.1.1}&#10;Session ID: 53f6dfe6-c93c-4343-b890-8e9ebbad1621&#10;*** Element info: {Using=-android uiautomator, value=new UiSelector().text(&quot;Logout&quot;)}" type="org.openqa.selenium.NoSuchElementException">org.openqa.selenium.NoSuchElementException: 
An element could not be located on the page using the given search parameters. (WARNING: The server did not provide any stacktrace information)
Command duration or timeout: 0 milliseconds
For documentation on this error, please visit: http://seleniumhq.org/exceptions/no_such_element.html
Build info: version: '3.9.1', revision: '63f7b50', time: '2018-02-07T22:25:02.294Z'
System info: host: 'KASHIFALI', ip: '192.168.1.135', os.name: 'Windows 8.1', os.arch: 'amd64', os.version: '6.3', java.version: '1.8.0_25'
Driver info: io.appium.java_client.android.AndroidDriver
Capabilities {app: D:\pliro-mobile-2.0\automat..., appActivity: com.pliro_mobile_2.SplashAc..., appPackage: com.aurora.pliro, automationName: UiAutomator2, deviceName: emulator-5554, javascriptEnabled: true, newCommandTimeout: 30, platform: ANDROID, platformName: ANDROID, platformVersion: 7.1.1}
Session ID: 53f6dfe6-c93c-4343-b890-8e9ebbad1621
*** Element info: {Using=-android uiautomator, value=new UiSelector().text("Logout")}
	at tests.SettingsPageTests.findLogoutText(SettingsPageTests.java:20)
</failure>
  </testcase>
  <testcase name="clickOnLoginWithEmailButton" classname="tests.DoctorLoginPageTests" time="5.389">
    <failure message="An element could not be located on the page using the given search parameters. (WARNING: The server did not provide any stacktrace information)&#10;Command duration or timeout: 0 milliseconds&#10;For documentation on this error, please visit: http://seleniumhq.org/exceptions/no_such_element.html&#10;Build info: version: &apos;3.9.1&apos;, revision: &apos;63f7b50&apos;, time: &apos;2018-02-07T22:25:02.294Z&apos;&#10;System info: host: &apos;KASHIFALI&apos;, ip: &apos;192.168.1.135&apos;, os.name: &apos;Windows 8.1&apos;, os.arch: &apos;amd64&apos;, os.version: &apos;6.3&apos;, java.version: &apos;1.8.0_25&apos;&#10;Driver info: io.appium.java_client.android.AndroidDriver&#10;Capabilities {app: D:\pliro-mobile-2.0\automat..., appActivity: com.pliro_mobile_2.SplashAc..., appPackage: com.aurora.pliro, automationName: UiAutomator2, deviceName: emulator-5554, javascriptEnabled: true, newCommandTimeout: 30, platform: ANDROID, platformName: ANDROID, platformVersion: 7.1.1}&#10;Session ID: 53f6dfe6-c93c-4343-b890-8e9ebbad1621&#10;*** Element info: {Using=-android uiautomator, value=new UiSelector().text(&quot;Login&quot;)}" type="org.openqa.selenium.NoSuchElementException">org.openqa.selenium.NoSuchElementException: 
An element could not be located on the page using the given search parameters. (WARNING: The server did not provide any stacktrace information)
Command duration or timeout: 0 milliseconds
For documentation on this error, please visit: http://seleniumhq.org/exceptions/no_such_element.html
Build info: version: '3.9.1', revision: '63f7b50', time: '2018-02-07T22:25:02.294Z'
System info: host: 'KASHIFALI', ip: '192.168.1.135', os.name: 'Windows 8.1', os.arch: 'amd64', os.version: '6.3', java.version: '1.8.0_25'
Driver info: io.appium.java_client.android.AndroidDriver
Capabilities {app: D:\pliro-mobile-2.0\automat..., appActivity: com.pliro_mobile_2.SplashAc..., appPackage: com.aurora.pliro, automationName: UiAutomator2, deviceName: emulator-5554, javascriptEnabled: true, newCommandTimeout: 30, platform: ANDROID, platformName: ANDROID, platformVersion: 7.1.1}
Session ID: 53f6dfe6-c93c-4343-b890-8e9ebbad1621
*** Element info: {Using=-android uiautomator, value=new UiSelector().text("Login")}
	at tests.DoctorLoginPageTests.clickOnLoginWithEmailButton(DoctorLoginPageTests.java:16)
</failure>
  </testcase>
  <testcase name="enterEmail" classname="tests.DoctorLoginPageTests" time="5.401">
    <failure message="An element could not be located on the page using the given search parameters. (WARNING: The server did not provide any stacktrace information)&#10;Command duration or timeout: 0 milliseconds&#10;For documentation on this error, please visit: http://seleniumhq.org/exceptions/no_such_element.html&#10;Build info: version: &apos;3.9.1&apos;, revision: &apos;63f7b50&apos;, time: &apos;2018-02-07T22:25:02.294Z&apos;&#10;System info: host: &apos;KASHIFALI&apos;, ip: &apos;192.168.1.135&apos;, os.name: &apos;Windows 8.1&apos;, os.arch: &apos;amd64&apos;, os.version: &apos;6.3&apos;, java.version: &apos;1.8.0_25&apos;&#10;Driver info: io.appium.java_client.android.AndroidDriver&#10;Capabilities {app: D:\pliro-mobile-2.0\automat..., appActivity: com.pliro_mobile_2.SplashAc..., appPackage: com.aurora.pliro, automationName: UiAutomator2, deviceName: emulator-5554, javascriptEnabled: true, newCommandTimeout: 30, platform: ANDROID, platformName: ANDROID, platformVersion: 7.1.1}&#10;Session ID: 53f6dfe6-c93c-4343-b890-8e9ebbad1621&#10;*** Element info: {Using=-android uiautomator, value=new UiSelector().text(&quot;Email&quot;)}" type="org.openqa.selenium.NoSuchElementException">org.openqa.selenium.NoSuchElementException: 
An element could not be located on the page using the given search parameters. (WARNING: The server did not provide any stacktrace information)
Command duration or timeout: 0 milliseconds
For documentation on this error, please visit: http://seleniumhq.org/exceptions/no_such_element.html
Build info: version: '3.9.1', revision: '63f7b50', time: '2018-02-07T22:25:02.294Z'
System info: host: 'KASHIFALI', ip: '192.168.1.135', os.name: 'Windows 8.1', os.arch: 'amd64', os.version: '6.3', java.version: '1.8.0_25'
Driver info: io.appium.java_client.android.AndroidDriver
Capabilities {app: D:\pliro-mobile-2.0\automat..., appActivity: com.pliro_mobile_2.SplashAc..., appPackage: com.aurora.pliro, automationName: UiAutomator2, deviceName: emulator-5554, javascriptEnabled: true, newCommandTimeout: 30, platform: ANDROID, platformName: ANDROID, platformVersion: 7.1.1}
Session ID: 53f6dfe6-c93c-4343-b890-8e9ebbad1621
*** Element info: {Using=-android uiautomator, value=new UiSelector().text("Email")}
	at tests.DoctorLoginPageTests.enterEmail(DoctorLoginPageTests.java:22)
</failure>
  </testcase>
  <testcase name="isPasswordFieldVisible" classname="tests.DoctorLoginPageTests" time="5.402">
    <failure message="An element could not be located on the page using the given search parameters. (WARNING: The server did not provide any stacktrace information)&#10;Command duration or timeout: 0 milliseconds&#10;For documentation on this error, please visit: http://seleniumhq.org/exceptions/no_such_element.html&#10;Build info: version: &apos;3.9.1&apos;, revision: &apos;63f7b50&apos;, time: &apos;2018-02-07T22:25:02.294Z&apos;&#10;System info: host: &apos;KASHIFALI&apos;, ip: &apos;192.168.1.135&apos;, os.name: &apos;Windows 8.1&apos;, os.arch: &apos;amd64&apos;, os.version: &apos;6.3&apos;, java.version: &apos;1.8.0_25&apos;&#10;Driver info: io.appium.java_client.android.AndroidDriver&#10;Capabilities {app: D:\pliro-mobile-2.0\automat..., appActivity: com.pliro_mobile_2.SplashAc..., appPackage: com.aurora.pliro, automationName: UiAutomator2, deviceName: emulator-5554, javascriptEnabled: true, newCommandTimeout: 30, platform: ANDROID, platformName: ANDROID, platformVersion: 7.1.1}&#10;Session ID: 53f6dfe6-c93c-4343-b890-8e9ebbad1621&#10;*** Element info: {Using=-android uiautomator, value=new UiSelector().text(&quot;Password&quot;)}" type="org.openqa.selenium.NoSuchElementException">org.openqa.selenium.NoSuchElementException: 
An element could not be located on the page using the given search parameters. (WARNING: The server did not provide any stacktrace information)
Command duration or timeout: 0 milliseconds
For documentation on this error, please visit: http://seleniumhq.org/exceptions/no_such_element.html
Build info: version: '3.9.1', revision: '63f7b50', time: '2018-02-07T22:25:02.294Z'
System info: host: 'KASHIFALI', ip: '192.168.1.135', os.name: 'Windows 8.1', os.arch: 'amd64', os.version: '6.3', java.version: '1.8.0_25'
Driver info: io.appium.java_client.android.AndroidDriver
Capabilities {app: D:\pliro-mobile-2.0\automat..., appActivity: com.pliro_mobile_2.SplashAc..., appPackage: com.aurora.pliro, automationName: UiAutomator2, deviceName: emulator-5554, javascriptEnabled: true, newCommandTimeout: 30, platform: ANDROID, platformName: ANDROID, platformVersion: 7.1.1}
Session ID: 53f6dfe6-c93c-4343-b890-8e9ebbad1621
*** Element info: {Using=-android uiautomator, value=new UiSelector().text("Password")}
	at tests.DoctorLoginPageTests.isPasswordFieldVisible(DoctorLoginPageTests.java:28)
</failure>
  </testcase>
  <testcase name="enterPassword" classname="tests.DoctorLoginPageTests" time="5.324">
    <failure message="An element could not be located on the page using the given search parameters. (WARNING: The server did not provide any stacktrace information)&#10;Command duration or timeout: 0 milliseconds&#10;For documentation on this error, please visit: http://seleniumhq.org/exceptions/no_such_element.html&#10;Build info: version: &apos;3.9.1&apos;, revision: &apos;63f7b50&apos;, time: &apos;2018-02-07T22:25:02.294Z&apos;&#10;System info: host: &apos;KASHIFALI&apos;, ip: &apos;192.168.1.135&apos;, os.name: &apos;Windows 8.1&apos;, os.arch: &apos;amd64&apos;, os.version: &apos;6.3&apos;, java.version: &apos;1.8.0_25&apos;&#10;Driver info: io.appium.java_client.android.AndroidDriver&#10;Capabilities {app: D:\pliro-mobile-2.0\automat..., appActivity: com.pliro_mobile_2.SplashAc..., appPackage: com.aurora.pliro, automationName: UiAutomator2, deviceName: emulator-5554, javascriptEnabled: true, newCommandTimeout: 30, platform: ANDROID, platformName: ANDROID, platformVersion: 7.1.1}&#10;Session ID: 53f6dfe6-c93c-4343-b890-8e9ebbad1621&#10;*** Element info: {Using=-android uiautomator, value=new UiSelector().text(&quot;Password&quot;)}" type="org.openqa.selenium.NoSuchElementException">org.openqa.selenium.NoSuchElementException: 
An element could not be located on the page using the given search parameters. (WARNING: The server did not provide any stacktrace information)
Command duration or timeout: 0 milliseconds
For documentation on this error, please visit: http://seleniumhq.org/exceptions/no_such_element.html
Build info: version: '3.9.1', revision: '63f7b50', time: '2018-02-07T22:25:02.294Z'
System info: host: 'KASHIFALI', ip: '192.168.1.135', os.name: 'Windows 8.1', os.arch: 'amd64', os.version: '6.3', java.version: '1.8.0_25'
Driver info: io.appium.java_client.android.AndroidDriver
Capabilities {app: D:\pliro-mobile-2.0\automat..., appActivity: com.pliro_mobile_2.SplashAc..., appPackage: com.aurora.pliro, automationName: UiAutomator2, deviceName: emulator-5554, javascriptEnabled: true, newCommandTimeout: 30, platform: ANDROID, platformName: ANDROID, platformVersion: 7.1.1}
Session ID: 53f6dfe6-c93c-4343-b890-8e9ebbad1621
*** Element info: {Using=-android uiautomator, value=new UiSelector().text("Password")}
	at tests.DoctorLoginPageTests.enterPassword(DoctorLoginPageTests.java:34)
</failure>
  </testcase>
  <testcase name="isSignInButtonVisible" classname="tests.DoctorLoginPageTests" time="5.346">
    <failure message="An element could not be located on the page using the given search parameters. (WARNING: The server did not provide any stacktrace information)&#10;Command duration or timeout: 0 milliseconds&#10;For documentation on this error, please visit: http://seleniumhq.org/exceptions/no_such_element.html&#10;Build info: version: &apos;3.9.1&apos;, revision: &apos;63f7b50&apos;, time: &apos;2018-02-07T22:25:02.294Z&apos;&#10;System info: host: &apos;KASHIFALI&apos;, ip: &apos;192.168.1.135&apos;, os.name: &apos;Windows 8.1&apos;, os.arch: &apos;amd64&apos;, os.version: &apos;6.3&apos;, java.version: &apos;1.8.0_25&apos;&#10;Driver info: io.appium.java_client.android.AndroidDriver&#10;Capabilities {app: D:\pliro-mobile-2.0\automat..., appActivity: com.pliro_mobile_2.SplashAc..., appPackage: com.aurora.pliro, automationName: UiAutomator2, deviceName: emulator-5554, javascriptEnabled: true, newCommandTimeout: 30, platform: ANDROID, platformName: ANDROID, platformVersion: 7.1.1}&#10;Session ID: 53f6dfe6-c93c-4343-b890-8e9ebbad1621&#10;*** Element info: {Using=-android uiautomator, value=new UiSelector().text(&quot;SIGN IN&quot;)}" type="org.openqa.selenium.NoSuchElementException">org.openqa.selenium.NoSuchElementException: 
An element could not be located on the page using the given search parameters. (WARNING: The server did not provide any stacktrace information)
Command duration or timeout: 0 milliseconds
For documentation on this error, please visit: http://seleniumhq.org/exceptions/no_such_element.html
Build info: version: '3.9.1', revision: '63f7b50', time: '2018-02-07T22:25:02.294Z'
System info: host: 'KASHIFALI', ip: '192.168.1.135', os.name: 'Windows 8.1', os.arch: 'amd64', os.version: '6.3', java.version: '1.8.0_25'
Driver info: io.appium.java_client.android.AndroidDriver
Capabilities {app: D:\pliro-mobile-2.0\automat..., appActivity: com.pliro_mobile_2.SplashAc..., appPackage: com.aurora.pliro, automationName: UiAutomator2, deviceName: emulator-5554, javascriptEnabled: true, newCommandTimeout: 30, platform: ANDROID, platformName: ANDROID, platformVersion: 7.1.1}
Session ID: 53f6dfe6-c93c-4343-b890-8e9ebbad1621
*** Element info: {Using=-android uiautomator, value=new UiSelector().text("SIGN IN")}
	at tests.DoctorLoginPageTests.isSignInButtonVisible(DoctorLoginPageTests.java:40)
</failure>
  </testcase>
  <testcase name="clickOnSignInButton" classname="tests.DoctorLoginPageTests" time="5.325">
    <failure message="An element could not be located on the page using the given search parameters. (WARNING: The server did not provide any stacktrace information)&#10;Command duration or timeout: 0 milliseconds&#10;For documentation on this error, please visit: http://seleniumhq.org/exceptions/no_such_element.html&#10;Build info: version: &apos;3.9.1&apos;, revision: &apos;63f7b50&apos;, time: &apos;2018-02-07T22:25:02.294Z&apos;&#10;System info: host: &apos;KASHIFALI&apos;, ip: &apos;192.168.1.135&apos;, os.name: &apos;Windows 8.1&apos;, os.arch: &apos;amd64&apos;, os.version: &apos;6.3&apos;, java.version: &apos;1.8.0_25&apos;&#10;Driver info: io.appium.java_client.android.AndroidDriver&#10;Capabilities {app: D:\pliro-mobile-2.0\automat..., appActivity: com.pliro_mobile_2.SplashAc..., appPackage: com.aurora.pliro, automationName: UiAutomator2, deviceName: emulator-5554, javascriptEnabled: true, newCommandTimeout: 30, platform: ANDROID, platformName: ANDROID, platformVersion: 7.1.1}&#10;Session ID: 53f6dfe6-c93c-4343-b890-8e9ebbad1621&#10;*** Element info: {Using=-android uiautomator, value=new UiSelector().text(&quot;SIGN IN&quot;)}" type="org.openqa.selenium.NoSuchElementException">org.openqa.selenium.NoSuchElementException: 
An element could not be located on the page using the given search parameters. (WARNING: The server did not provide any stacktrace information)
Command duration or timeout: 0 milliseconds
For documentation on this error, please visit: http://seleniumhq.org/exceptions/no_such_element.html
Build info: version: '3.9.1', revision: '63f7b50', time: '2018-02-07T22:25:02.294Z'
System info: host: 'KASHIFALI', ip: '192.168.1.135', os.name: 'Windows 8.1', os.arch: 'amd64', os.version: '6.3', java.version: '1.8.0_25'
Driver info: io.appium.java_client.android.AndroidDriver
Capabilities {app: D:\pliro-mobile-2.0\automat..., appActivity: com.pliro_mobile_2.SplashAc..., appPackage: com.aurora.pliro, automationName: UiAutomator2, deviceName: emulator-5554, javascriptEnabled: true, newCommandTimeout: 30, platform: ANDROID, platformName: ANDROID, platformVersion: 7.1.1}
Session ID: 53f6dfe6-c93c-4343-b890-8e9ebbad1621
*** Element info: {Using=-android uiautomator, value=new UiSelector().text("SIGN IN")}
	at tests.DoctorLoginPageTests.clickOnSignInButton(DoctorLoginPageTests.java:46)
</failure>
  </testcase>
  <testcase name="isTabToAppointmentTextVisible" classname="tests.AppointmentBookingDoctorTests" time="5.48">
    <failure message="An element could not be located on the page using the given search parameters. (WARNING: The server did not provide any stacktrace information)&#10;Command duration or timeout: 0 milliseconds&#10;For documentation on this error, please visit: http://seleniumhq.org/exceptions/no_such_element.html&#10;Build info: version: &apos;3.9.1&apos;, revision: &apos;63f7b50&apos;, time: &apos;2018-02-07T22:25:02.294Z&apos;&#10;System info: host: &apos;KASHIFALI&apos;, ip: &apos;192.168.1.135&apos;, os.name: &apos;Windows 8.1&apos;, os.arch: &apos;amd64&apos;, os.version: &apos;6.3&apos;, java.version: &apos;1.8.0_25&apos;&#10;Driver info: io.appium.java_client.android.AndroidDriver&#10;Capabilities {app: D:\pliro-mobile-2.0\automat..., appActivity: com.pliro_mobile_2.SplashAc..., appPackage: com.aurora.pliro, automationName: UiAutomator2, deviceName: emulator-5554, javascriptEnabled: true, newCommandTimeout: 30, platform: ANDROID, platformName: ANDROID, platformVersion: 7.1.1}&#10;Session ID: 53f6dfe6-c93c-4343-b890-8e9ebbad1621&#10;*** Element info: {Using=xpath, value=/hierarchy/android.widget.FrameLayout/android.widget.LinearLayout/android.widget.FrameLayout/android.widget.LinearLayout/android.widget.FrameLayout/android.widget.RelativeLayout/android.widget.FrameLayout/android.widget.LinearLayout/android.widget.FrameLayout[2]/android.widget.ImageView}" type="org.openqa.selenium.NoSuchElementException">org.openqa.selenium.NoSuchElementException: 
An element could not be located on the page using the given search parameters. (WARNING: The server did not provide any stacktrace information)
Command duration or timeout: 0 milliseconds
For documentation on this error, please visit: http://seleniumhq.org/exceptions/no_such_element.html
Build info: version: '3.9.1', revision: '63f7b50', time: '2018-02-07T22:25:02.294Z'
System info: host: 'KASHIFALI', ip: '192.168.1.135', os.name: 'Windows 8.1', os.arch: 'amd64', os.version: '6.3', java.version: '1.8.0_25'
Driver info: io.appium.java_client.android.AndroidDriver
Capabilities {app: D:\pliro-mobile-2.0\automat..., appActivity: com.pliro_mobile_2.SplashAc..., appPackage: com.aurora.pliro, automationName: UiAutomator2, deviceName: emulator-5554, javascriptEnabled: true, newCommandTimeout: 30, platform: ANDROID, platformName: ANDROID, platformVersion: 7.1.1}
Session ID: 53f6dfe6-c93c-4343-b890-8e9ebbad1621
*** Element info: {Using=xpath, value=/hierarchy/android.widget.FrameLayout/android.widget.LinearLayout/android.widget.FrameLayout/android.widget.LinearLayout/android.widget.FrameLayout/android.widget.RelativeLayout/android.widget.FrameLayout/android.widget.LinearLayout/android.widget.FrameLayout[2]/android.widget.ImageView}
	at tests.AppointmentBookingDoctorTests.isTabToAppointmentTextVisible(AppointmentBookingDoctorTests.java:12)
</failure>
  </testcase>
  <testcase name="isRoleTextVisible" classname="tests.AppointmentBookingDoctorTests" time="0">
    <skipped/>
  </testcase>
  <testcase name="isHealthCareTextVisible" classname="tests.AppointmentBookingDoctorTests" time="0">
    <skipped/>
  </testcase>
  <testcase name="isPendingTextVisible" classname="tests.AppointmentBookingDoctorTests" time="0">
    <skipped/>
  </testcase>
  <testcase name="isRoleChangeLinkTextVisible" classname="tests.RoleTests" time="5.492">
    <failure message="An element could not be located on the page using the given search parameters. (WARNING: The server did not provide any stacktrace information)&#10;Command duration or timeout: 0 milliseconds&#10;For documentation on this error, please visit: http://seleniumhq.org/exceptions/no_such_element.html&#10;Build info: version: &apos;3.9.1&apos;, revision: &apos;63f7b50&apos;, time: &apos;2018-02-07T22:25:02.294Z&apos;&#10;System info: host: &apos;KASHIFALI&apos;, ip: &apos;192.168.1.135&apos;, os.name: &apos;Windows 8.1&apos;, os.arch: &apos;amd64&apos;, os.version: &apos;6.3&apos;, java.version: &apos;1.8.0_25&apos;&#10;Driver info: io.appium.java_client.android.AndroidDriver&#10;Capabilities {app: D:\pliro-mobile-2.0\automat..., appActivity: com.pliro_mobile_2.SplashAc..., appPackage: com.aurora.pliro, automationName: UiAutomator2, deviceName: emulator-5554, javascriptEnabled: true, newCommandTimeout: 30, platform: ANDROID, platformName: ANDROID, platformVersion: 7.1.1}&#10;Session ID: 53f6dfe6-c93c-4343-b890-8e9ebbad1621&#10;*** Element info: {Using=xpath, value=/hierarchy/android.widget.FrameLayout/android.widget.LinearLayout/android.widget.FrameLayout/android.widget.LinearLayout/android.widget.FrameLayout/android.widget.RelativeLayout/android.widget.RelativeLayout/android.widget.FrameLayout/android.view.ViewGroup/android.view.ViewGroup[1]}" type="org.openqa.selenium.NoSuchElementException">org.openqa.selenium.NoSuchElementException: 
An element could not be located on the page using the given search parameters. (WARNING: The server did not provide any stacktrace information)
Command duration or timeout: 0 milliseconds
For documentation on this error, please visit: http://seleniumhq.org/exceptions/no_such_element.html
Build info: version: '3.9.1', revision: '63f7b50', time: '2018-02-07T22:25:02.294Z'
System info: host: 'KASHIFALI', ip: '192.168.1.135', os.name: 'Windows 8.1', os.arch: 'amd64', os.version: '6.3', java.version: '1.8.0_25'
Driver info: io.appium.java_client.android.AndroidDriver
Capabilities {app: D:\pliro-mobile-2.0\automat..., appActivity: com.pliro_mobile_2.SplashAc..., appPackage: com.aurora.pliro, automationName: UiAutomator2, deviceName: emulator-5554, javascriptEnabled: true, newCommandTimeout: 30, platform: ANDROID, platformName: ANDROID, platformVersion: 7.1.1}
Session ID: 53f6dfe6-c93c-4343-b890-8e9ebbad1621
*** Element info: {Using=xpath, value=/hierarchy/android.widget.FrameLayout/android.widget.LinearLayout/android.widget.FrameLayout/android.widget.LinearLayout/android.widget.FrameLayout/android.widget.RelativeLayout/android.widget.RelativeLayout/android.widget.FrameLayout/android.view.ViewGroup/android.view.ViewGroup[1]}
	at tests.RoleTests.isRoleChangeLinkTextVisible(RoleTests.java:12)
</failure>
  </testcase>
  <testcase name="clickOnRoleChangeDropDown" classname="tests.RoleTests" time="5.504">
    <failure message="An element could not be located on the page using the given search parameters. (WARNING: The server did not provide any stacktrace information)&#10;Command duration or timeout: 0 milliseconds&#10;For documentation on this error, please visit: http://seleniumhq.org/exceptions/no_such_element.html&#10;Build info: version: &apos;3.9.1&apos;, revision: &apos;63f7b50&apos;, time: &apos;2018-02-07T22:25:02.294Z&apos;&#10;System info: host: &apos;KASHIFALI&apos;, ip: &apos;192.168.1.135&apos;, os.name: &apos;Windows 8.1&apos;, os.arch: &apos;amd64&apos;, os.version: &apos;6.3&apos;, java.version: &apos;1.8.0_25&apos;&#10;Driver info: io.appium.java_client.android.AndroidDriver&#10;Capabilities {app: D:\pliro-mobile-2.0\automat..., appActivity: com.pliro_mobile_2.SplashAc..., appPackage: com.aurora.pliro, automationName: UiAutomator2, deviceName: emulator-5554, javascriptEnabled: true, newCommandTimeout: 30, platform: ANDROID, platformName: ANDROID, platformVersion: 7.1.1}&#10;Session ID: 53f6dfe6-c93c-4343-b890-8e9ebbad1621&#10;*** Element info: {Using=xpath, value=/hierarchy/android.widget.FrameLayout/android.widget.LinearLayout/android.widget.FrameLayout/android.widget.LinearLayout/android.widget.FrameLayout/android.widget.RelativeLayout/android.widget.RelativeLayout/android.widget.FrameLayout/android.view.ViewGroup/android.view.ViewGroup[1]}" type="org.openqa.selenium.NoSuchElementException">org.openqa.selenium.NoSuchElementException: 
An element could not be located on the page using the given search parameters. (WARNING: The server did not provide any stacktrace information)
Command duration or timeout: 0 milliseconds
For documentation on this error, please visit: http://seleniumhq.org/exceptions/no_such_element.html
Build info: version: '3.9.1', revision: '63f7b50', time: '2018-02-07T22:25:02.294Z'
System info: host: 'KASHIFALI', ip: '192.168.1.135', os.name: 'Windows 8.1', os.arch: 'amd64', os.version: '6.3', java.version: '1.8.0_25'
Driver info: io.appium.java_client.android.AndroidDriver
Capabilities {app: D:\pliro-mobile-2.0\automat..., appActivity: com.pliro_mobile_2.SplashAc..., appPackage: com.aurora.pliro, automationName: UiAutomator2, deviceName: emulator-5554, javascriptEnabled: true, newCommandTimeout: 30, platform: ANDROID, platformName: ANDROID, platformVersion: 7.1.1}
Session ID: 53f6dfe6-c93c-4343-b890-8e9ebbad1621
*** Element info: {Using=xpath, value=/hierarchy/android.widget.FrameLayout/android.widget.LinearLayout/android.widget.FrameLayout/android.widget.LinearLayout/android.widget.FrameLayout/android.widget.RelativeLayout/android.widget.RelativeLayout/android.widget.FrameLayout/android.view.ViewGroup/android.view.ViewGroup[1]}
	at tests.RoleTests.clickOnRoleChangeDropDown(RoleTests.java:18)
</failure>
  </testcase>
  <testcase name="isSearchFieldOnLocationPageVisible" classname="tests.RoleTests" time="5.422">
    <failure message="An element could not be located on the page using the given search parameters. (WARNING: The server did not provide any stacktrace information)&#10;Command duration or timeout: 0 milliseconds&#10;For documentation on this error, please visit: http://seleniumhq.org/exceptions/no_such_element.html&#10;Build info: version: &apos;3.9.1&apos;, revision: &apos;63f7b50&apos;, time: &apos;2018-02-07T22:25:02.294Z&apos;&#10;System info: host: &apos;KASHIFALI&apos;, ip: &apos;192.168.1.135&apos;, os.name: &apos;Windows 8.1&apos;, os.arch: &apos;amd64&apos;, os.version: &apos;6.3&apos;, java.version: &apos;1.8.0_25&apos;&#10;Driver info: io.appium.java_client.android.AndroidDriver&#10;Capabilities {app: D:\pliro-mobile-2.0\automat..., appActivity: com.pliro_mobile_2.SplashAc..., appPackage: com.aurora.pliro, automationName: UiAutomator2, deviceName: emulator-5554, javascriptEnabled: true, newCommandTimeout: 30, platform: ANDROID, platformName: ANDROID, platformVersion: 7.1.1}&#10;Session ID: 53f6dfe6-c93c-4343-b890-8e9ebbad1621&#10;*** Element info: {Using=-android uiautomator, value=new UiSelector().text(&quot;Doctor&quot;)}" type="org.openqa.selenium.NoSuchElementException">org.openqa.selenium.NoSuchElementException: 
An element could not be located on the page using the given search parameters. (WARNING: The server did not provide any stacktrace information)
Command duration or timeout: 0 milliseconds
For documentation on this error, please visit: http://seleniumhq.org/exceptions/no_such_element.html
Build info: version: '3.9.1', revision: '63f7b50', time: '2018-02-07T22:25:02.294Z'
System info: host: 'KASHIFALI', ip: '192.168.1.135', os.name: 'Windows 8.1', os.arch: 'amd64', os.version: '6.3', java.version: '1.8.0_25'
Driver info: io.appium.java_client.android.AndroidDriver
Capabilities {app: D:\pliro-mobile-2.0\automat..., appActivity: com.pliro_mobile_2.SplashAc..., appPackage: com.aurora.pliro, automationName: UiAutomator2, deviceName: emulator-5554, javascriptEnabled: true, newCommandTimeout: 30, platform: ANDROID, platformName: ANDROID, platformVersion: 7.1.1}
Session ID: 53f6dfe6-c93c-4343-b890-8e9ebbad1621
*** Element info: {Using=-android uiautomator, value=new UiSelector().text("Doctor")}
	at tests.RoleTests.isSearchFieldOnLocationPageVisible(RoleTests.java:24)
</failure>
  </testcase>
  <testcase name="searchRole" classname="tests.RoleTests" time="5.407">
    <failure message="An element could not be located on the page using the given search parameters. (WARNING: The server did not provide any stacktrace information)&#10;Command duration or timeout: 0 milliseconds&#10;For documentation on this error, please visit: http://seleniumhq.org/exceptions/no_such_element.html&#10;Build info: version: &apos;3.9.1&apos;, revision: &apos;63f7b50&apos;, time: &apos;2018-02-07T22:25:02.294Z&apos;&#10;System info: host: &apos;KASHIFALI&apos;, ip: &apos;192.168.1.135&apos;, os.name: &apos;Windows 8.1&apos;, os.arch: &apos;amd64&apos;, os.version: &apos;6.3&apos;, java.version: &apos;1.8.0_25&apos;&#10;Driver info: io.appium.java_client.android.AndroidDriver&#10;Capabilities {app: D:\pliro-mobile-2.0\automat..., appActivity: com.pliro_mobile_2.SplashAc..., appPackage: com.aurora.pliro, automationName: UiAutomator2, deviceName: emulator-5554, javascriptEnabled: true, newCommandTimeout: 30, platform: ANDROID, platformName: ANDROID, platformVersion: 7.1.1}&#10;Session ID: 53f6dfe6-c93c-4343-b890-8e9ebbad1621&#10;*** Element info: {Using=-android uiautomator, value=new UiSelector().text(&quot;Doctor&quot;)}" type="org.openqa.selenium.NoSuchElementException">org.openqa.selenium.NoSuchElementException: 
An element could not be located on the page using the given search parameters. (WARNING: The server did not provide any stacktrace information)
Command duration or timeout: 0 milliseconds
For documentation on this error, please visit: http://seleniumhq.org/exceptions/no_such_element.html
Build info: version: '3.9.1', revision: '63f7b50', time: '2018-02-07T22:25:02.294Z'
System info: host: 'KASHIFALI', ip: '192.168.1.135', os.name: 'Windows 8.1', os.arch: 'amd64', os.version: '6.3', java.version: '1.8.0_25'
Driver info: io.appium.java_client.android.AndroidDriver
Capabilities {app: D:\pliro-mobile-2.0\automat..., appActivity: com.pliro_mobile_2.SplashAc..., appPackage: com.aurora.pliro, automationName: UiAutomator2, deviceName: emulator-5554, javascriptEnabled: true, newCommandTimeout: 30, platform: ANDROID, platformName: ANDROID, platformVersion: 7.1.1}
Session ID: 53f6dfe6-c93c-4343-b890-8e9ebbad1621
*** Element info: {Using=-android uiautomator, value=new UiSelector().text("Doctor")}
	at tests.RoleTests.searchRole(RoleTests.java:30)
</failure>
  </testcase>
  <testcase name="isHealthCenterChangeLinkTextVisible" classname="tests.HealthCenterTests" time="5.429">
    <failure message="An element could not be located on the page using the given search parameters. (WARNING: The server did not provide any stacktrace information)&#10;Command duration or timeout: 0 milliseconds&#10;For documentation on this error, please visit: http://seleniumhq.org/exceptions/no_such_element.html&#10;Build info: version: &apos;3.9.1&apos;, revision: &apos;63f7b50&apos;, time: &apos;2018-02-07T22:25:02.294Z&apos;&#10;System info: host: &apos;KASHIFALI&apos;, ip: &apos;192.168.1.135&apos;, os.name: &apos;Windows 8.1&apos;, os.arch: &apos;amd64&apos;, os.version: &apos;6.3&apos;, java.version: &apos;1.8.0_25&apos;&#10;Driver info: io.appium.java_client.android.AndroidDriver&#10;Capabilities {app: D:\pliro-mobile-2.0\automat..., appActivity: com.pliro_mobile_2.SplashAc..., appPackage: com.aurora.pliro, automationName: UiAutomator2, deviceName: emulator-5554, javascriptEnabled: true, newCommandTimeout: 30, platform: ANDROID, platformName: ANDROID, platformVersion: 7.1.1}&#10;Session ID: 53f6dfe6-c93c-4343-b890-8e9ebbad1621&#10;*** Element info: {Using=xpath, value=/hierarchy/android.widget.FrameLayout/android.widget.LinearLayout/android.widget.FrameLayout/android.widget.LinearLayout/android.widget.FrameLayout/android.widget.RelativeLayout/android.widget.RelativeLayout/android.widget.FrameLayout/android.view.ViewGroup/android.view.ViewGroup[2]/android.view.ViewGroup/android.widget.TextView[2]}" type="org.openqa.selenium.NoSuchElementException">org.openqa.selenium.NoSuchElementException: 
An element could not be located on the page using the given search parameters. (WARNING: The server did not provide any stacktrace information)
Command duration or timeout: 0 milliseconds
For documentation on this error, please visit: http://seleniumhq.org/exceptions/no_such_element.html
Build info: version: '3.9.1', revision: '63f7b50', time: '2018-02-07T22:25:02.294Z'
System info: host: 'KASHIFALI', ip: '192.168.1.135', os.name: 'Windows 8.1', os.arch: 'amd64', os.version: '6.3', java.version: '1.8.0_25'
Driver info: io.appium.java_client.android.AndroidDriver
Capabilities {app: D:\pliro-mobile-2.0\automat..., appActivity: com.pliro_mobile_2.SplashAc..., appPackage: com.aurora.pliro, automationName: UiAutomator2, deviceName: emulator-5554, javascriptEnabled: true, newCommandTimeout: 30, platform: ANDROID, platformName: ANDROID, platformVersion: 7.1.1}
Session ID: 53f6dfe6-c93c-4343-b890-8e9ebbad1621
*** Element info: {Using=xpath, value=/hierarchy/android.widget.FrameLayout/android.widget.LinearLayout/android.widget.FrameLayout/android.widget.LinearLayout/android.widget.FrameLayout/android.widget.RelativeLayout/android.widget.RelativeLayout/android.widget.FrameLayout/android.view.ViewGroup/android.view.ViewGroup[2]/android.view.ViewGroup/android.widget.TextView[2]}
	at tests.HealthCenterTests.isHealthCenterChangeLinkTextVisible(HealthCenterTests.java:12)
</failure>
  </testcase>
  <testcase name="clickOnHCChangeDropDown" classname="tests.HealthCenterTests" time="5.468">
    <failure message="An element could not be located on the page using the given search parameters. (WARNING: The server did not provide any stacktrace information)&#10;Command duration or timeout: 0 milliseconds&#10;For documentation on this error, please visit: http://seleniumhq.org/exceptions/no_such_element.html&#10;Build info: version: &apos;3.9.1&apos;, revision: &apos;63f7b50&apos;, time: &apos;2018-02-07T22:25:02.294Z&apos;&#10;System info: host: &apos;KASHIFALI&apos;, ip: &apos;192.168.1.135&apos;, os.name: &apos;Windows 8.1&apos;, os.arch: &apos;amd64&apos;, os.version: &apos;6.3&apos;, java.version: &apos;1.8.0_25&apos;&#10;Driver info: io.appium.java_client.android.AndroidDriver&#10;Capabilities {app: D:\pliro-mobile-2.0\automat..., appActivity: com.pliro_mobile_2.SplashAc..., appPackage: com.aurora.pliro, automationName: UiAutomator2, deviceName: emulator-5554, javascriptEnabled: true, newCommandTimeout: 30, platform: ANDROID, platformName: ANDROID, platformVersion: 7.1.1}&#10;Session ID: 53f6dfe6-c93c-4343-b890-8e9ebbad1621&#10;*** Element info: {Using=xpath, value=/hierarchy/android.widget.FrameLayout/android.widget.LinearLayout/android.widget.FrameLayout/android.widget.LinearLayout/android.widget.FrameLayout/android.widget.RelativeLayout/android.widget.RelativeLayout/android.widget.FrameLayout/android.view.ViewGroup/android.view.ViewGroup[2]/android.view.ViewGroup/android.widget.TextView[2]}" type="org.openqa.selenium.NoSuchElementException">org.openqa.selenium.NoSuchElementException: 
An element could not be located on the page using the given search parameters. (WARNING: The server did not provide any stacktrace information)
Command duration or timeout: 0 milliseconds
For documentation on this error, please visit: http://seleniumhq.org/exceptions/no_such_element.html
Build info: version: '3.9.1', revision: '63f7b50', time: '2018-02-07T22:25:02.294Z'
System info: host: 'KASHIFALI', ip: '192.168.1.135', os.name: 'Windows 8.1', os.arch: 'amd64', os.version: '6.3', java.version: '1.8.0_25'
Driver info: io.appium.java_client.android.AndroidDriver
Capabilities {app: D:\pliro-mobile-2.0\automat..., appActivity: com.pliro_mobile_2.SplashAc..., appPackage: com.aurora.pliro, automationName: UiAutomator2, deviceName: emulator-5554, javascriptEnabled: true, newCommandTimeout: 30, platform: ANDROID, platformName: ANDROID, platformVersion: 7.1.1}
Session ID: 53f6dfe6-c93c-4343-b890-8e9ebbad1621
*** Element info: {Using=xpath, value=/hierarchy/android.widget.FrameLayout/android.widget.LinearLayout/android.widget.FrameLayout/android.widget.LinearLayout/android.widget.FrameLayout/android.widget.RelativeLayout/android.widget.RelativeLayout/android.widget.FrameLayout/android.view.ViewGroup/android.view.ViewGroup[2]/android.view.ViewGroup/android.widget.TextView[2]}
	at tests.HealthCenterTests.clickOnHCChangeDropDown(HealthCenterTests.java:18)
</failure>
  </testcase>
  <testcase name="isSearchFieldOnHCPageVisible" classname="tests.HealthCenterTests" time="5.364">
    <failure message="An element could not be located on the page using the given search parameters. (WARNING: The server did not provide any stacktrace information)&#10;Command duration or timeout: 0 milliseconds&#10;For documentation on this error, please visit: http://seleniumhq.org/exceptions/no_such_element.html&#10;Build info: version: &apos;3.9.1&apos;, revision: &apos;63f7b50&apos;, time: &apos;2018-02-07T22:25:02.294Z&apos;&#10;System info: host: &apos;KASHIFALI&apos;, ip: &apos;192.168.1.135&apos;, os.name: &apos;Windows 8.1&apos;, os.arch: &apos;amd64&apos;, os.version: &apos;6.3&apos;, java.version: &apos;1.8.0_25&apos;&#10;Driver info: io.appium.java_client.android.AndroidDriver&#10;Capabilities {app: D:\pliro-mobile-2.0\automat..., appActivity: com.pliro_mobile_2.SplashAc..., appPackage: com.aurora.pliro, automationName: UiAutomator2, deviceName: emulator-5554, javascriptEnabled: true, newCommandTimeout: 30, platform: ANDROID, platformName: ANDROID, platformVersion: 7.1.1}&#10;Session ID: 53f6dfe6-c93c-4343-b890-8e9ebbad1621&#10;*** Element info: {Using=-android uiautomator, value=new UiSelector().text(&quot;The Dental Consultants, Jinnah Super&quot;)}" type="org.openqa.selenium.NoSuchElementException">org.openqa.selenium.NoSuchElementException: 
An element could not be located on the page using the given search parameters. (WARNING: The server did not provide any stacktrace information)
Command duration or timeout: 0 milliseconds
For documentation on this error, please visit: http://seleniumhq.org/exceptions/no_such_element.html
Build info: version: '3.9.1', revision: '63f7b50', time: '2018-02-07T22:25:02.294Z'
System info: host: 'KASHIFALI', ip: '192.168.1.135', os.name: 'Windows 8.1', os.arch: 'amd64', os.version: '6.3', java.version: '1.8.0_25'
Driver info: io.appium.java_client.android.AndroidDriver
Capabilities {app: D:\pliro-mobile-2.0\automat..., appActivity: com.pliro_mobile_2.SplashAc..., appPackage: com.aurora.pliro, automationName: UiAutomator2, deviceName: emulator-5554, javascriptEnabled: true, newCommandTimeout: 30, platform: ANDROID, platformName: ANDROID, platformVersion: 7.1.1}
Session ID: 53f6dfe6-c93c-4343-b890-8e9ebbad1621
*** Element info: {Using=-android uiautomator, value=new UiSelector().text("The Dental Consultants, Jinnah Super")}
	at tests.HealthCenterTests.isSearchFieldOnHCPageVisible(HealthCenterTests.java:24)
</failure>
  </testcase>
  <testcase name="searchHC" classname="tests.HealthCenterTests" time="5.383">
    <failure message="An element could not be located on the page using the given search parameters. (WARNING: The server did not provide any stacktrace information)&#10;Command duration or timeout: 0 milliseconds&#10;For documentation on this error, please visit: http://seleniumhq.org/exceptions/no_such_element.html&#10;Build info: version: &apos;3.9.1&apos;, revision: &apos;63f7b50&apos;, time: &apos;2018-02-07T22:25:02.294Z&apos;&#10;System info: host: &apos;KASHIFALI&apos;, ip: &apos;192.168.1.135&apos;, os.name: &apos;Windows 8.1&apos;, os.arch: &apos;amd64&apos;, os.version: &apos;6.3&apos;, java.version: &apos;1.8.0_25&apos;&#10;Driver info: io.appium.java_client.android.AndroidDriver&#10;Capabilities {app: D:\pliro-mobile-2.0\automat..., appActivity: com.pliro_mobile_2.SplashAc..., appPackage: com.aurora.pliro, automationName: UiAutomator2, deviceName: emulator-5554, javascriptEnabled: true, newCommandTimeout: 30, platform: ANDROID, platformName: ANDROID, platformVersion: 7.1.1}&#10;Session ID: 53f6dfe6-c93c-4343-b890-8e9ebbad1621&#10;*** Element info: {Using=-android uiautomator, value=new UiSelector().text(&quot;The Dental Consultants, Jinnah Super&quot;)}" type="org.openqa.selenium.NoSuchElementException">org.openqa.selenium.NoSuchElementException: 
An element could not be located on the page using the given search parameters. (WARNING: The server did not provide any stacktrace information)
Command duration or timeout: 0 milliseconds
For documentation on this error, please visit: http://seleniumhq.org/exceptions/no_such_element.html
Build info: version: '3.9.1', revision: '63f7b50', time: '2018-02-07T22:25:02.294Z'
System info: host: 'KASHIFALI', ip: '192.168.1.135', os.name: 'Windows 8.1', os.arch: 'amd64', os.version: '6.3', java.version: '1.8.0_25'
Driver info: io.appium.java_client.android.AndroidDriver
Capabilities {app: D:\pliro-mobile-2.0\automat..., appActivity: com.pliro_mobile_2.SplashAc..., appPackage: com.aurora.pliro, automationName: UiAutomator2, deviceName: emulator-5554, javascriptEnabled: true, newCommandTimeout: 30, platform: ANDROID, platformName: ANDROID, platformVersion: 7.1.1}
Session ID: 53f6dfe6-c93c-4343-b890-8e9ebbad1621
*** Element info: {Using=-android uiautomator, value=new UiSelector().text("The Dental Consultants, Jinnah Super")}
	at tests.HealthCenterTests.searchHC(HealthCenterTests.java:30)
</failure>
  </testcase>
  <testcase name="selectPendingAppointments" classname="tests.PendingTests" time="15.854">
    <failure message="No Pending Appointment" type="java.lang.AssertionError">java.lang.AssertionError: No Pending Appointment
	at tests.PendingTests.selectPendingAppointments(PendingTests.java:11)
</failure>
    <system-out><![CDATA[getNoPending() :: elementExist() ::  false
]]></system-out>
  </testcase>
  <testcase name="isRescheduleLinkTextVisible" classname="tests.PendingTests" time="10.749">
    <failure message="An element could not be located on the page using the given search parameters. (WARNING: The server did not provide any stacktrace information)&#10;Command duration or timeout: 0 milliseconds&#10;For documentation on this error, please visit: http://seleniumhq.org/exceptions/no_such_element.html&#10;Build info: version: &apos;3.9.1&apos;, revision: &apos;63f7b50&apos;, time: &apos;2018-02-07T22:25:02.294Z&apos;&#10;System info: host: &apos;KASHIFALI&apos;, ip: &apos;192.168.1.135&apos;, os.name: &apos;Windows 8.1&apos;, os.arch: &apos;amd64&apos;, os.version: &apos;6.3&apos;, java.version: &apos;1.8.0_25&apos;&#10;Driver info: io.appium.java_client.android.AndroidDriver&#10;Capabilities {app: D:\pliro-mobile-2.0\automat..., appActivity: com.pliro_mobile_2.SplashAc..., appPackage: com.aurora.pliro, automationName: UiAutomator2, deviceName: emulator-5554, javascriptEnabled: true, newCommandTimeout: 30, platform: ANDROID, platformName: ANDROID, platformVersion: 7.1.1}&#10;Session ID: 53f6dfe6-c93c-4343-b890-8e9ebbad1621&#10;*** Element info: {Using=-android uiautomator, value=new UiSelector().text(&quot;Reschedule&quot;)}" type="org.openqa.selenium.NoSuchElementException">org.openqa.selenium.NoSuchElementException: 
An element could not be located on the page using the given search parameters. (WARNING: The server did not provide any stacktrace information)
Command duration or timeout: 0 milliseconds
For documentation on this error, please visit: http://seleniumhq.org/exceptions/no_such_element.html
Build info: version: '3.9.1', revision: '63f7b50', time: '2018-02-07T22:25:02.294Z'
System info: host: 'KASHIFALI', ip: '192.168.1.135', os.name: 'Windows 8.1', os.arch: 'amd64', os.version: '6.3', java.version: '1.8.0_25'
Driver info: io.appium.java_client.android.AndroidDriver
Capabilities {app: D:\pliro-mobile-2.0\automat..., appActivity: com.pliro_mobile_2.SplashAc..., appPackage: com.aurora.pliro, automationName: UiAutomator2, deviceName: emulator-5554, javascriptEnabled: true, newCommandTimeout: 30, platform: ANDROID, platformName: ANDROID, platformVersion: 7.1.1}
Session ID: 53f6dfe6-c93c-4343-b890-8e9ebbad1621
*** Element info: {Using=-android uiautomator, value=new UiSelector().text("Reschedule")}
	at tests.PendingTests.isRescheduleLinkTextVisible(PendingTests.java:17)
</failure>
  </testcase>
  <testcase name="isDeclineLinkTextVisible" classname="tests.PendingTests" time="10.723">
    <failure message="An element could not be located on the page using the given search parameters. (WARNING: The server did not provide any stacktrace information)&#10;Command duration or timeout: 0 milliseconds&#10;For documentation on this error, please visit: http://seleniumhq.org/exceptions/no_such_element.html&#10;Build info: version: &apos;3.9.1&apos;, revision: &apos;63f7b50&apos;, time: &apos;2018-02-07T22:25:02.294Z&apos;&#10;System info: host: &apos;KASHIFALI&apos;, ip: &apos;192.168.1.135&apos;, os.name: &apos;Windows 8.1&apos;, os.arch: &apos;amd64&apos;, os.version: &apos;6.3&apos;, java.version: &apos;1.8.0_25&apos;&#10;Driver info: io.appium.java_client.android.AndroidDriver&#10;Capabilities {app: D:\pliro-mobile-2.0\automat..., appActivity: com.pliro_mobile_2.SplashAc..., appPackage: com.aurora.pliro, automationName: UiAutomator2, deviceName: emulator-5554, javascriptEnabled: true, newCommandTimeout: 30, platform: ANDROID, platformName: ANDROID, platformVersion: 7.1.1}&#10;Session ID: 53f6dfe6-c93c-4343-b890-8e9ebbad1621&#10;*** Element info: {Using=-android uiautomator, value=new UiSelector().text(&quot;Decline&quot;)}" type="org.openqa.selenium.NoSuchElementException">org.openqa.selenium.NoSuchElementException: 
An element could not be located on the page using the given search parameters. (WARNING: The server did not provide any stacktrace information)
Command duration or timeout: 0 milliseconds
For documentation on this error, please visit: http://seleniumhq.org/exceptions/no_such_element.html
Build info: version: '3.9.1', revision: '63f7b50', time: '2018-02-07T22:25:02.294Z'
System info: host: 'KASHIFALI', ip: '192.168.1.135', os.name: 'Windows 8.1', os.arch: 'amd64', os.version: '6.3', java.version: '1.8.0_25'
Driver info: io.appium.java_client.android.AndroidDriver
Capabilities {app: D:\pliro-mobile-2.0\automat..., appActivity: com.pliro_mobile_2.SplashAc..., appPackage: com.aurora.pliro, automationName: UiAutomator2, deviceName: emulator-5554, javascriptEnabled: true, newCommandTimeout: 30, platform: ANDROID, platformName: ANDROID, platformVersion: 7.1.1}
Session ID: 53f6dfe6-c93c-4343-b890-8e9ebbad1621
*** Element info: {Using=-android uiautomator, value=new UiSelector().text("Decline")}
	at tests.PendingTests.isDeclineLinkTextVisible(PendingTests.java:23)
</failure>
  </testcase>
  <testcase name="isConfirmLinkTextVisible" classname="tests.PendingTests" time="10.706">
    <failure message="An element could not be located on the page using the given search parameters. (WARNING: The server did not provide any stacktrace information)&#10;Command duration or timeout: 0 milliseconds&#10;For documentation on this error, please visit: http://seleniumhq.org/exceptions/no_such_element.html&#10;Build info: version: &apos;3.9.1&apos;, revision: &apos;63f7b50&apos;, time: &apos;2018-02-07T22:25:02.294Z&apos;&#10;System info: host: &apos;KASHIFALI&apos;, ip: &apos;192.168.1.135&apos;, os.name: &apos;Windows 8.1&apos;, os.arch: &apos;amd64&apos;, os.version: &apos;6.3&apos;, java.version: &apos;1.8.0_25&apos;&#10;Driver info: io.appium.java_client.android.AndroidDriver&#10;Capabilities {app: D:\pliro-mobile-2.0\automat..., appActivity: com.pliro_mobile_2.SplashAc..., appPackage: com.aurora.pliro, automationName: UiAutomator2, deviceName: emulator-5554, javascriptEnabled: true, newCommandTimeout: 30, platform: ANDROID, platformName: ANDROID, platformVersion: 7.1.1}&#10;Session ID: 53f6dfe6-c93c-4343-b890-8e9ebbad1621&#10;*** Element info: {Using=-android uiautomator, value=new UiSelector().text(&quot;Confirm&quot;)}" type="org.openqa.selenium.NoSuchElementException">org.openqa.selenium.NoSuchElementException: 
An element could not be located on the page using the given search parameters. (WARNING: The server did not provide any stacktrace information)
Command duration or timeout: 0 milliseconds
For documentation on this error, please visit: http://seleniumhq.org/exceptions/no_such_element.html
Build info: version: '3.9.1', revision: '63f7b50', time: '2018-02-07T22:25:02.294Z'
System info: host: 'KASHIFALI', ip: '192.168.1.135', os.name: 'Windows 8.1', os.arch: 'amd64', os.version: '6.3', java.version: '1.8.0_25'
Driver info: io.appium.java_client.android.AndroidDriver
Capabilities {app: D:\pliro-mobile-2.0\automat..., appActivity: com.pliro_mobile_2.SplashAc..., appPackage: com.aurora.pliro, automationName: UiAutomator2, deviceName: emulator-5554, javascriptEnabled: true, newCommandTimeout: 30, platform: ANDROID, platformName: ANDROID, platformVersion: 7.1.1}
Session ID: 53f6dfe6-c93c-4343-b890-8e9ebbad1621
*** Element info: {Using=-android uiautomator, value=new UiSelector().text("Confirm")}
	at tests.PendingTests.isConfirmLinkTextVisible(PendingTests.java:29)
</failure>
  </testcase>
  <testcase name="clickOnDeclineLinkText" classname="tests.AppointmentDeclineTests" time="10.718">
    <failure message="An element could not be located on the page using the given search parameters. (WARNING: The server did not provide any stacktrace information)&#10;Command duration or timeout: 0 milliseconds&#10;For documentation on this error, please visit: http://seleniumhq.org/exceptions/no_such_element.html&#10;Build info: version: &apos;3.9.1&apos;, revision: &apos;63f7b50&apos;, time: &apos;2018-02-07T22:25:02.294Z&apos;&#10;System info: host: &apos;KASHIFALI&apos;, ip: &apos;192.168.1.135&apos;, os.name: &apos;Windows 8.1&apos;, os.arch: &apos;amd64&apos;, os.version: &apos;6.3&apos;, java.version: &apos;1.8.0_25&apos;&#10;Driver info: io.appium.java_client.android.AndroidDriver&#10;Capabilities {app: D:\pliro-mobile-2.0\automat..., appActivity: com.pliro_mobile_2.SplashAc..., appPackage: com.aurora.pliro, automationName: UiAutomator2, deviceName: emulator-5554, javascriptEnabled: true, newCommandTimeout: 30, platform: ANDROID, platformName: ANDROID, platformVersion: 7.1.1}&#10;Session ID: 53f6dfe6-c93c-4343-b890-8e9ebbad1621&#10;*** Element info: {Using=-android uiautomator, value=new UiSelector().text(&quot;Decline&quot;)}" type="org.openqa.selenium.NoSuchElementException">org.openqa.selenium.NoSuchElementException: 
An element could not be located on the page using the given search parameters. (WARNING: The server did not provide any stacktrace information)
Command duration or timeout: 0 milliseconds
For documentation on this error, please visit: http://seleniumhq.org/exceptions/no_such_element.html
Build info: version: '3.9.1', revision: '63f7b50', time: '2018-02-07T22:25:02.294Z'
System info: host: 'KASHIFALI', ip: '192.168.1.135', os.name: 'Windows 8.1', os.arch: 'amd64', os.version: '6.3', java.version: '1.8.0_25'
Driver info: io.appium.java_client.android.AndroidDriver
Capabilities {app: D:\pliro-mobile-2.0\automat..., appActivity: com.pliro_mobile_2.SplashAc..., appPackage: com.aurora.pliro, automationName: UiAutomator2, deviceName: emulator-5554, javascriptEnabled: true, newCommandTimeout: 30, platform: ANDROID, platformName: ANDROID, platformVersion: 7.1.1}
Session ID: 53f6dfe6-c93c-4343-b890-8e9ebbad1621
*** Element info: {Using=-android uiautomator, value=new UiSelector().text("Decline")}
	at tests.AppointmentDeclineTests.clickOnDeclineLinkText(AppointmentDeclineTests.java:12)
</failure>
  </testcase>
  <testcase name="isConfirmDeclineAppointmentTextVisible" classname="tests.AppointmentDeclineTests" time="0">
    <skipped/>
  </testcase>
  <testcase name="isCancelTextVisible" classname="tests.AppointmentDeclineTests" time="0">
    <skipped/>
  </testcase>
  <testcase name="isOkTextVisible" classname="tests.AppointmentDeclineTests" time="0">
    <skipped/>
  </testcase>
  <testcase name="clickOnCancelLinkText" classname="tests.AppointmentDeclineTests" time="0">
    <skipped/>
  </testcase>
  <testcase name="clickOnDeclineOklLinkText" classname="tests.AppointmentDeclineTests" time="0">
    <skipped/>
  </testcase>
  <testcase name="clickOnConfirmLinkText" classname="tests.AppointmentConfirmTests" time="10.683">
    <failure message="An element could not be located on the page using the given search parameters. (WARNING: The server did not provide any stacktrace information)&#10;Command duration or timeout: 0 milliseconds&#10;For documentation on this error, please visit: http://seleniumhq.org/exceptions/no_such_element.html&#10;Build info: version: &apos;3.9.1&apos;, revision: &apos;63f7b50&apos;, time: &apos;2018-02-07T22:25:02.294Z&apos;&#10;System info: host: &apos;KASHIFALI&apos;, ip: &apos;192.168.1.135&apos;, os.name: &apos;Windows 8.1&apos;, os.arch: &apos;amd64&apos;, os.version: &apos;6.3&apos;, java.version: &apos;1.8.0_25&apos;&#10;Driver info: io.appium.java_client.android.AndroidDriver&#10;Capabilities {app: D:\pliro-mobile-2.0\automat..., appActivity: com.pliro_mobile_2.SplashAc..., appPackage: com.aurora.pliro, automationName: UiAutomator2, deviceName: emulator-5554, javascriptEnabled: true, newCommandTimeout: 30, platform: ANDROID, platformName: ANDROID, platformVersion: 7.1.1}&#10;Session ID: 53f6dfe6-c93c-4343-b890-8e9ebbad1621&#10;*** Element info: {Using=-android uiautomator, value=new UiSelector().text(&quot;Confirm&quot;)}" type="org.openqa.selenium.NoSuchElementException">org.openqa.selenium.NoSuchElementException: 
An element could not be located on the page using the given search parameters. (WARNING: The server did not provide any stacktrace information)
Command duration or timeout: 0 milliseconds
For documentation on this error, please visit: http://seleniumhq.org/exceptions/no_such_element.html
Build info: version: '3.9.1', revision: '63f7b50', time: '2018-02-07T22:25:02.294Z'
System info: host: 'KASHIFALI', ip: '192.168.1.135', os.name: 'Windows 8.1', os.arch: 'amd64', os.version: '6.3', java.version: '1.8.0_25'
Driver info: io.appium.java_client.android.AndroidDriver
Capabilities {app: D:\pliro-mobile-2.0\automat..., appActivity: com.pliro_mobile_2.SplashAc..., appPackage: com.aurora.pliro, automationName: UiAutomator2, deviceName: emulator-5554, javascriptEnabled: true, newCommandTimeout: 30, platform: ANDROID, platformName: ANDROID, platformVersion: 7.1.1}
Session ID: 53f6dfe6-c93c-4343-b890-8e9ebbad1621
*** Element info: {Using=-android uiautomator, value=new UiSelector().text("Confirm")}
	at tests.AppointmentConfirmTests.clickOnConfirmLinkText(AppointmentConfirmTests.java:15)
</failure>
  </testcase>
  <testcase name="isConfirmAppointmentTextVisible" classname="tests.AppointmentConfirmTests" time="10.654">
    <failure message="An element could not be located on the page using the given search parameters. (WARNING: The server did not provide any stacktrace information)&#10;Command duration or timeout: 0 milliseconds&#10;For documentation on this error, please visit: http://seleniumhq.org/exceptions/no_such_element.html&#10;Build info: version: &apos;3.9.1&apos;, revision: &apos;63f7b50&apos;, time: &apos;2018-02-07T22:25:02.294Z&apos;&#10;System info: host: &apos;KASHIFALI&apos;, ip: &apos;192.168.1.135&apos;, os.name: &apos;Windows 8.1&apos;, os.arch: &apos;amd64&apos;, os.version: &apos;6.3&apos;, java.version: &apos;1.8.0_25&apos;&#10;Driver info: io.appium.java_client.android.AndroidDriver&#10;Capabilities {app: D:\pliro-mobile-2.0\automat..., appActivity: com.pliro_mobile_2.SplashAc..., appPackage: com.aurora.pliro, automationName: UiAutomator2, deviceName: emulator-5554, javascriptEnabled: true, newCommandTimeout: 30, platform: ANDROID, platformName: ANDROID, platformVersion: 7.1.1}&#10;Session ID: 53f6dfe6-c93c-4343-b890-8e9ebbad1621&#10;*** Element info: {Using=-android uiautomator, value=new UiSelector().text(&quot;Confirm Appointment&quot;)}" type="org.openqa.selenium.NoSuchElementException">org.openqa.selenium.NoSuchElementException: 
An element could not be located on the page using the given search parameters. (WARNING: The server did not provide any stacktrace information)
Command duration or timeout: 0 milliseconds
For documentation on this error, please visit: http://seleniumhq.org/exceptions/no_such_element.html
Build info: version: '3.9.1', revision: '63f7b50', time: '2018-02-07T22:25:02.294Z'
System info: host: 'KASHIFALI', ip: '192.168.1.135', os.name: 'Windows 8.1', os.arch: 'amd64', os.version: '6.3', java.version: '1.8.0_25'
Driver info: io.appium.java_client.android.AndroidDriver
Capabilities {app: D:\pliro-mobile-2.0\automat..., appActivity: com.pliro_mobile_2.SplashAc..., appPackage: com.aurora.pliro, automationName: UiAutomator2, deviceName: emulator-5554, javascriptEnabled: true, newCommandTimeout: 30, platform: ANDROID, platformName: ANDROID, platformVersion: 7.1.1}
Session ID: 53f6dfe6-c93c-4343-b890-8e9ebbad1621
*** Element info: {Using=-android uiautomator, value=new UiSelector().text("Confirm Appointment")}
	at tests.AppointmentConfirmTests.isConfirmAppointmentTextVisible(AppointmentConfirmTests.java:20)
</failure>
  </testcase>
  <testcase name="isCancelTextVisible" classname="tests.AppointmentConfirmTests" time="0">
    <skipped/>
  </testcase>
  <testcase name="isOkTextVisible" classname="tests.AppointmentConfirmTests" time="0">
    <skipped/>
  </testcase>
  <testcase name="clickOnCancelLinkText" classname="tests.AppointmentConfirmTests" time="0">
    <skipped/>
  </testcase>
  <testcase name="clickOnCancelOklLinkText" classname="tests.AppointmentConfirmTests" time="0">
    <skipped/>
  </testcase>
  <testcase name="clickOnRescheduleCancelLinkText" classname="tests.AppointmentRescheduleTests" time="15.839">
    <failure message="An element could not be located on the page using the given search parameters. (WARNING: The server did not provide any stacktrace information)&#10;Command duration or timeout: 0 milliseconds&#10;For documentation on this error, please visit: http://seleniumhq.org/exceptions/no_such_element.html&#10;Build info: version: &apos;3.9.1&apos;, revision: &apos;63f7b50&apos;, time: &apos;2018-02-07T22:25:02.294Z&apos;&#10;System info: host: &apos;KASHIFALI&apos;, ip: &apos;192.168.1.135&apos;, os.name: &apos;Windows 8.1&apos;, os.arch: &apos;amd64&apos;, os.version: &apos;6.3&apos;, java.version: &apos;1.8.0_25&apos;&#10;Driver info: io.appium.java_client.android.AndroidDriver&#10;Capabilities {app: D:\pliro-mobile-2.0\automat..., appActivity: com.pliro_mobile_2.SplashAc..., appPackage: com.aurora.pliro, automationName: UiAutomator2, deviceName: emulator-5554, javascriptEnabled: true, newCommandTimeout: 30, platform: ANDROID, platformName: ANDROID, platformVersion: 7.1.1}&#10;Session ID: 53f6dfe6-c93c-4343-b890-8e9ebbad1621&#10;*** Element info: {Using=-android uiautomator, value=new UiSelector().text(&quot;Reschedule&quot;)}" type="org.openqa.selenium.NoSuchElementException">org.openqa.selenium.NoSuchElementException: 
An element could not be located on the page using the given search parameters. (WARNING: The server did not provide any stacktrace information)
Command duration or timeout: 0 milliseconds
For documentation on this error, please visit: http://seleniumhq.org/exceptions/no_such_element.html
Build info: version: '3.9.1', revision: '63f7b50', time: '2018-02-07T22:25:02.294Z'
System info: host: 'KASHIFALI', ip: '192.168.1.135', os.name: 'Windows 8.1', os.arch: 'amd64', os.version: '6.3', java.version: '1.8.0_25'
Driver info: io.appium.java_client.android.AndroidDriver
Capabilities {app: D:\pliro-mobile-2.0\automat..., appActivity: com.pliro_mobile_2.SplashAc..., appPackage: com.aurora.pliro, automationName: UiAutomator2, deviceName: emulator-5554, javascriptEnabled: true, newCommandTimeout: 30, platform: ANDROID, platformName: ANDROID, platformVersion: 7.1.1}
Session ID: 53f6dfe6-c93c-4343-b890-8e9ebbad1621
*** Element info: {Using=-android uiautomator, value=new UiSelector().text("Reschedule")}
	at tests.AppointmentRescheduleTests.clickOnRescheduleCancelLinkText(AppointmentRescheduleTests.java:21)
</failure>
  </testcase>
  <testcase name="clickOnRescheduleConfirmLinkText" classname="tests.AppointmentRescheduleTests" time="16.03">
    <failure message="An element could not be located on the page using the given search parameters. (WARNING: The server did not provide any stacktrace information)&#10;Command duration or timeout: 0 milliseconds&#10;For documentation on this error, please visit: http://seleniumhq.org/exceptions/no_such_element.html&#10;Build info: version: &apos;3.9.1&apos;, revision: &apos;63f7b50&apos;, time: &apos;2018-02-07T22:25:02.294Z&apos;&#10;System info: host: &apos;KASHIFALI&apos;, ip: &apos;192.168.1.135&apos;, os.name: &apos;Windows 8.1&apos;, os.arch: &apos;amd64&apos;, os.version: &apos;6.3&apos;, java.version: &apos;1.8.0_25&apos;&#10;Driver info: io.appium.java_client.android.AndroidDriver&#10;Capabilities {app: D:\pliro-mobile-2.0\automat..., appActivity: com.pliro_mobile_2.SplashAc..., appPackage: com.aurora.pliro, automationName: UiAutomator2, deviceName: emulator-5554, javascriptEnabled: true, newCommandTimeout: 30, platform: ANDROID, platformName: ANDROID, platformVersion: 7.1.1}&#10;Session ID: 53f6dfe6-c93c-4343-b890-8e9ebbad1621&#10;*** Element info: {Using=-android uiautomator, value=new UiSelector().text(&quot;Reschedule&quot;)}" type="org.openqa.selenium.NoSuchElementException">org.openqa.selenium.NoSuchElementException: 
An element could not be located on the page using the given search parameters. (WARNING: The server did not provide any stacktrace information)
Command duration or timeout: 0 milliseconds
For documentation on this error, please visit: http://seleniumhq.org/exceptions/no_such_element.html
Build info: version: '3.9.1', revision: '63f7b50', time: '2018-02-07T22:25:02.294Z'
System info: host: 'KASHIFALI', ip: '192.168.1.135', os.name: 'Windows 8.1', os.arch: 'amd64', os.version: '6.3', java.version: '1.8.0_25'
Driver info: io.appium.java_client.android.AndroidDriver
Capabilities {app: D:\pliro-mobile-2.0\automat..., appActivity: com.pliro_mobile_2.SplashAc..., appPackage: com.aurora.pliro, automationName: UiAutomator2, deviceName: emulator-5554, javascriptEnabled: true, newCommandTimeout: 30, platform: ANDROID, platformName: ANDROID, platformVersion: 7.1.1}
Session ID: 53f6dfe6-c93c-4343-b890-8e9ebbad1621
*** Element info: {Using=-android uiautomator, value=new UiSelector().text("Reschedule")}
	at tests.AppointmentRescheduleTests.clickOnRescheduleConfirmLinkText(AppointmentRescheduleTests.java:39)
</failure>
  </testcase>
  <testcase name="clickonsettingsText" classname="tests.DoctorSettingsPageTests" time="5.407">
    <failure message="An element could not be located on the page using the given search parameters. (WARNING: The server did not provide any stacktrace information)&#10;Command duration or timeout: 0 milliseconds&#10;For documentation on this error, please visit: http://seleniumhq.org/exceptions/no_such_element.html&#10;Build info: version: &apos;3.9.1&apos;, revision: &apos;63f7b50&apos;, time: &apos;2018-02-07T22:25:02.294Z&apos;&#10;System info: host: &apos;KASHIFALI&apos;, ip: &apos;192.168.1.135&apos;, os.name: &apos;Windows 8.1&apos;, os.arch: &apos;amd64&apos;, os.version: &apos;6.3&apos;, java.version: &apos;1.8.0_25&apos;&#10;Driver info: io.appium.java_client.android.AndroidDriver&#10;Capabilities {app: D:\pliro-mobile-2.0\automat..., appActivity: com.pliro_mobile_2.SplashAc..., appPackage: com.aurora.pliro, automationName: UiAutomator2, deviceName: emulator-5554, javascriptEnabled: true, newCommandTimeout: 30, platform: ANDROID, platformName: ANDROID, platformVersion: 7.1.1}&#10;Session ID: 53f6dfe6-c93c-4343-b890-8e9ebbad1621&#10;*** Element info: {Using=xpath, value=/hierarchy/android.widget.FrameLayout/android.widget.LinearLayout/android.widget.FrameLayout/android.widget.LinearLayout/android.widget.FrameLayout/android.widget.RelativeLayout/android.widget.FrameLayout/android.widget.LinearLayout/android.widget.FrameLayout[4]/android.widget.ImageView}" type="org.openqa.selenium.NoSuchElementException">org.openqa.selenium.NoSuchElementException: 
An element could not be located on the page using the given search parameters. (WARNING: The server did not provide any stacktrace information)
Command duration or timeout: 0 milliseconds
For documentation on this error, please visit: http://seleniumhq.org/exceptions/no_such_element.html
Build info: version: '3.9.1', revision: '63f7b50', time: '2018-02-07T22:25:02.294Z'
System info: host: 'KASHIFALI', ip: '192.168.1.135', os.name: 'Windows 8.1', os.arch: 'amd64', os.version: '6.3', java.version: '1.8.0_25'
Driver info: io.appium.java_client.android.AndroidDriver
Capabilities {app: D:\pliro-mobile-2.0\automat..., appActivity: com.pliro_mobile_2.SplashAc..., appPackage: com.aurora.pliro, automationName: UiAutomator2, deviceName: emulator-5554, javascriptEnabled: true, newCommandTimeout: 30, platform: ANDROID, platformName: ANDROID, platformVersion: 7.1.1}
Session ID: 53f6dfe6-c93c-4343-b890-8e9ebbad1621
*** Element info: {Using=xpath, value=/hierarchy/android.widget.FrameLayout/android.widget.LinearLayout/android.widget.FrameLayout/android.widget.LinearLayout/android.widget.FrameLayout/android.widget.RelativeLayout/android.widget.FrameLayout/android.widget.LinearLayout/android.widget.FrameLayout[4]/android.widget.ImageView}
	at tests.DoctorSettingsPageTests.clickonsettingsText(DoctorSettingsPageTests.java:15)
</failure>
  </testcase>
  <testcase name="findLogoutText" classname="tests.DoctorSettingsPageTests" time="5.577">
    <failure message="An element could not be located on the page using the given search parameters. (WARNING: The server did not provide any stacktrace information)&#10;Command duration or timeout: 0 milliseconds&#10;For documentation on this error, please visit: http://seleniumhq.org/exceptions/no_such_element.html&#10;Build info: version: &apos;3.9.1&apos;, revision: &apos;63f7b50&apos;, time: &apos;2018-02-07T22:25:02.294Z&apos;&#10;System info: host: &apos;KASHIFALI&apos;, ip: &apos;192.168.1.135&apos;, os.name: &apos;Windows 8.1&apos;, os.arch: &apos;amd64&apos;, os.version: &apos;6.3&apos;, java.version: &apos;1.8.0_25&apos;&#10;Driver info: io.appium.java_client.android.AndroidDriver&#10;Capabilities {app: D:\pliro-mobile-2.0\automat..., appActivity: com.pliro_mobile_2.SplashAc..., appPackage: com.aurora.pliro, automationName: UiAutomator2, deviceName: emulator-5554, javascriptEnabled: true, newCommandTimeout: 30, platform: ANDROID, platformName: ANDROID, platformVersion: 7.1.1}&#10;Session ID: 53f6dfe6-c93c-4343-b890-8e9ebbad1621&#10;*** Element info: {Using=-android uiautomator, value=new UiSelector().text(&quot;Logout&quot;)}" type="org.openqa.selenium.NoSuchElementException">org.openqa.selenium.NoSuchElementException: 
An element could not be located on the page using the given search parameters. (WARNING: The server did not provide any stacktrace information)
Command duration or timeout: 0 milliseconds
For documentation on this error, please visit: http://seleniumhq.org/exceptions/no_such_element.html
Build info: version: '3.9.1', revision: '63f7b50', time: '2018-02-07T22:25:02.294Z'
[...]
Session ID: 53f6dfe6-c93c-4343-b890-8e9ebbad1621
*** Element info: {Using=-android uiautomator, value=new UiSelector().text("Search Diagnostic")}
	at tests.PublicViewAppointmentTests.isSearchDiagnosticLinkTextVisible(PublicViewAppointmentTests.java:29)
</failure>
  </testcase>
  <testcase name="isTapToSelectLinkTextVisible" classname="tests.PublicViewAppointmentTests" time="5.328">
    <failure message="An element could not be located on the page using the given search parameters. (WARNING: The server did not provide any stacktrace information)&#10;Command duration or timeout: 0 milliseconds&#10;For documentation on this error, please visit: http://seleniumhq.org/exceptions/no_such_element.html&#10;Build info: version: &apos;3.9.1&apos;, revision: &apos;63f7b50&apos;, time: &apos;2018-02-07T22:25:02.294Z&apos;&#10;System info: host: &apos;KASHIFALI&apos;, ip: &apos;192.168.1.135&apos;, os.name: &apos;Windows 8.1&apos;, os.arch: &apos;amd64&apos;, os.version: &apos;6.3&apos;, java.version: &apos;1.8.0_25&apos;&#10;Driver info: io.appium.java_client.android.AndroidDriver&#10;Capabilities {app: D:\pliro-mobile-2.0\automat..., appActivity: com.pliro_mobile_2.SplashAc..., appPackage: com.aurora.pliro, automationName: UiAutomator2, deviceName: emulator-5554, javascriptEnabled: true, newCommandTimeout: 30, platform: ANDROID, platformName: ANDROID, platformVersion: 7.1.1}&#10;Session ID: 53f6dfe6-c93c-4343-b890-8e9ebbad1621&#10;*** Element info: {Using=-android uiautomator, value=new UiSelector().text(&quot;Specialty, doctor, or health center&quot;)}" type="org.openqa.selenium.NoSuchElementException">org.openqa.selenium.NoSuchElementException: 
An element could not be located on the page using the given search parameters. (WARNING: The server did not provide any stacktrace information)
Command duration or timeout: 0 milliseconds
For documentation on this error, please visit: http://seleniumhq.org/exceptions/no_such_element.html
Build info: version: '3.9.1', revision: '63f7b50', time: '2018-02-07T22:25:02.294Z'
System info: host: 'KASHIFALI', ip: '192.168.1.135', os.name: 'Windows 8.1', os.arch: 'amd64', os.version: '6.3', java.version: '1.8.0_25'
Driver info: io.appium.java_client.android.AndroidDriver
Capabilities {app: D:\pliro-mobile-2.0\automat..., appActivity: com.pliro_mobile_2.SplashAc..., appPackage: com.aurora.pliro, automationName: UiAutomator2, deviceName: emulator-5554, javascriptEnabled: true, newCommandTimeout: 30, platform: ANDROID, platformName: ANDROID, platformVersion: 7.1.1}
Session ID: 53f6dfe6-c93c-4343-b890-8e9ebbad1621
*** Element info: {Using=-android uiautomator, value=new UiSelector().text("Specialty, doctor, or health center")}
	at tests.PublicViewAppointmentTests.isTapToSelectLinkTextVisible(PublicViewAppointmentTests.java:36)
</failure>
  </testcase>
  <testcase name="isSelectionLocationLinkTextVisible" classname="tests.PublicViewAppointmentTests" time="5.26">
    <failure message="An element could not be located on the page using the given search parameters. (WARNING: The server did not provide any stacktrace information)&#10;Command duration or timeout: 0 milliseconds&#10;For documentation on this error, please visit: http://seleniumhq.org/exceptions/no_such_element.html&#10;Build info: version: &apos;3.9.1&apos;, revision: &apos;63f7b50&apos;, time: &apos;2018-02-07T22:25:02.294Z&apos;&#10;System info: host: &apos;KASHIFALI&apos;, ip: &apos;192.168.1.135&apos;, os.name: &apos;Windows 8.1&apos;, os.arch: &apos;amd64&apos;, os.version: &apos;6.3&apos;, java.version: &apos;1.8.0_25&apos;&#10;Driver info: io.appium.java_client.android.AndroidDriver&#10;Capabilities {app: D:\pliro-mobile-2.0\automat..., appActivity: com.pliro_mobile_2.SplashAc..., appPackage: com.aurora.pliro, automationName: UiAutomator2, deviceName: emulator-5554, javascriptEnabled: true, newCommandTimeout: 30, platform: ANDROID, platformName: ANDROID, platformVersion: 7.1.1}&#10;Session ID: 53f6dfe6-c93c-4343-b890-8e9ebbad1621&#10;*** Element info: {Using=-android uiautomator, value=new UiSelector().text(&quot;Select location&quot;)}" type="org.openqa.selenium.NoSuchElementException">org.openqa.selenium.NoSuchElementException: 
An element could not be located on the page using the given search parameters. (WARNING: The server did not provide any stacktrace information)
Command duration or timeout: 0 milliseconds
For documentation on this error, please visit: http://seleniumhq.org/exceptions/no_such_element.html
Build info: version: '3.9.1', revision: '63f7b50', time: '2018-02-07T22:25:02.294Z'
System info: host: 'KASHIFALI', ip: '192.168.1.135', os.name: 'Windows 8.1', os.arch: 'amd64', os.version: '6.3', java.version: '1.8.0_25'
Driver info: io.appium.java_client.android.AndroidDriver
Capabilities {app: D:\pliro-mobile-2.0\automat..., appActivity: com.pliro_mobile_2.SplashAc..., appPackage: com.aurora.pliro, automationName: UiAutomator2, deviceName: emulator-5554, javascriptEnabled: true, newCommandTimeout: 30, platform: ANDROID, platformName: ANDROID, platformVersion: 7.1.1}
Session ID: 53f6dfe6-c93c-4343-b890-8e9ebbad1621
*** Element info: {Using=-android uiautomator, value=new UiSelector().text("Select location")}
	at tests.PublicViewAppointmentTests.isSelectionLocationLinkTextVisible(PublicViewAppointmentTests.java:43)
</failure>
  </testcase>
  <testcase name="isFindDoctorButtonVisible" classname="tests.PublicViewAppointmentTests" time="5.288">
    <failure message="An element could not be located on the page using the given search parameters. (WARNING: The server did not provide any stacktrace information)&#10;Command duration or timeout: 0 milliseconds&#10;For documentation on this error, please visit: http://seleniumhq.org/exceptions/no_such_element.html&#10;Build info: version: &apos;3.9.1&apos;, revision: &apos;63f7b50&apos;, time: &apos;2018-02-07T22:25:02.294Z&apos;&#10;System info: host: &apos;KASHIFALI&apos;, ip: &apos;192.168.1.135&apos;, os.name: &apos;Windows 8.1&apos;, os.arch: &apos;amd64&apos;, os.version: &apos;6.3&apos;, java.version: &apos;1.8.0_25&apos;&#10;Driver info: io.appium.java_client.android.AndroidDriver&#10;Capabilities {app: D:\pliro-mobile-2.0\automat..., appActivity: com.pliro_mobile_2.SplashAc..., appPackage: com.aurora.pliro, automationName: UiAutomator2, deviceName: emulator-5554, javascriptEnabled: true, newCommandTimeout: 30, platform: ANDROID, platformName: ANDROID, platformVersion: 7.1.1}&#10;Session ID: 53f6dfe6-c93c-4343-b890-8e9ebbad1621&#10;*** Element info: {Using=-android uiautomator, value=new UiSelector().text(&quot;FIND DOCTOR&quot;)}" type="org.openqa.selenium.NoSuchElementException">org.openqa.selenium.NoSuchElementException: 
An element could not be located on the page using the given search parameters. (WARNING: The server did not provide any stacktrace information)
Command duration or timeout: 0 milliseconds
For documentation on this error, please visit: http://seleniumhq.org/exceptions/no_such_element.html
Build info: version: '3.9.1', revision: '63f7b50', time: '2018-02-07T22:25:02.294Z'
System info: host: 'KASHIFALI', ip: '192.168.1.135', os.name: 'Windows 8.1', os.arch: 'amd64', os.version: '6.3', java.version: '1.8.0_25'
Driver info: io.appium.java_client.android.AndroidDriver
Capabilities {app: D:\pliro-mobile-2.0\automat..., appActivity: com.pliro_mobile_2.SplashAc..., appPackage: com.aurora.pliro, automationName: UiAutomator2, deviceName: emulator-5554, javascriptEnabled: true, newCommandTimeout: 30, platform: ANDROID, platformName: ANDROID, platformVersion: 7.1.1}
Session ID: 53f6dfe6-c93c-4343-b890-8e9ebbad1621
*** Element info: {Using=-android uiautomator, value=new UiSelector().text("FIND DOCTOR")}
	at tests.PublicViewAppointmentTests.isFindDoctorButtonVisible(PublicViewAppointmentTests.java:50)
</failure>
  </testcase>
  <testcase name="isMoreSpecialitiesLinkTextVisible" classname="tests.PublicViewAppointmentTests" time="5.308">
    <failure message="An element could not be located on the page using the given search parameters. (WARNING: The server did not provide any stacktrace information)&#10;Command duration or timeout: 0 milliseconds&#10;For documentation on this error, please visit: http://seleniumhq.org/exceptions/no_such_element.html&#10;Build info: version: &apos;3.9.1&apos;, revision: &apos;63f7b50&apos;, time: &apos;2018-02-07T22:25:02.294Z&apos;&#10;System info: host: &apos;KASHIFALI&apos;, ip: &apos;192.168.1.135&apos;, os.name: &apos;Windows 8.1&apos;, os.arch: &apos;amd64&apos;, os.version: &apos;6.3&apos;, java.version: &apos;1.8.0_25&apos;&#10;Driver info: io.appium.java_client.android.AndroidDriver&#10;Capabilities {app: D:\pliro-mobile-2.0\automat..., appActivity: com.pliro_mobile_2.SplashAc..., appPackage: com.aurora.pliro, automationName: UiAutomator2, deviceName: emulator-5554, javascriptEnabled: true, newCommandTimeout: 30, platform: ANDROID, platformName: ANDROID, platformVersion: 7.1.1}&#10;Session ID: 53f6dfe6-c93c-4343-b890-8e9ebbad1621&#10;*** Element info: {Using=-android uiautomator, value=new UiSelector().text(&quot;More Specialities&quot;)}" type="org.openqa.selenium.NoSuchElementException">org.openqa.selenium.NoSuchElementException: 
An element could not be located on the page using the given search parameters. (WARNING: The server did not provide any stacktrace information)
Command duration or timeout: 0 milliseconds
For documentation on this error, please visit: http://seleniumhq.org/exceptions/no_such_element.html
Build info: version: '3.9.1', revision: '63f7b50', time: '2018-02-07T22:25:02.294Z'
System info: host: 'KASHIFALI', ip: '192.168.1.135', os.name: 'Windows 8.1', os.arch: 'amd64', os.version: '6.3', java.version: '1.8.0_25'
Driver info: io.appium.java_client.android.AndroidDriver
Capabilities {app: D:\pliro-mobile-2.0\automat..., appActivity: com.pliro_mobile_2.SplashAc..., appPackage: com.aurora.pliro, automationName: UiAutomator2, deviceName: emulator-5554, javascriptEnabled: true, newCommandTimeout: 30, platform: ANDROID, platformName: ANDROID, platformVersion: 7.1.1}
Session ID: 53f6dfe6-c93c-4343-b890-8e9ebbad1621
*** Element info: {Using=-android uiautomator, value=new UiSelector().text("More Specialities")}
	at tests.PublicViewAppointmentTests.isMoreSpecialitiesLinkTextVisible(PublicViewAppointmentTests.java:57)
</failure>
  </testcase>
  <testcase name="clickOnTapToSelectDropDown" classname="tests.PublicViewAppointmentTests" time="5.278">
    <failure message="An element could not be located on the page using the given search parameters. (WARNING: The server did not provide any stacktrace information)&#10;Command duration or timeout: 0 milliseconds&#10;For documentation on this error, please visit: http://seleniumhq.org/exceptions/no_such_element.html&#10;Build info: version: &apos;3.9.1&apos;, revision: &apos;63f7b50&apos;, time: &apos;2018-02-07T22:25:02.294Z&apos;&#10;System info: host: &apos;KASHIFALI&apos;, ip: &apos;192.168.1.135&apos;, os.name: &apos;Windows 8.1&apos;, os.arch: &apos;amd64&apos;, os.version: &apos;6.3&apos;, java.version: &apos;1.8.0_25&apos;&#10;Driver info: io.appium.java_client.android.AndroidDriver&#10;Capabilities {app: D:\pliro-mobile-2.0\automat..., appActivity: com.pliro_mobile_2.SplashAc..., appPackage: com.aurora.pliro, automationName: UiAutomator2, deviceName: emulator-5554, javascriptEnabled: true, newCommandTimeout: 30, platform: ANDROID, platformName: ANDROID, platformVersion: 7.1.1}&#10;Session ID: 53f6dfe6-c93c-4343-b890-8e9ebbad1621&#10;*** Element info: {Using=-android uiautomator, value=new UiSelector().text(&quot;Specialty, doctor, or health center&quot;)}" type="org.openqa.selenium.NoSuchElementException">org.openqa.selenium.NoSuchElementException: 
An element could not be located on the page using the given search parameters. (WARNING: The server did not provide any stacktrace information)
Command duration or timeout: 0 milliseconds
For documentation on this error, please visit: http://seleniumhq.org/exceptions/no_such_element.html
Build info: version: '3.9.1', revision: '63f7b50', time: '2018-02-07T22:25:02.294Z'
System info: host: 'KASHIFALI', ip: '192.168.1.135', os.name: 'Windows 8.1', os.arch: 'amd64', os.version: '6.3', java.version: '1.8.0_25'
Driver info: io.appium.java_client.android.AndroidDriver
Capabilities {app: D:\pliro-mobile-2.0\automat..., appActivity: com.pliro_mobile_2.SplashAc..., appPackage: com.aurora.pliro, automationName: UiAutomator2, deviceName: emulator-5554, javascriptEnabled: true, newCommandTimeout: 30, platform: ANDROID, platformName: ANDROID, platformVersion: 7.1.1}
Session ID: 53f6dfe6-c93c-4343-b890-8e9ebbad1621
*** Element info: {Using=-android uiautomator, value=new UiSelector().text("Specialty, doctor, or health center")}
	at tests.PublicViewAppointmentTests.clickOnTapToSelectDropDown(PublicViewAppointmentTests.java:64)
</failure>
  </testcase>
  <testcase name="isSearchVisible" classname="tests.PublicViewAppointmentTests" time="5.222">
    <failure message="An element could not be located on the page using the given search parameters. (WARNING: The server did not provide any stacktrace information)&#10;Command duration or timeout: 0 milliseconds&#10;For documentation on this error, please visit: http://seleniumhq.org/exceptions/no_such_element.html&#10;Build info: version: &apos;3.9.1&apos;, revision: &apos;63f7b50&apos;, time: &apos;2018-02-07T22:25:02.294Z&apos;&#10;System info: host: &apos;KASHIFALI&apos;, ip: &apos;192.168.1.135&apos;, os.name: &apos;Windows 8.1&apos;, os.arch: &apos;amd64&apos;, os.version: &apos;6.3&apos;, java.version: &apos;1.8.0_25&apos;&#10;Driver info: io.appium.java_client.android.AndroidDriver&#10;Capabilities {app: D:\pliro-mobile-2.0\automat..., appActivity: com.pliro_mobile_2.SplashAc..., appPackage: com.aurora.pliro, automationName: UiAutomator2, deviceName: emulator-5554, javascriptEnabled: true, newCommandTimeout: 30, platform: ANDROID, platformName: ANDROID, platformVersion: 7.1.1}&#10;Session ID: 53f6dfe6-c93c-4343-b890-8e9ebbad1621&#10;*** Element info: {Using=-android uiautomator, value=new UiSelector().text(&quot;Search&quot;)}" type="org.openqa.selenium.NoSuchElementException">org.openqa.selenium.NoSuchElementException: 
An element could not be located on the page using the given search parameters. (WARNING: The server did not provide any stacktrace information)
Command duration or timeout: 0 milliseconds
For documentation on this error, please visit: http://seleniumhq.org/exceptions/no_such_element.html
Build info: version: '3.9.1', revision: '63f7b50', time: '2018-02-07T22:25:02.294Z'
System info: host: 'KASHIFALI', ip: '192.168.1.135', os.name: 'Windows 8.1', os.arch: 'amd64', os.version: '6.3', java.version: '1.8.0_25'
Driver info: io.appium.java_client.android.AndroidDriver
Capabilities {app: D:\pliro-mobile-2.0\automat..., appActivity: com.pliro_mobile_2.SplashAc..., appPackage: com.aurora.pliro, automationName: UiAutomator2, deviceName: emulator-5554, javascriptEnabled: true, newCommandTimeout: 30, platform: ANDROID, platformName: ANDROID, platformVersion: 7.1.1}
Session ID: 53f6dfe6-c93c-4343-b890-8e9ebbad1621
*** Element info: {Using=-android uiautomator, value=new UiSelector().text("Search")}
	at tests.PublicViewAppointmentTests.isSearchVisible(PublicViewAppointmentTests.java:70)
</failure>
  </testcase>
  <testcase name="isCloseButtonVisible" classname="tests.PublicViewAppointmentTests" time="0">
    <skipped/>
  </testcase>
  <testcase name="isCloseButtonClickable" classname="tests.PublicViewAppointmentTests" time="0">
    <skipped/>
  </testcase>
  <testcase name="clickTapToSelectDropDown" classname="tests.PublicViewAppointmentTests" time="0">
    <skipped/>
  </testcase>
  <testcase name="clickBackButton" classname="tests.PublicViewAppointmentTests" time="0">
    <skipped/>
  </testcase>
  <testcase name="clickTapToSelectDD" classname="tests.PublicViewAppointmentTests" time="0">
    <skipped/>
  </testcase>
  <testcase name="searchDoctor" classname="tests.PublicViewAppointmentTests" time="0">
    <skipped/>
  </testcase>
  <testcase name="clickLocationDD" classname="tests.PublicViewAppointmentTests" time="0">
    <skipped/>
  </testcase>
  <testcase name="isSearchFieldOnLocationPageVisible" classname="tests.PublicViewAppointmentTests" time="0">
    <skipped/>
  </testcase>
  <testcase name="searchLocation" classname="tests.PublicViewAppointmentTests" time="0">
    <skipped/>
  </testcase>
  <testcase name="tapFindDoctorButton" classname="tests.PublicViewAppointmentTests" time="0">
    <skipped/>
  </testcase>
  <testcase name="selectDoctor" classname="tests.PublicViewAppointmentTests" time="0">
    <skipped/>
  </testcase>
  <testcase name="isBookAppointmentButtonVisible" classname="tests.PublicViewAppointmentTests" time="0">
    <skipped/>
  </testcase>
  <testcase name="tapBookAppointmentButton" classname="tests.PublicViewAppointmentTests" time="0">
    <skipped/>
  </testcase>
  <testcase name="isEnterNameFieldVisible" classname="tests.PublicViewAppointmentTests" time="0">
    <skipped/>
  </testcase>
  <testcase name="enterName" classname="tests.PublicViewAppointmentTests" time="0">
    <skipped/>
  </testcase>
  <testcase name="isPhoneNumberFieldVisible" classname="tests.PublicViewAppointmentTests" time="0">
    <skipped/>
  </testcase>
  <testcase name="isPatientInfoTextVisible" classname="tests.PublicViewAppointmentTests" time="0">
    <skipped/>
  </testcase>
  <testcase name="enterPhonenumber" classname="tests.PublicViewAppointmentTests" time="0">
    <skipped/>
  </testcase>
  <testcase name="clickOnConfirmAppointmentButton" classname="tests.PublicViewAppointmentTests" time="0">
    <skipped/>
  </testcase>
  <testcase name="clickOnConfirmAppointmentButtonAgain" classname="tests.PublicViewAppointmentTests" time="0">
    <skipped/>
  </testcase>
  <testcase name="isTimeScheduleWindowPageAvailable" classname="tests.PublicViewAppointmentTests" time="0">
    <skipped/>
  </testcase>
  <testcase name="isTimeSlotAvailable" classname="tests.PublicViewAppointmentTests" time="0">
    <skipped/>
  </testcase>
  <testcase name="isConfirmAppointmentButtonVisible" classname="tests.PublicViewAppointmentTests" time="0">
    <skipped/>
  </testcase>
  <testcase name="tapConfirmAppointmentButton" classname="tests.PublicViewAppointmentTests" time="0">
    <skipped/>
  </testcase>
  <testcase name="isCheckYourEmailTextVisible" classname="tests.PublicViewAppointmentTests" time="0">
    <skipped/>
  </testcase>
  <testcase name="isOrPhoneTextVisible" classname="tests.PublicViewAppointmentTests" time="0">
    <skipped/>
  </testcase>
  <testcase name="isCodeValue1FieldVisible" classname="tests.PublicViewAppointmentTests" time="0">
    <skipped/>
  </testcase>
  <testcase name="enterCodeValue1Field" classname="tests.PublicViewAppointmentTests" time="0">
    <skipped/>
  </testcase>
  <testcase name="isCodeValue2FieldVisible" classname="tests.PublicViewAppointmentTests" time="0">
    <skipped/>
  </testcase>
  <testcase name="enterCodeValue2Field" classname="tests.PublicViewAppointmentTests" time="0">
    <skipped/>
  </testcase>
  <testcase name="isCodeValue3FieldVisible" classname="tests.PublicViewAppointmentTests" time="0">
    <skipped/>
  </testcase>
  <testcase name="enterCodeValue3Field" classname="tests.PublicViewAppointmentTests" time="0">
    <skipped/>
  </testcase>
  <testcase name="isCodeValue4FieldVisible" classname="tests.PublicViewAppointmentTests" time="0">
    <skipped/>
  </testcase>
  <testcase name="enterCodeValue4Field" classname="tests.PublicViewAppointmentTests" time="0">
    <skipped/>
  </testcase>
  <testcase name="congratulationsText" classname="tests.PublicViewAppointmentTests" time="0">
    <skipped/>
  </testcase>
  <testcase name="appointmentCompletedSuccessfullyText" classname="tests.PublicViewAppointmentTests" time="0">
    <skipped/>
  </testcase>
</testsuite>