<?xml version="1.0" encoding="UTF-8"?>
<testng-results skipped="61" failed="38" total="150" passed="51">
  <reporter-output>
  </reporter-output>
  <suite name="AppiumSuite" duration-ms="359848" started-at="2018-07-10T12:49:49Z" finished-at="2018-07-10T12:55:49Z">
    <groups>
    </groups>
    <test name="PliroRegressionSuite" duration-ms="359848" started-at="2018-07-10T12:49:49Z" finished-at="2018-07-10T12:55:49Z">
      <class name="tests.DoctorLoginPageTests">
        <test-method status="FAIL" signature="clickOnLoginWithEmailButton()[pri:0, instance:tests.DoctorLoginPageTests@26be92ad]" name="clickOnLoginWithEmailButton" duration-ms="5388" started-at="2018-07-10T17:51:36Z" finished-at="2018-07-10T17:51:41Z">
          <exception class="org.openqa.selenium.NoSuchElementException">
            <message>
              <![CDATA[An element could not be located on the page using the given search parameters. (WARNING: The server did not provide any stacktrace information)
Command duration or timeout: 0 milliseconds
For documentation on this error, please visit: http://seleniumhq.org/exceptions/no_such_element.html
Build info: version: '3.9.1', revision: '63f7b50', time: '2018-02-07T22:25:02.294Z'
System info: host: 'KASHIFALI', ip: '192.168.1.135', os.name: 'Windows 8.1', os.arch: 'amd64', os.version: '6.3', java.version: '1.8.0_25'
Driver info: io.appium.java_client.android.AndroidDriver
Capabilities {app: D:\pliro-mobile-2.0\automat..., appActivity: com.pliro_mobile_2.SplashAc..., appPackage: com.aurora.pliro, automationName: UiAutomator2, deviceName: emulator-5554, javascriptEnabled: true, newCommandTimeout: 30, platform: ANDROID, platformName: ANDROID, platformVersion: 7.1.1}
Session ID: 53f6dfe6-c93c-4343-b890-8e9ebbad1621
*** Element info: {Using=-android uiautomator, value=new UiSelector().text("Login")}]]>
            </message>
            <full-stacktrace>
              <![CDATA[org.openqa.selenium.NoSuchElementException: An element could not be located on the page using the given search parameters. (WARNING: The server did not provide any stacktrace information)
Command duration or timeout: 0 milliseconds
For documentation on this error, please visit: http://seleniumhq.org/exceptions/no_such_element.html
Build info: version: '3.9.1', revision: '63f7b50', time: '2018-02-07T22:25:02.294Z'
System info: host: 'KASHIFALI', ip: '192.168.1.135', os.name: 'Windows 8.1', os.arch: 'amd64', os.version: '6.3', java.version: '1.8.0_25'
Driver info: io.appium.java_client.android.AndroidDriver
Capabilities {app: D:\pliro-mobile-2.0\automat..., appActivity: com.pliro_mobile_2.SplashAc..., appPackage: com.aurora.pliro, automationName: UiAutomator2, deviceName: emulator-5554, javascriptEnabled: true, newCommandTimeout: 30, platform: ANDROID, platformName: ANDROID, platformVersion: 7.1.1}
Session ID: 53f6dfe6-c93c-4343-b890-8e9ebbad1621
*** Element info: {Using=-android uiautomator, value=new UiSelector().text("Login")}
	at sun.reflect.NativeConstructorAccessorImpl.newInstance0(Native Method)
	at sun.reflect.NativeConstructorAccessorImpl.newInstance(NativeConstructorAccessorImpl.java:62)
	at sun.reflect.DelegatingConstructorAccessorImpl.newInstance(DelegatingConstructorAccessorImpl.java:45)
	at java.lang.reflect.Constructor.newInstance(Constructor.java:408)
	at org.openqa.selenium.remote.ErrorHandler.createThrowable(ErrorHandler.java:214)
	at org.openqa.selenium.remote.ErrorHandler.throwIfResponseFailed(ErrorHandler.java:166)
	at org.openqa.selenium.remote.http.JsonHttpResponseCodec.reconstructValue(JsonHttpResponseCodec.java:40)
	at org.openqa.selenium.remote.http.AbstractHttpResponseCodec.decode(AbstractHttpResponseCodec.java:80)
	at org.openqa.selenium.remote.http.AbstractHttpResponseCodec.decode(AbstractHttpResponseCodec.java:44)
	at org.openqa.selenium.remote.HttpCommandExecutor.execute(HttpCommandExecutor.java:160)
	at io.appium.java_client.remote.AppiumCommandExecutor.execute(AppiumCommandExecutor.java:129)
	at org.openqa.selenium.remote.RemoteWebDriver.execute(RemoteWebDriver.java:601)
	at io.appium.java_client.DefaultGenericMobileDriver.execute(DefaultGenericMobileDriver.java:42)
	at io.appium.java_client.AppiumDriver.execute(AppiumDriver.java:1)
	at io.appium.java_client.android.AndroidDriver.execute(AndroidDriver.java:1)
	at org.openqa.selenium.remote.RemoteWebDriver.findElement(RemoteWebDriver.java:371)
	at io.appium.java_client.DefaultGenericMobileDriver.findElement(DefaultGenericMobileDriver.java:62)
	at io.appium.java_client.AppiumDriver.findElement(AppiumDriver.java:1)
	at io.appium.java_client.android.AndroidDriver.findElement(AndroidDriver.java:1)
	at io.appium.java_client.FindsByAndroidUIAutomator.findElementByAndroidUIAutomator(FindsByAndroidUIAutomator.java:38)
	at core.UiObject.tap(UiObject.java:179)
	at api.apps.Pliro.settingsPage.SettingsPage.tapLoginTextLink(SettingsPage.java:14)
	at tests.DoctorLoginPageTests.clickOnLoginWithEmailButton(DoctorLoginPageTests.java:16)
	at sun.reflect.NativeMethodAccessorImpl.invoke0(Native Method)
	at sun.reflect.NativeMethodAccessorImpl.invoke(NativeMethodAccessorImpl.java:62)
	at sun.reflect.DelegatingMethodAccessorImpl.invoke(DelegatingMethodAccessorImpl.java:43)
	at java.lang.reflect.Method.invoke(Method.java:483)
	at org.testng.internal.MethodInvocationHelper.invokeMethod(MethodInvocationHelper.java:80)
	at org.testng.internal.Invoker.invokeMethod(Invoker.java:714)
	at org.testng.internal.Invoker.invokeTestMethod(Invoker.java:901)
	at org.testng.internal.Invoker.invokeTestMethods(Invoker.java:1231)
	at org.testng.internal.TestMethodWorker.invokeTestMethods(TestMethodWorker.java:127)
	at org.testng.internal.TestMethodWorker.run(TestMethodWorker.java:111)
	at org.testng.TestRunner.privateRun(TestRunner.java:767)
	at org.testng.TestRunner.run(TestRunner.java:617)
	at org.testng.SuiteRunner.runTest(SuiteRunner.java:334)
	at org.testng.SuiteRunner.runSequentially(SuiteRunner.java:329)
	at org.testng.SuiteRunner.privateRun(SuiteRunner.java:291)
	at org.testng.SuiteRunner.run(SuiteRunner.java:240)
	at org.testng.SuiteRunnerWorker.runSuite(SuiteRunnerWorker.java:52)
	at org.testng.SuiteRunnerWorker.run(SuiteRunnerWorker.java:86)
	at org.testng.TestNG.runSuitesSequentially(TestNG.java:1198)
	at org.testng.TestNG.runSuitesLocally(TestNG.java:1123)
	at org.testng.TestNG.run(TestNG.java:1031)
	at org.apache.maven.surefire.testng.TestNGExecutor.run(TestNGExecutor.java:283)
	at org.apache.maven.surefire.testng.TestNGXmlTestSuite.execute(TestNGXmlTestSuite.java:75)
	at org.apache.maven.surefire.testng.TestNGProvider.invoke(TestNGProvider.java:120)
	at org.apache.maven.surefire.booter.ForkedBooter.invokeProviderInSameClassLoader(ForkedBooter.java:373)
	at org.apache.maven.surefire.booter.ForkedBooter.runSuitesInProcess(ForkedBooter.java:334)
	at org.apache.maven.surefire.booter.ForkedBooter.execute(ForkedBooter.java:119)
	at org.apache.maven.surefire.booter.ForkedBooter.main(ForkedBooter.java:407)
]]>
            </full-stacktrace>
          </exception> <!-- org.openqa.selenium.NoSuchElementException -->
          <reporter-output>
          </reporter-output>
        </test-method> <!-- clickOnLoginWithEmailButton -->
        <test-method status="PASS" signature="getResult(org.testng.ITestResult)[pri:0, instance:tests.DoctorLoginPageTests@26be92ad]" name="getResult" is-config="true" duration-ms="3" started-at="2018-07-10T17:51:41Z" finished-at="2018-07-10T17:51:41Z">
          <params>
            <param index="0">
              <value>
                <![CDATA[[TestResult name=clickOnLoginWithEmailButton status=FAILURE method=DoctorLoginPageTests.clickOnLoginWithEmailButton()[pri:0, instance:tests.DoctorLoginPageTests@26be92ad] output={null}]]]>
              </value>
            </param>
          </params>
          <reporter-output>
          </reporter-output>
        </test-method> <!-- getResult -->
        <test-method status="FAIL" signature="enterEmail()[pri:0, instance:tests.DoctorLoginPageTests@26be92ad]" name="enterEmail" duration-ms="5401" started-at="2018-07-10T17:51:41Z" finished-at="2018-07-10T17:51:47Z">
          <exception class="org.openqa.selenium.NoSuchElementException">
            <message>
              <![CDATA[An element could not be located on the page using the given search parameters. (WARNING: The server did not provide any stacktrace information)
Command duration or timeout: 0 milliseconds
For documentation on this error, please visit: http://seleniumhq.org/exceptions/no_such_element.html
Build info: version: '3.9.1', revision: '63f7b50', time: '2018-02-07T22:25:02.294Z'
System info: host: 'KASHIFALI', ip: '192.168.1.135', os.name: 'Windows 8.1', os.arch: 'amd64', os.version: '6.3', java.version: '1.8.0_25'
Driver info: io.appium.java_client.android.AndroidDriver
Capabilities {app: D:\pliro-mobile-2.0\automat..., appActivity: com.pliro_mobile_2.SplashAc..., appPackage: com.aurora.pliro, automationName: UiAutomator2, deviceName: emulator-5554, javascriptEnabled: true, newCommandTimeout: 30, platform: ANDROID, platformName: ANDROID, platformVersion: 7.1.1}
Session ID: 53f6dfe6-c93c-4343-b890-8e9ebbad1621
*** Element info: {Using=-android uiautomator, value=new UiSelector().text("Email")}]]>
            </message>
            <full-stacktrace>
              <![CDATA[org.openqa.selenium.NoSuchElementException: An element could not be located on the page using the given search parameters. (WARNING: The server did not provide any stacktrace information)
Command duration or timeout: 0 milliseconds
For documentation on this error, please visit: http://seleniumhq.org/exceptions/no_such_element.html
Build info: version: '3.9.1', revision: '63f7b50', time: '2018-02-07T22:25:02.294Z'
System info: host: 'KASHIFALI', ip: '192.168.1.135', os.name: 'Windows 8.1', os.arch: 'amd64', os.version: '6.3', java.version: '1.8.0_25'
Driver info: io.appium.java_client.android.AndroidDriver
Capabilities {app: D:\pliro-mobile-2.0\automat..., appActivity: com.pliro_mobile_2.SplashAc..., appPackage: com.aurora.pliro, automationName: UiAutomator2, deviceName: emulator-5554, javascriptEnabled: true, newCommandTimeout: 30, platform: ANDROID, platformName: ANDROID, platformVersion: 7.1.1}
Session ID: 53f6dfe6-c93c-4343-b890-8e9ebbad1621
*** Element info: {Using=-android uiautomator, value=new UiSelector().text("Email")}
	at sun.reflect.NativeConstructorAccessorImpl.newInstance0(Native Method)
	at sun.reflect.NativeConstructorAccessorImpl.newInstance(NativeConstructorAccessorImpl.java:62)
	at sun.reflect.DelegatingConstructorAccessorImpl.newInstance(DelegatingConstructorAccessorImpl.java:45)
	at java.lang.reflect.Constructor.newInstance(Constructor.java:408)
	at org.openqa.selenium.remote.ErrorHandler.createThrowable(ErrorHandler.java:214)
	at org.openqa.selenium.remote.ErrorHandler.throwIfResponseFailed(ErrorHandler.java:166)
	at org.openqa.selenium.remote.http.JsonHttpResponseCodec.reconstructValue(JsonHttpResponseCodec.java:40)
	at org.openqa.selenium.remote.http.AbstractHttpResponseCodec.decode(AbstractHttpResponseCodec.java:80)
	at org.openqa.selenium.remote.http.AbstractHttpResponseCodec.decode(AbstractHttpResponseCodec.java:44)
	at org.openqa.selenium.remote.HttpCommandExecutor.execute(HttpCommandExecutor.java:160)
	at io.appium.java_client.remote.AppiumCommandExecutor.execute(AppiumCommandExecutor.java:129)
	at org.openqa.selenium.remote.RemoteWebDriver.execute(RemoteWebDriver.java:601)
	at io.appium.java_client.DefaultGenericMobileDriver.execute(DefaultGenericMobileDriver.java:42)
	at io.appium.java_client.AppiumDriver.execute(AppiumDriver.java:1)
	at io.appium.java_client.android.AndroidDriver.execute(AndroidDriver.java:1)
	at org.openqa.selenium.remote.RemoteWebDriver.findElement(RemoteWebDriver.java:371)
	at io.appium.java_client.DefaultGenericMobileDriver.findElement(DefaultGenericMobileDriver.java:62)
	at io.appium.java_client.AppiumDriver.findElement(AppiumDriver.java:1)
	at io.appium.java_client.android.AndroidDriver.findElement(AndroidDriver.java:1)
	at io.appium.java_client.FindsByAndroidUIAutomator.findElementByAndroidUIAutomator(FindsByAndroidUIAutomator.java:38)
	at core.UiObject.sendText(UiObject.java:163)
	at tests.DoctorLoginPageTests.enterEmail(DoctorLoginPageTests.java:22)
	at sun.reflect.NativeMethodAccessorImpl.invoke0(Native Method)
	at sun.reflect.NativeMethodAccessorImpl.invoke(NativeMethodAccessorImpl.java:62)
	at sun.reflect.DelegatingMethodAccessorImpl.invoke(DelegatingMethodAccessorImpl.java:43)
	at java.lang.reflect.Method.invoke(Method.java:483)
	at org.testng.internal.MethodInvocationHelper.invokeMethod(MethodInvocationHelper.java:80)
	at org.testng.internal.Invoker.invokeMethod(Invoker.java:714)
	at org.testng.internal.Invoker.invokeTestMethod(Invoker.java:901)
	at org.testng.internal.Invoker.invokeTestMethods(Invoker.java:1231)
	at org.testng.internal.TestMethodWorker.invokeTestMethods(TestMethodWorker.java:127)
	at org.testng.internal.TestMethodWorker.run(TestMethodWorker.java:111)
	at org.testng.TestRunner.privateRun(TestRunner.java:767)
	at org.testng.TestRunner.run(TestRunner.java:617)
	at org.testng.SuiteRunner.runTest(SuiteRunner.java:334)
	at org.testng.SuiteRunner.runSequentially(SuiteRunner.java:329)
	at org.testng.SuiteRunner.privateRun(SuiteRunner.java:291)
	at org.testng.SuiteRunner.run(SuiteRunner.java:240)
	at org.testng.SuiteRunnerWorker.runSuite(SuiteRunnerWorker.java:52)
	at org.testng.SuiteRunnerWorker.run(SuiteRunnerWorker.java:86)
	at org.testng.TestNG.runSuitesSequentially(TestNG.java:1198)
	at org.testng.TestNG.runSuitesLocally(TestNG.java:1123)
	at org.testng.TestNG.run(TestNG.java:1031)
	at org.apache.maven.surefire.testng.TestNGExecutor.run(TestNGExecutor.java:283)
	at org.apache.maven.surefire.testng.TestNGXmlTestSuite.execute(TestNGXmlTestSuite.java:75)
	at org.apache.maven.surefire.testng.TestNGProvider.invoke(TestNGProvider.java:120)
	at org.apache.maven.surefire.booter.ForkedBooter.invokeProviderInSameClassLoader(ForkedBooter.java:373)
	at org.apache.maven.surefire.booter.ForkedBooter.runSuitesInProcess(ForkedBooter.java:334)
	at org.apache.maven.surefire.booter.ForkedBooter.execute(ForkedBooter.java:119)
	at org.apache.maven.surefire.booter.ForkedBooter.main(ForkedBooter.java:407)
]]>
            </full-stacktrace>
          </exception> <!-- org.openqa.selenium.NoSuchElementException -->
          <reporter-output>
          </reporter-output>
        </test-method> <!-- enterEmail -->
        <test-method status="PASS" signature="getResult(org.testng.ITestResult)[pri:0, instance:tests.DoctorLoginPageTests@26be92ad]" name="getResult" is-config="true" duration-ms="1" started-at="2018-07-10T17:51:47Z" finished-at="2018-07-10T17:51:47Z">
          <params>
            <param index="0">
              <value>
                <![CDATA[[TestResult name=enterEmail status=FAILURE method=DoctorLoginPageTests.enterEmail()[pri:0, instance:tests.DoctorLoginPageTests@26be92ad] output={null}]]]>
              </value>
            </param>
          </params>
          <reporter-output>
          </reporter-output>
        </test-method> <!-- getResult -->
        <test-method status="FAIL" signature="isPasswordFieldVisible()[pri:0, instance:tests.DoctorLoginPageTests@26be92ad]" name="isPasswordFieldVisible" duration-ms="5400" started-at="2018-07-10T17:51:47Z" finished-at="2018-07-10T17:51:52Z">
          <exception class="org.openqa.selenium.NoSuchElementException">
            <message>
              <![CDATA[An element could not be located on the page using the given search parameters. (WARNING: The server did not provide any stacktrace information)
Command duration or timeout: 0 milliseconds
For documentation on this error, please visit: http://seleniumhq.org/exceptions/no_such_element.html
Build info: version: '3.9.1', revision: '63f7b50', time: '2018-02-07T22:25:02.294Z'
System info: host: 'KASHIFALI', ip: '192.168.1.135', os.name: 'Windows 8.1', os.arch: 'amd64', os.version: '6.3', java.version: '1.8.0_25'
Driver info: io.appium.java_client.android.AndroidDriver
Capabilities {app: D:\pliro-mobile-2.0\automat..., appActivity: com.pliro_mobile_2.SplashAc..., appPackage: com.aurora.pliro, automationName: UiAutomator2, deviceName: emulator-5554, javascriptEnabled: true, newCommandTimeout: 30, platform: ANDROID, platformName: ANDROID, platformVersion: 7.1.1}
Session ID: 53f6dfe6-c93c-4343-b890-8e9ebbad1621
*** Element info: {Using=-android uiautomator, value=new UiSelector().text("Password")}]]>
            </message>
            <full-stacktrace>
              <![CDATA[org.openqa.selenium.NoSuchElementException: An element could not be located on the page using the given search parameters. (WARNING: The server did not provide any stacktrace information)
Command duration or timeout: 0 milliseconds
For documentation on this error, please visit: http://seleniumhq.org/exceptions/no_such_element.html
Build info: version: '3.9.1', revision: '63f7b50', time: '2018-02-07T22:25:02.294Z'
System info: host: 'KASHIFALI', ip: '192.168.1.135', os.name: 'Windows 8.1', os.arch: 'amd64', os.version: '6.3', java.version: '1.8.0_25'
Driver info: io.appium.java_client.android.AndroidDriver
Capabilities {app: D:\pliro-mobile-2.0\automat..., appActivity: com.pliro_mobile_2.SplashAc..., appPackage: com.aurora.pliro, automationName: UiAutomator2, deviceName: emulator-5554, javascriptEnabled: true, newCommandTimeout: 30, platform: ANDROID, platformName: ANDROID, platformVersion: 7.1.1}
Session ID: 53f6dfe6-c93c-4343-b890-8e9ebbad1621
*** Element info: {Using=-android uiautomator, value=new UiSelector().text("Password")}
	at sun.reflect.NativeConstructorAccessorImpl.newInstance0(Native Method)
	at sun.reflect.NativeConstructorAccessorImpl.newInstance(NativeConstructorAccessorImpl.java:62)
	at sun.reflect.DelegatingConstructorAccessorImpl.newInstance(DelegatingConstructorAccessorImpl.java:45)
	at java.lang.reflect.Constructor.newInstance(Constructor.java:408)
	at org.openqa.selenium.remote.ErrorHandler.createThrowable(ErrorHandler.java:214)
	at org.openqa.selenium.remote.ErrorHandler.throwIfResponseFailed(ErrorHandler.java:166)
	at org.openqa.selenium.remote.http.JsonHttpResponseCodec.reconstructValue(JsonHttpResponseCodec.java:40)
	at org.openqa.selenium.remote.http.AbstractHttpResponseCodec.decode(AbstractHttpResponseCodec.java:80)
	at org.openqa.selenium.remote.http.AbstractHttpResponseCodec.decode(AbstractHttpResponseCodec.java:44)
	at org.openqa.selenium.remote.HttpCommandExecutor.execute(HttpCommandExecutor.java:160)
	at io.appium.java_client.remote.AppiumCommandExecutor.execute(AppiumCommandExecutor.java:129)
	at org.openqa.selenium.remote.RemoteWebDriver.execute(RemoteWebDriver.java:601)
	at io.appium.java_client.DefaultGenericMobileDriver.execute(DefaultGenericMobileDriver.java:42)
	at io.appium.java_client.AppiumDriver.execute(AppiumDriver.java:1)
	at io.appium.java_client.android.AndroidDriver.execute(AndroidDriver.java:1)
	at org.openqa.selenium.remote.RemoteWebDriver.findElement(RemoteWebDriver.java:371)
	at io.appium.java_client.DefaultGenericMobileDriver.findElement(DefaultGenericMobileDriver.java:62)
	at io.appium.java_client.AppiumDriver.findElement(AppiumDriver.java:1)
	at io.appium.java_client.android.AndroidDriver.findElement(AndroidDriver.java:1)
	at io.appium.java_client.FindsByAndroidUIAutomator.findElementByAndroidUIAutomator(FindsByAndroidUIAutomator.java:38)
	at core.UiObject.getText(UiObject.java:120)
	at api.apps.Pliro.loginPage.LoginPage.findPasswordField(LoginPage.java:28)
	at tests.DoctorLoginPageTests.isPasswordFieldVisible(DoctorLoginPageTests.java:28)
	at sun.reflect.NativeMethodAccessorImpl.invoke0(Native Method)
	at sun.reflect.NativeMethodAccessorImpl.invoke(NativeMethodAccessorImpl.java:62)
	at sun.reflect.DelegatingMethodAccessorImpl.invoke(DelegatingMethodAccessorImpl.java:43)
	at java.lang.reflect.Method.invoke(Method.java:483)
	at org.testng.internal.MethodInvocationHelper.invokeMethod(MethodInvocationHelper.java:80)
	at org.testng.internal.Invoker.invokeMethod(Invoker.java:714)
	at org.testng.internal.Invoker.invokeTestMethod(Invoker.java:901)
	at org.testng.internal.Invoker.invokeTestMethods(Invoker.java:1231)
	at org.testng.internal.TestMethodWorker.invokeTestMethods(TestMethodWorker.java:127)
	at org.testng.internal.TestMethodWorker.run(TestMethodWorker.java:111)
	at org.testng.TestRunner.privateRun(TestRunner.java:767)
	at org.testng.TestRunner.run(TestRunner.java:617)
	at org.testng.SuiteRunner.runTest(SuiteRunner.java:334)
	at org.testng.SuiteRunner.runSequentially(SuiteRunner.java:329)
	at org.testng.SuiteRunner.privateRun(SuiteRunner.java:291)
	at org.testng.SuiteRunner.run(SuiteRunner.java:240)
	at org.testng.SuiteRunnerWorker.runSuite(SuiteRunnerWorker.java:52)
	at org.testng.SuiteRunnerWorker.run(SuiteRunnerWorker.java:86)
	at org.testng.TestNG.runSuitesSequentially(TestNG.java:1198)
	at org.testng.TestNG.runSuitesLocally(TestNG.java:1123)
	at org.testng.TestNG.run(TestNG.java:1031)
	at org.apache.maven.surefire.testng.TestNGExecutor.run(TestNGExecutor.java:283)
	at org.apache.maven.surefire.testng.TestNGXmlTestSuite.execute(TestNGXmlTestSuite.java:75)
	at org.apache.maven.surefire.testng.TestNGProvider.invoke(TestNGProvider.java:120)
	at org.apache.maven.surefire.booter.ForkedBooter.invokeProviderInSameClassLoader(ForkedBooter.java:373)
	at org.apache.maven.surefire.booter.ForkedBooter.runSuitesInProcess(ForkedBooter.java:334)
	at org.apache.maven.surefire.booter.ForkedBooter.execute(ForkedBooter.java:119)
	at org.apache.maven.surefire.booter.ForkedBooter.main(ForkedBooter.java:407)
]]>
            </full-stacktrace>
          </exception> <!-- org.openqa.selenium.NoSuchElementException -->
          <reporter-output>
          </reporter-output>
        </test-method> <!-- isPasswordFieldVisible -->
        <test-method status="PASS" signature="getResult(org.testng.ITestResult)[pri:0, instance:tests.DoctorLoginPageTests@26be92ad]" name="getResult" is-config="true" duration-ms="2" started-at="2018-07-10T17:51:52Z" finished-at="2018-07-10T17:51:52Z">
          <params>
            <param index="0">
              <value>
                <![CDATA[[TestResult name=isPasswordFieldVisible status=FAILURE method=DoctorLoginPageTests.isPasswordFieldVisible()[pri:0, instance:tests.DoctorLoginPageTests@26be92ad] output={null}]]]>
              </value>
            </param>
          </params>
          <reporter-output>
          </reporter-output>
        </test-method> <!-- getResult -->
        <test-method status="FAIL" signature="enterPassword()[pri:0, instance:tests.DoctorLoginPageTests@26be92ad]" name="enterPassword" duration-ms="5322" started-at="2018-07-10T17:51:52Z" finished-at="2018-07-10T17:51:58Z">
          <exception class="org.openqa.selenium.NoSuchElementException">
            <message>
              <![CDATA[An element could not be located on the page using the given search parameters. (WARNING: The server did not provide any stacktrace information)
Command duration or timeout: 0 milliseconds
For documentation on this error, please visit: http://seleniumhq.org/exceptions/no_such_element.html
Build info: version: '3.9.1', revision: '63f7b50', time: '2018-02-07T22:25:02.294Z'
System info: host: 'KASHIFALI', ip: '192.168.1.135', os.name: 'Windows 8.1', os.arch: 'amd64', os.version: '6.3', java.version: '1.8.0_25'
Driver info: io.appium.java_client.android.AndroidDriver
Capabilities {app: D:\pliro-mobile-2.0\automat..., appActivity: com.pliro_mobile_2.SplashAc..., appPackage: com.aurora.pliro, automationName: UiAutomator2, deviceName: emulator-5554, javascriptEnabled: true, newCommandTimeout: 30, platform: ANDROID, platformName: ANDROID, platformVersion: 7.1.1}
Session ID: 53f6dfe6-c93c-4343-b890-8e9ebbad1621
*** Element info: {Using=-android uiautomator, value=new UiSelector().text("Password")}]]>
            </message>
            <full-stacktrace>
              <![CDATA[org.openqa.selenium.NoSuchElementException: An element could not be located on the page using the given search parameters. (WARNING: The server did not provide any stacktrace information)
Command duration or timeout: 0 milliseconds
For documentation on this error, please visit: http://seleniumhq.org/exceptions/no_such_element.html
Build info: version: '3.9.1', revision: '63f7b50', time: '2018-02-07T22:25:02.294Z'
System info: host: 'KASHIFALI', ip: '192.168.1.135', os.name: 'Windows 8.1', os.arch: 'amd64', os.version: '6.3', java.version: '1.8.0_25'
Driver info: io.appium.java_client.android.AndroidDriver
Capabilities {app: D:\pliro-mobile-2.0\automat..., appActivity: com.pliro_mobile_2.SplashAc..., appPackage: com.aurora.pliro, automationName: UiAutomator2, deviceName: emulator-5554, javascriptEnabled: true, newCommandTimeout: 30, platform: ANDROID, platformName: ANDROID, platformVersion: 7.1.1}
Session ID: 53f6dfe6-c93c-4343-b890-8e9ebbad1621
*** Element info: {Using=-android uiautomator, value=new UiSelector().text("Password")}
	at sun.reflect.NativeConstructorAccessorImpl.newInstance0(Native Method)
	at sun.reflect.NativeConstructorAccessorImpl.newInstance(NativeConstructorAccessorImpl.java:62)
	at sun.reflect.DelegatingConstructorAccessorImpl.newInstance(DelegatingConstructorAccessorImpl.java:45)
	at java.lang.reflect.Constructor.newInstance(Constructor.java:408)
	at org.openqa.selenium.remote.ErrorHandler.createThrowable(ErrorHandler.java:214)
	at org.openqa.selenium.remote.ErrorHandler.throwIfResponseFailed(ErrorHandler.java:166)
	at org.openqa.selenium.remote.http.JsonHttpResponseCodec.reconstructValue(JsonHttpResponseCodec.java:40)
	at org.openqa.selenium.remote.http.AbstractHttpResponseCodec.decode(AbstractHttpResponseCodec.java:80)
	at org.openqa.selenium.remote.http.AbstractHttpResponseCodec.decode(AbstractHttpResponseCodec.java:44)
	at org.openqa.selenium.remote.HttpCommandExecutor.execute(HttpCommandExecutor.java:160)
	at io.appium.java_client.remote.AppiumCommandExecutor.execute(AppiumCommandExecutor.java:129)
	at org.openqa.selenium.remote.RemoteWebDriver.execute(RemoteWebDriver.java:601)
	at io.appium.java_client.DefaultGenericMobileDriver.execute(DefaultGenericMobileDriver.java:42)
	at io.appium.java_client.AppiumDriver.execute(AppiumDriver.java:1)
	at io.appium.java_client.android.AndroidDriver.execute(AndroidDriver.java:1)
	at org.openqa.selenium.remote.RemoteWebDriver.findElement(RemoteWebDriver.java:371)
	at io.appium.java_client.DefaultGenericMobileDriver.findElement(DefaultGenericMobileDriver.java:62)
	at io.appium.java_client.AppiumDriver.findElement(AppiumDriver.java:1)
	at io.appium.java_client.android.AndroidDriver.findElement(AndroidDriver.java:1)
	at io.appium.java_client.FindsByAndroidUIAutomator.findElementByAndroidUIAutomator(FindsByAndroidUIAutomator.java:38)
	at core.UiObject.sendText(UiObject.java:163)
	at tests.DoctorLoginPageTests.enterPassword(DoctorLoginPageTests.java:34)
	at sun.reflect.NativeMethodAccessorImpl.invoke0(Native Method)
	at sun.reflect.NativeMethodAccessorImpl.invoke(NativeMethodAccessorImpl.java:62)
	at sun.reflect.DelegatingMethodAccessorImpl.invoke(DelegatingMethodAccessorImpl.java:43)
	at java.lang.reflect.Method.invoke(Method.java:483)
	at org.testng.internal.MethodInvocationHelper.invokeMethod(MethodInvocationHelper.java:80)
	at org.testng.internal.Invoker.invokeMethod(Invoker.java:714)
	at org.testng.internal.Invoker.invokeTestMethod(Invoker.java:901)
	at org.testng.internal.Invoker.invokeTestMethods(Invoker.java:1231)
	at org.testng.internal.TestMethodWorker.invokeTestMethods(TestMethodWorker.java:127)
	at org.testng.internal.TestMethodWorker.run(TestMethodWorker.java:111)
	at org.testng.TestRunner.privateRun(TestRunner.java:767)
	at org.testng.TestRunner.run(TestRunner.java:617)
	at org.testng.SuiteRunner.runTest(SuiteRunner.java:334)
	at org.testng.SuiteRunner.runSequentially(SuiteRunner.java:329)
	at org.testng.SuiteRunner.privateRun(SuiteRunner.java:291)
	at org.testng.SuiteRunner.run(SuiteRunner.java:240)
	at org.testng.SuiteRunnerWorker.runSuite(SuiteRunnerWorker.java:52)
	at org.testng.SuiteRunnerWorker.run(SuiteRunnerWorker.java:86)
	at org.testng.TestNG.runSuitesSequentially(TestNG.java:1198)
	at org.testng.TestNG.runSuitesLocally(TestNG.java:1123)
	at org.testng.TestNG.run(TestNG.java:1031)
	at org.apache.maven.surefire.testng.TestNGExecutor.run(TestNGExecutor.java:283)
	at org.apache.maven.surefire.testng.TestNGXmlTestSuite.execute(TestNGXmlTestSuite.java:75)
	at org.apache.maven.surefire.testng.TestNGProvider.invoke(TestNGProvider.java:120)
	at org.apache.maven.surefire.booter.ForkedBooter.invokeProviderInSameClassLoader(ForkedBooter.java:373)
	at org.apache.maven.surefire.booter.ForkedBooter.runSuitesInProcess(ForkedBooter.java:334)
	at org.apache.maven.surefire.booter.ForkedBooter.execute(ForkedBooter.java:119)
	at org.apache.maven.surefire.booter.ForkedBooter.main(ForkedBooter.java:407)
]]>
            </full-stacktrace>
          </exception> <!-- org.openqa.selenium.NoSuchElementException -->
          <reporter-output>
          </reporter-output>
        </test-method> <!-- enterPassword -->
        <test-method status="PASS" signature="getResult(org.testng.ITestResult)[pri:0, instance:tests.DoctorLoginPageTests@26be92ad]" name="getResult" is-config="true" duration-ms="1" started-at="2018-07-10T17:51:58Z" finished-at="2018-07-10T17:51:58Z">
          <params>
            <param index="0">
              <value>
                <![CDATA[[TestResult name=enterPassword status=FAILURE method=DoctorLoginPageTests.enterPassword()[pri:0, instance:tests.DoctorLoginPageTests@26be92ad] output={null}]]]>
              </value>
            </param>
          </params>
          <reporter-output>
          </reporter-output>
        </test-method> <!-- getResult -->
        <test-method status="FAIL" signature="isSignInButtonVisible()[pri:0, instance:tests.DoctorLoginPageTests@26be92ad]" name="isSignInButtonVisible" duration-ms="5344" started-at="2018-07-10T17:51:58Z" finished-at="2018-07-10T17:52:03Z">
          <exception class="org.openqa.selenium.NoSuchElementException">
            <message>
              <![CDATA[An element could not be located on the page using the given search parameters. (WARNING: The server did not provide any stacktrace information)
Command duration or timeout: 0 milliseconds
For documentation on this error, please visit: http://seleniumhq.org/exceptions/no_such_element.html
Build info: version: '3.9.1', revision: '63f7b50', time: '2018-02-07T22:25:02.294Z'
System info: host: 'KASHIFALI', ip: '192.168.1.135', os.name: 'Windows 8.1', os.arch: 'amd64', os.version: '6.3', java.version: '1.8.0_25'
Driver info: io.appium.java_client.android.AndroidDriver
Capabilities {app: D:\pliro-mobile-2.0\automat..., appActivity: com.pliro_mobile_2.SplashAc..., appPackage: com.aurora.pliro, automationName: UiAutomator2, deviceName: emulator-5554, javascriptEnabled: true, newCommandTimeout: 30, platform: ANDROID, platformName: ANDROID, platformVersion: 7.1.1}
Session ID: 53f6dfe6-c93c-4343-b890-8e9ebbad1621
*** Element info: {Using=-android uiautomator, value=new UiSelector().text("SIGN IN")}]]>
            </message>
            <full-stacktrace>
              <![CDATA[org.openqa.selenium.NoSuchElementException: An element could not be located on the page using the given search parameters. (WARNING: The server did not provide any stacktrace information)
Command duration or timeout: 0 milliseconds
For documentation on this error, please visit: http://seleniumhq.org/exceptions/no_such_element.html
Build info: version: '3.9.1', revision: '63f7b50', time: '2018-02-07T22:25:02.294Z'
System info: host: 'KASHIFALI', ip: '192.168.1.135', os.name: 'Windows 8.1', os.arch: 'amd64', os.version: '6.3', java.version: '1.8.0_25'
Driver info: io.appium.java_client.android.AndroidDriver
Capabilities {app: D:\pliro-mobile-2.0\automat..., appActivity: com.pliro_mobile_2.SplashAc..., appPackage: com.aurora.pliro, automationName: UiAutomator2, deviceName: emulator-5554, javascriptEnabled: true, newCommandTimeout: 30, platform: ANDROID, platformName: ANDROID, platformVersion: 7.1.1}
Session ID: 53f6dfe6-c93c-4343-b890-8e9ebbad1621
*** Element info: {Using=-android uiautomator, value=new UiSelector().text("SIGN IN")}
	at sun.reflect.NativeConstructorAccessorImpl.newInstance0(Native Method)
	at sun.reflect.NativeConstructorAccessorImpl.newInstance(NativeConstructorAccessorImpl.java:62)
	at sun.reflect.DelegatingConstructorAccessorImpl.newInstance(DelegatingConstructorAccessorImpl.java:45)
	at java.lang.reflect.Constructor.newInstance(Constructor.java:408)
	at org.openqa.selenium.remote.ErrorHandler.createThrowable(ErrorHandler.java:214)
	at org.openqa.selenium.remote.ErrorHandler.throwIfResponseFailed(ErrorHandler.java:166)
	at org.openqa.selenium.remote.http.JsonHttpResponseCodec.reconstructValue(JsonHttpResponseCodec.java:40)
	at org.openqa.selenium.remote.http.AbstractHttpResponseCodec.decode(AbstractHttpResponseCodec.java:80)
	at org.openqa.selenium.remote.http.AbstractHttpResponseCodec.decode(AbstractHttpResponseCodec.java:44)
	at org.openqa.selenium.remote.HttpCommandExecutor.execute(HttpCommandExecutor.java:160)
	at io.appium.java_client.remote.AppiumCommandExecutor.execute(AppiumCommandExecutor.java:129)
	at org.openqa.selenium.remote.RemoteWebDriver.execute(RemoteWebDriver.java:601)
	at io.appium.java_client.DefaultGenericMobileDriver.execute(DefaultGenericMobileDriver.java:42)
	at io.appium.java_client.AppiumDriver.execute(AppiumDriver.java:1)
	at io.appium.java_client.android.AndroidDriver.execute(AndroidDriver.java:1)
	at org.openqa.selenium.remote.RemoteWebDriver.findElement(RemoteWebDriver.java:371)
	at io.appium.java_client.DefaultGenericMobileDriver.findElement(DefaultGenericMobileDriver.java:62)
	at io.appium.java_client.AppiumDriver.findElement(AppiumDriver.java:1)
	at io.appium.java_client.android.AndroidDriver.findElement(AndroidDriver.java:1)
	at io.appium.java_client.FindsByAndroidUIAutomator.findElementByAndroidUIAutomator(FindsByAndroidUIAutomator.java:38)
	at core.UiObject.getText(UiObject.java:120)
	at api.apps.Pliro.loginPage.LoginPage.findSignInButton(LoginPage.java:39)
	at tests.DoctorLoginPageTests.isSignInButtonVisible(DoctorLoginPageTests.java:40)
	at sun.reflect.NativeMethodAccessorImpl.invoke0(Native Method)
	at sun.reflect.NativeMethodAccessorImpl.invoke(NativeMethodAccessorImpl.java:62)
	at sun.reflect.DelegatingMethodAccessorImpl.invoke(DelegatingMethodAccessorImpl.java:43)
	at java.lang.reflect.Method.invoke(Method.java:483)
	at org.testng.internal.MethodInvocationHelper.invokeMethod(MethodInvocationHelper.java:80)
	at org.testng.internal.Invoker.invokeMethod(Invoker.java:714)
	at org.testng.internal.Invoker.invokeTestMethod(Invoker.java:901)
	at org.testng.internal.Invoker.invokeTestMethods(Invoker.java:1231)
	at org.testng.internal.TestMethodWorker.invokeTestMethods(TestMethodWorker.java:127)
	at org.testng.internal.TestMethodWorker.run(TestMethodWorker.java:111)
	at org.testng.TestRunner.privateRun(TestRunner.java:767)
	at org.testng.TestRunner.run(TestRunner.java:617)
	at org.testng.SuiteRunner.runTest(SuiteRunner.java:334)
	at org.testng.SuiteRunner.runSequentially(SuiteRunner.java:329)
	at org.testng.SuiteRunner.privateRun(SuiteRunner.java:291)
	at org.testng.SuiteRunner.run(SuiteRunner.java:240)
	at org.testng.SuiteRunnerWorker.runSuite(SuiteRunnerWorker.java:52)
	at org.testng.SuiteRunnerWorker.run(SuiteRunnerWorker.java:86)
	at org.testng.TestNG.runSuitesSequentially(TestNG.java:1198)
	at org.testng.TestNG.runSuitesLocally(TestNG.java:1123)
	at org.testng.TestNG.run(TestNG.java:1031)
	at org.apache.maven.surefire.testng.TestNGExecutor.run(TestNGExecutor.java:283)
	at org.apache.maven.surefire.testng.TestNGXmlTestSuite.execute(TestNGXmlTestSuite.java:75)
	at org.apache.maven.surefire.testng.TestNGProvider.invoke(TestNGProvider.java:120)
	at org.apache.maven.surefire.booter.ForkedBooter.invokeProviderInSameClassLoader(ForkedBooter.java:373)
	at org.apache.maven.surefire.booter.ForkedBooter.runSuitesInProcess(ForkedBooter.java:334)
	at org.apache.maven.surefire.booter.ForkedBooter.execute(ForkedBooter.java:119)
	at org.apache.maven.surefire.booter.ForkedBooter.main(ForkedBooter.java:407)
]]>
            </full-stacktrace>
          </exception> <!-- org.openqa.selenium.NoSuchElementException -->
          <reporter-output>
          </reporter-output>
        </test-method> <!-- isSignInButtonVisible -->
        <test-method status="PASS" signature="getResult(org.testng.ITestResult)[pri:0, instance:tests.DoctorLoginPageTests@26be92ad]" name="getResult" is-config="true" duration-ms="1" started-at="2018-07-10T17:52:03Z" finished-at="2018-07-10T17:52:03Z">
          <params>
            <param index="0">
              <value>
                <![CDATA[[TestResult name=isSignInButtonVisible status=FAILURE method=DoctorLoginPageTests.isSignInButtonVisible()[pri:0, instance:tests.DoctorLoginPageTests@26be92ad] output={null}]]]>
              </value>
            </param>
          </params>
          <reporter-output>
          </reporter-output>
        </test-method> <!-- getResult -->
        <test-method status="FAIL" signature="clickOnSignInButton()[pri:0, instance:tests.DoctorLoginPageTests@26be92ad]" name="clickOnSignInButton" duration-ms="5324" started-at="2018-07-10T17:52:03Z" finished-at="2018-07-10T17:52:08Z">
          <exception class="org.openqa.selenium.NoSuchElementException">
            <message>
              <![CDATA[An element could not be located on the page using the given search parameters. (WARNING: The server did not provide any stacktrace information)
Command duration or timeout: 0 milliseconds
For documentation on this error, please visit: http://seleniumhq.org/exceptions/no_such_element.html
Build info: version: '3.9.1', revision: '63f7b50', time: '2018-02-07T22:25:02.294Z'
System info: host: 'KASHIFALI', ip: '192.168.1.135', os.name: 'Windows 8.1', os.arch: 'amd64', os.version: '6.3', java.version: '1.8.0_25'
Driver info: io.appium.java_client.android.AndroidDriver
Capabilities {app: D:\pliro-mobile-2.0\automat..., appActivity: com.pliro_mobile_2.SplashAc..., appPackage: com.aurora.pliro, automationName: UiAutomator2, deviceName: emulator-5554, javascriptEnabled: true, newCommandTimeout: 30, platform: ANDROID, platformName: ANDROID, platformVersion: 7.1.1}
Session ID: 53f6dfe6-c93c-4343-b890-8e9ebbad1621
*** Element info: {Using=-android uiautomator, value=new UiSelector().text("SIGN IN")}]]>
            </message>
            <full-stacktrace>
              <![CDATA[org.openqa.selenium.NoSuchElementException: An element could not be located on the page using the given search parameters. (WARNING: The server did not provide any stacktrace information)
Command duration or timeout: 0 milliseconds
For documentation on this error, please visit: http://seleniumhq.org/exceptions/no_such_element.html
Build info: version: '3.9.1', revision: '63f7b50', time: '2018-02-07T22:25:02.294Z'
System info: host: 'KASHIFALI', ip: '192.168.1.135', os.name: 'Windows 8.1', os.arch: 'amd64', os.version: '6.3', java.version: '1.8.0_25'
Driver info: io.appium.java_client.android.AndroidDriver
Capabilities {app: D:\pliro-mobile-2.0\automat..., appActivity: com.pliro_mobile_2.SplashAc..., appPackage: com.aurora.pliro, automationName: UiAutomator2, deviceName: emulator-5554, javascriptEnabled: true, newCommandTimeout: 30, platform: ANDROID, platformName: ANDROID, platformVersion: 7.1.1}
Session ID: 53f6dfe6-c93c-4343-b890-8e9ebbad1621
*** Element info: {Using=-android uiautomator, value=new UiSelector().text("SIGN IN")}
	at sun.reflect.NativeConstructorAccessorImpl.newInstance0(Native Method)
	at sun.reflect.NativeConstructorAccessorImpl.newInstance(NativeConstructorAccessorImpl.java:62)
	at sun.reflect.DelegatingConstructorAccessorImpl.newInstance(DelegatingConstructorAccessorImpl.java:45)
	at java.lang.reflect.Constructor.newInstance(Constructor.java:408)
	at org.openqa.selenium.remote.ErrorHandler.createThrowable(ErrorHandler.java:214)
	at org.openqa.selenium.remote.ErrorHandler.throwIfResponseFailed(ErrorHandler.java:166)
	at org.openqa.selenium.remote.http.JsonHttpResponseCodec.reconstructValue(JsonHttpResponseCodec.java:40)
	at org.openqa.selenium.remote.http.AbstractHttpResponseCodec.decode(AbstractHttpResponseCodec.java:80)
	at org.openqa.selenium.remote.http.AbstractHttpResponseCodec.decode(AbstractHttpResponseCodec.java:44)
	at org.openqa.selenium.remote.HttpCommandExecutor.execute(HttpCommandExecutor.java:160)
	at io.appium.java_client.remote.AppiumCommandExecutor.execute(AppiumCommandExecutor.java:129)
	at org.openqa.selenium.remote.RemoteWebDriver.execute(RemoteWebDriver.java:601)
	at io.appium.java_client.DefaultGenericMobileDriver.execute(DefaultGenericMobileDriver.java:42)
	at io.appium.java_client.AppiumDriver.execute(AppiumDriver.java:1)
	at io.appium.java_client.android.AndroidDriver.execute(AndroidDriver.java:1)
	at org.openqa.selenium.remote.RemoteWebDriver.findElement(RemoteWebDriver.java:371)
	at io.appium.java_client.DefaultGenericMobileDriver.findElement(DefaultGenericMobileDriver.java:62)
	at io.appium.java_client.AppiumDriver.findElement(AppiumDriver.java:1)
	at io.appium.java_client.android.AndroidDriver.findElement(AndroidDriver.java:1)
	at io.appium.java_client.FindsByAndroidUIAutomator.findElementByAndroidUIAutomator(FindsByAndroidUIAutomator.java:38)
	at core.UiObject.tap(UiObject.java:179)
	at api.apps.Pliro.loginPage.LoginPage.tapSignInButton(LoginPage.java:50)
	at tests.DoctorLoginPageTests.clickOnSignInButton(DoctorLoginPageTests.java:46)
	at sun.reflect.NativeMethodAccessorImpl.invoke0(Native Method)
	at sun.reflect.NativeMethodAccessorImpl.invoke(NativeMethodAccessorImpl.java:62)
	at sun.reflect.DelegatingMethodAccessorImpl.invoke(DelegatingMethodAccessorImpl.java:43)
	at java.lang.reflect.Method.invoke(Method.java:483)
	at org.testng.internal.MethodInvocationHelper.invokeMethod(MethodInvocationHelper.java:80)
	at org.testng.internal.Invoker.invokeMethod(Invoker.java:714)
	at org.testng.internal.Invoker.invokeTestMethod(Invoker.java:901)
	at org.testng.internal.Invoker.invokeTestMethods(Invoker.java:1231)
	at org.testng.internal.TestMethodWorker.invokeTestMethods(TestMethodWorker.java:127)
	at org.testng.internal.TestMethodWorker.run(TestMethodWorker.java:111)
	at org.testng.TestRunner.privateRun(TestRunner.java:767)
	at org.testng.TestRunner.run(TestRunner.java:617)
	at org.testng.SuiteRunner.runTest(SuiteRunner.java:334)
	at org.testng.SuiteRunner.runSequentially(SuiteRunner.java:329)
	at org.testng.SuiteRunner.privateRun(SuiteRunner.java:291)
	at org.testng.SuiteRunner.run(SuiteRunner.java:240)
	at org.testng.SuiteRunnerWorker.runSuite(SuiteRunnerWorker.java:52)
	at org.testng.SuiteRunnerWorker.run(SuiteRunnerWorker.java:86)
	at org.testng.TestNG.runSuitesSequentially(TestNG.java:1198)
	at org.testng.TestNG.runSuitesLocally(TestNG.java:1123)
	at org.testng.TestNG.run(TestNG.java:1031)
	at org.apache.maven.surefire.testng.TestNGExecutor.run(TestNGExecutor.java:283)
	at org.apache.maven.surefire.testng.TestNGXmlTestSuite.execute(TestNGXmlTestSuite.java:75)
	at org.apache.maven.surefire.testng.TestNGProvider.invoke(TestNGProvider.java:120)
	at org.apache.maven.surefire.booter.ForkedBooter.invokeProviderInSameClassLoader(ForkedBooter.java:373)
	at org.apache.maven.surefire.booter.ForkedBooter.runSuitesInProcess(ForkedBooter.java:334)
	at org.apache.maven.surefire.booter.ForkedBooter.execute(ForkedBooter.java:119)
	at org.apache.maven.surefire.booter.ForkedBooter.main(ForkedBooter.java:407)
]]>
            </full-stacktrace>
          </exception> <!-- org.openqa.selenium.NoSuchElementException -->
          <reporter-output>
          </reporter-output>
        </test-method> <!-- clickOnSignInButton -->
        <test-method status="PASS" signature="getResult(org.testng.ITestResult)[pri:0, instance:tests.DoctorLoginPageTests@26be92ad]" name="getResult" is-config="true" duration-ms="1" started-at="2018-07-10T17:52:08Z" finished-at="2018-07-10T17:52:08Z">
          <params>
            <param index="0">
              <value>
                <![CDATA[[TestResult name=clickOnSignInButton status=FAILURE method=DoctorLoginPageTests.clickOnSignInButton()[pri:0, instance:tests.DoctorLoginPageTests@26be92ad] output={null}]]]>
              </value>
            </param>
          </params>
          <reporter-output>
          </reporter-output>
        </test-method> <!-- getResult -->
      </class> <!-- tests.DoctorLoginPageTests -->
      <class name="tests.AppointmentDeclineTests">
        <test-method status="FAIL" signature="clickOnDeclineLinkText()[pri:0, instance:tests.AppointmentDeclineTests@4b9e13df]" name="clickOnDeclineLinkText" duration-ms="10717" started-at="2018-07-10T17:53:45Z" finished-at="2018-07-10T17:53:56Z">
          <exception class="org.openqa.selenium.NoSuchElementException">
            <message>
              <![CDATA[An element could not be located on the page using the given search parameters. (WARNING: The server did not provide any stacktrace information)
Command duration or timeout: 0 milliseconds
For documentation on this error, please visit: http://seleniumhq.org/exceptions/no_such_element.html
Build info: version: '3.9.1', revision: '63f7b50', time: '2018-02-07T22:25:02.294Z'
System info: host: 'KASHIFALI', ip: '192.168.1.135', os.name: 'Windows 8.1', os.arch: 'amd64', os.version: '6.3', java.version: '1.8.0_25'
Driver info: io.appium.java_client.android.AndroidDriver
Capabilities {app: D:\pliro-mobile-2.0\automat..., appActivity: com.pliro_mobile_2.SplashAc..., appPackage: com.aurora.pliro, automationName: UiAutomator2, deviceName: emulator-5554, javascriptEnabled: true, newCommandTimeout: 30, platform: ANDROID, platformName: ANDROID, platformVersion: 7.1.1}
Session ID: 53f6dfe6-c93c-4343-b890-8e9ebbad1621
*** Element info: {Using=-android uiautomator, value=new UiSelector().text("Decline")}]]>
            </message>
            <full-stacktrace>
              <![CDATA[org.openqa.selenium.NoSuchElementException: An element could not be located on the page using the given search parameters. (WARNING: The server did not provide any stacktrace information)
Command duration or timeout: 0 milliseconds
For documentation on this error, please visit: http://seleniumhq.org/exceptions/no_such_element.html
Build info: version: '3.9.1', revision: '63f7b50', time: '2018-02-07T22:25:02.294Z'
System info: host: 'KASHIFALI', ip: '192.168.1.135', os.name: 'Windows 8.1', os.arch: 'amd64', os.version: '6.3', java.version: '1.8.0_25'
Driver info: io.appium.java_client.android.AndroidDriver
Capabilities {app: D:\pliro-mobile-2.0\automat..., appActivity: com.pliro_mobile_2.SplashAc..., appPackage: com.aurora.pliro, automationName: UiAutomator2, deviceName: emulator-5554, javascriptEnabled: true, newCommandTimeout: 30, platform: ANDROID, platformName: ANDROID, platformVersion: 7.1.1}
Session ID: 53f6dfe6-c93c-4343-b890-8e9ebbad1621
*** Element info: {Using=-android uiautomator, value=new UiSelector().text("Decline")}
	at sun.reflect.GeneratedConstructorAccessor13.newInstance(Unknown Source)
	at sun.reflect.DelegatingConstructorAccessorImpl.newInstance(DelegatingConstructorAccessorImpl.java:45)
	at java.lang.reflect.Constructor.newInstance(Constructor.java:408)
	at org.openqa.selenium.remote.ErrorHandler.createThrowable(ErrorHandler.java:214)
	at org.openqa.selenium.remote.ErrorHandler.throwIfResponseFailed(ErrorHandler.java:166)
	at org.openqa.selenium.remote.http.JsonHttpResponseCodec.reconstructValue(JsonHttpResponseCodec.java:40)
	at org.openqa.selenium.remote.http.AbstractHttpResponseCodec.decode(AbstractHttpResponseCodec.java:80)
	at org.openqa.selenium.remote.http.AbstractHttpResponseCodec.decode(AbstractHttpResponseCodec.java:44)
	at org.openqa.selenium.remote.HttpCommandExecutor.execute(HttpCommandExecutor.java:160)
	at io.appium.java_client.remote.AppiumCommandExecutor.execute(AppiumCommandExecutor.java:129)
	at org.openqa.selenium.remote.RemoteWebDriver.execute(RemoteWebDriver.java:601)
	at io.appium.java_client.DefaultGenericMobileDriver.execute(DefaultGenericMobileDriver.java:42)
	at io.appium.java_client.AppiumDriver.execute(AppiumDriver.java:1)
	at io.appium.java_client.android.AndroidDriver.execute(AndroidDriver.java:1)
	at org.openqa.selenium.remote.RemoteWebDriver.findElement(RemoteWebDriver.java:371)
	at io.appium.java_client.DefaultGenericMobileDriver.findElement(DefaultGenericMobileDriver.java:62)
	at io.appium.java_client.AppiumDriver.findElement(AppiumDriver.java:1)
	at io.appium.java_client.android.AndroidDriver.findElement(AndroidDriver.java:1)
	at io.appium.java_client.FindsByAndroidUIAutomator.findElementByAndroidUIAutomator(FindsByAndroidUIAutomator.java:38)
	at core.UiObject.tap(UiObject.java:179)
	at api.apps.Pliro.pendingPage.PendingPage.tapDeclineLinkText(PendingPage.java:132)
	at tests.AppointmentDeclineTests.clickOnDeclineLinkText(AppointmentDeclineTests.java:12)
	at sun.reflect.NativeMethodAccessorImpl.invoke0(Native Method)
	at sun.reflect.NativeMethodAccessorImpl.invoke(NativeMethodAccessorImpl.java:62)
	at sun.reflect.DelegatingMethodAccessorImpl.invoke(DelegatingMethodAccessorImpl.java:43)
	at java.lang.reflect.Method.invoke(Method.java:483)
	at org.testng.internal.MethodInvocationHelper.invokeMethod(MethodInvocationHelper.java:80)
	at org.testng.internal.Invoker.invokeMethod(Invoker.java:714)
	at org.testng.internal.Invoker.invokeTestMethod(Invoker.java:901)
	at org.testng.internal.Invoker.invokeTestMethods(Invoker.java:1231)
	at org.testng.internal.TestMethodWorker.invokeTestMethods(TestMethodWorker.java:127)
	at org.testng.internal.TestMethodWorker.run(TestMethodWorker.java:111)
	at org.testng.TestRunner.privateRun(TestRunner.java:767)
	at org.testng.TestRunner.run(TestRunner.java:617)
	at org.testng.SuiteRunner.runTest(SuiteRunner.java:334)
	at org.testng.SuiteRunner.runSequentially(SuiteRunner.java:329)
	at org.testng.SuiteRunner.privateRun(SuiteRunner.java:291)
	at org.testng.SuiteRunner.run(SuiteRunner.java:240)
	at org.testng.SuiteRunnerWorker.runSuite(SuiteRunnerWorker.java:52)
	at org.testng.SuiteRunnerWorker.run(SuiteRunnerWorker.java:86)
	at org.testng.TestNG.runSuitesSequentially(TestNG.java:1198)
	at org.testng.TestNG.runSuitesLocally(TestNG.java:1123)
	at org.testng.TestNG.run(TestNG.java:1031)
	at org.apache.maven.surefire.testng.TestNGExecutor.run(TestNGExecutor.java:283)
	at org.apache.maven.surefire.testng.TestNGXmlTestSuite.execute(TestNGXmlTestSuite.java:75)
	at org.apache.maven.surefire.testng.TestNGProvider.invoke(TestNGProvider.java:120)
	at org.apache.maven.surefire.booter.ForkedBooter.invokeProviderInSameClassLoader(ForkedBooter.java:373)
	at org.apache.maven.surefire.booter.ForkedBooter.runSuitesInProcess(ForkedBooter.java:334)
	at org.apache.maven.surefire.booter.ForkedBooter.execute(ForkedBooter.java:119)
	at org.apache.maven.surefire.booter.ForkedBooter.main(ForkedBooter.java:407)
]]>
            </full-stacktrace>
          </exception> <!-- org.openqa.selenium.NoSuchElementException -->
          <reporter-output>
          </reporter-output>
        </test-method> <!-- clickOnDeclineLinkText -->
        <test-method status="PASS" signature="getResult(org.testng.ITestResult)[pri:0, instance:tests.AppointmentDeclineTests@4b9e13df]" name="getResult" is-config="true" duration-ms="1" started-at="2018-07-10T17:53:56Z" finished-at="2018-07-10T17:53:56Z">
          <params>
            <param index="0">
              <value>
                <![CDATA[[TestResult name=clickOnDeclineLinkText status=FAILURE method=AppointmentDeclineTests.clickOnDeclineLinkText()[pri:0, instance:tests.AppointmentDeclineTests@4b9e13df] output={null}]]]>
              </value>
            </param>
          </params>
          <reporter-output>
          </reporter-output>
        </test-method> <!-- getResult -->
        <test-method status="SKIP" signature="isConfirmDeclineAppointmentTextVisible()[pri:0, instance:tests.AppointmentDeclineTests@4b9e13df]" name="isConfirmDeclineAppointmentTextVisible" duration-ms="1" started-at="2018-07-10T17:53:56Z" depends-on-methods="tests.AppointmentDeclineTests.clickOnDeclineLinkText" finished-at="2018-07-10T17:53:56Z">
          <reporter-output>
          </reporter-output>
        </test-method> <!-- isConfirmDeclineAppointmentTextVisible -->
        <test-method status="SKIP" signature="clickOnCancelLinkText()[pri:0, instance:tests.AppointmentDeclineTests@4b9e13df]" name="clickOnCancelLinkText" duration-ms="0" started-at="2018-07-10T17:53:56Z" depends-on-methods="tests.AppointmentDeclineTests.clickOnDeclineLinkText" finished-at="2018-07-10T17:53:56Z">
          <reporter-output>
          </reporter-output>
        </test-method> <!-- clickOnCancelLinkText -->
        <test-method status="SKIP" signature="isOkTextVisible()[pri:0, instance:tests.AppointmentDeclineTests@4b9e13df]" name="isOkTextVisible" duration-ms="0" started-at="2018-07-10T17:53:56Z" depends-on-methods="tests.AppointmentDeclineTests.clickOnDeclineLinkText" finished-at="2018-07-10T17:53:56Z">
          <reporter-output>
          </reporter-output>
        </test-method> <!-- isOkTextVisible -->
        <test-method status="SKIP" signature="clickOnDeclineOklLinkText()[pri:0, instance:tests.AppointmentDeclineTests@4b9e13df]" name="clickOnDeclineOklLinkText" duration-ms="0" started-at="2018-07-10T17:53:56Z" depends-on-methods="tests.AppointmentDeclineTests.clickOnDeclineLinkText" finished-at="2018-07-10T17:53:56Z">
          <reporter-output>
          </reporter-output>
        </test-method> <!-- clickOnDeclineOklLinkText -->
        <test-method status="SKIP" signature="isCancelTextVisible()[pri:0, instance:tests.AppointmentDeclineTests@4b9e13df]" name="isCancelTextVisible" duration-ms="0" started-at="2018-07-10T17:53:56Z" depends-on-methods="tests.AppointmentDeclineTests.clickOnDeclineLinkText" finished-at="2018-07-10T17:53:56Z">
          <reporter-output>
          </reporter-output>
        </test-method> <!-- isCancelTextVisible -->
      </class> <!-- tests.AppointmentDeclineTests -->
      <class name="tests.SettingsPageTests">
        <test-method status="FAIL" signature="clickonsettingsText()[pri:0, instance:tests.SettingsPageTests@4c70fda8]" name="clickonsettingsText" duration-ms="5512" started-at="2018-07-10T17:51:25Z" finished-at="2018-07-10T17:51:31Z">
          <exception class="org.openqa.selenium.NoSuchElementException">
            <message>
              <![CDATA[An element could not be located on the page using the given search parameters. (WARNING: The server did not provide any stacktrace information)
Command duration or timeout: 0 milliseconds
For documentation on this error, please visit: http://seleniumhq.org/exceptions/no_such_element.html
Build info: version: '3.9.1', revision: '63f7b50', time: '2018-02-07T22:25:02.294Z'
System info: host: 'KASHIFALI', ip: '192.168.1.135', os.name: 'Windows 8.1', os.arch: 'amd64', os.version: '6.3', java.version: '1.8.0_25'
Driver info: io.appium.java_client.android.AndroidDriver
Capabilities {app: D:\pliro-mobile-2.0\automat..., appActivity: com.pliro_mobile_2.SplashAc..., appPackage: com.aurora.pliro, automationName: UiAutomator2, deviceName: emulator-5554, javascriptEnabled: true, newCommandTimeout: 30, platform: ANDROID, platformName: ANDROID, platformVersion: 7.1.1}
Session ID: 53f6dfe6-c93c-4343-b890-8e9ebbad1621
*** Element info: {Using=xpath, value=/hierarchy/android.widget.FrameLayout/android.widget.LinearLayout/android.widget.FrameLayout/android.widget.LinearLayout/android.widget.FrameLayout/android.widget.RelativeLayout/android.widget.FrameLayout/android.widget.LinearLayout/android.widget.FrameLayout[4]/android.widget.ImageView}]]>
            </message>
            <full-stacktrace>
              <![CDATA[org.openqa.selenium.NoSuchElementException: An element could not be located on the page using the given search parameters. (WARNING: The server did not provide any stacktrace information)
Command duration or timeout: 0 milliseconds
For documentation on this error, please visit: http://seleniumhq.org/exceptions/no_such_element.html
Build info: version: '3.9.1', revision: '63f7b50', time: '2018-02-07T22:25:02.294Z'
System info: host: 'KASHIFALI', ip: '192.168.1.135', os.name: 'Windows 8.1', os.arch: 'amd64', os.version: '6.3', java.version: '1.8.0_25'
Driver info: io.appium.java_client.android.AndroidDriver
Capabilities {app: D:\pliro-mobile-2.0\automat..., appActivity: com.pliro_mobile_2.SplashAc..., appPackage: com.aurora.pliro, automationName: UiAutomator2, deviceName: emulator-5554, javascriptEnabled: true, newCommandTimeout: 30, platform: ANDROID, platformName: ANDROID, platformVersion: 7.1.1}
Session ID: 53f6dfe6-c93c-4343-b890-8e9ebbad1621
*** Element info: {Using=xpath, value=/hierarchy/android.widget.FrameLayout/android.widget.LinearLayout/android.widget.FrameLayout/android.widget.LinearLayout/android.widget.FrameLayout/android.widget.RelativeLayout/android.widget.FrameLayout/android.widget.LinearLayout/android.widget.FrameLayout[4]/android.widget.ImageView}
	at sun.reflect.NativeConstructorAccessorImpl.newInstance0(Native Method)
	at sun.reflect.NativeConstructorAccessorImpl.newInstance(NativeConstructorAccessorImpl.java:62)
	at sun.reflect.DelegatingConstructorAccessorImpl.newInstance(DelegatingConstructorAccessorImpl.java:45)
	at java.lang.reflect.Constructor.newInstance(Constructor.java:408)
	at org.openqa.selenium.remote.ErrorHandler.createThrowable(ErrorHandler.java:214)
	at org.openqa.selenium.remote.ErrorHandler.throwIfResponseFailed(ErrorHandler.java:166)
	at org.openqa.selenium.remote.http.JsonHttpResponseCodec.reconstructValue(JsonHttpResponseCodec.java:40)
	at org.openqa.selenium.remote.http.AbstractHttpResponseCodec.decode(AbstractHttpResponseCodec.java:80)
	at org.openqa.selenium.remote.http.AbstractHttpResponseCodec.decode(AbstractHttpResponseCodec.java:44)
	at org.openqa.selenium.remote.HttpCommandExecutor.execute(HttpCommandExecutor.java:160)
	at io.appium.java_client.remote.AppiumCommandExecutor.execute(AppiumCommandExecutor.java:129)
	at org.openqa.selenium.remote.RemoteWebDriver.execute(RemoteWebDriver.java:601)
	at io.appium.java_client.DefaultGenericMobileDriver.execute(DefaultGenericMobileDriver.java:42)
	at io.appium.java_client.AppiumDriver.execute(AppiumDriver.java:1)
	at io.appium.java_client.android.AndroidDriver.execute(AndroidDriver.java:1)
	at org.openqa.selenium.remote.RemoteWebDriver.findElement(RemoteWebDriver.java:371)
	at io.appium.java_client.DefaultGenericMobileDriver.findElement(DefaultGenericMobileDriver.java:62)
	at io.appium.java_client.AppiumDriver.findElement(AppiumDriver.java:1)
	at io.appium.java_client.android.AndroidDriver.findElement(AndroidDriver.java:1)
	at org.openqa.selenium.remote.RemoteWebDriver.findElementByXPath(RemoteWebDriver.java:473)
	at io.appium.java_client.DefaultGenericMobileDriver.findElementByXPath(DefaultGenericMobileDriver.java:152)
	at io.appium.java_client.AppiumDriver.findElementByXPath(AppiumDriver.java:1)
	at io.appium.java_client.android.AndroidDriver.findElementByXPath(AndroidDriver.java:1)
	at core.UiObject.tap(UiObject.java:178)
	at api.apps.Pliro.settingsPage.SettingsPage.tapsettingsText(SettingsPage.java:47)
	at tests.SettingsPageTests.clickonsettingsText(SettingsPageTests.java:13)
	at sun.reflect.NativeMethodAccessorImpl.invoke0(Native Method)
	at sun.reflect.NativeMethodAccessorImpl.invoke(NativeMethodAccessorImpl.java:62)
	at sun.reflect.DelegatingMethodAccessorImpl.invoke(DelegatingMethodAccessorImpl.java:43)
	at java.lang.reflect.Method.invoke(Method.java:483)
	at org.testng.internal.MethodInvocationHelper.invokeMethod(MethodInvocationHelper.java:80)
	at org.testng.internal.Invoker.invokeMethod(Invoker.java:714)
	at org.testng.internal.Invoker.invokeTestMethod(Invoker.java:901)
	at org.testng.internal.Invoker.invokeTestMethods(Invoker.java:1231)
	at org.testng.internal.TestMethodWorker.invokeTestMethods(TestMethodWorker.java:127)
	at org.testng.internal.TestMethodWorker.run(TestMethodWorker.java:111)
	at org.testng.TestRunner.privateRun(TestRunner.java:767)
	at org.testng.TestRunner.run(TestRunner.java:617)
	at org.testng.SuiteRunner.runTest(SuiteRunner.java:334)
	at org.testng.SuiteRunner.runSequentially(SuiteRunner.java:329)
	at org.testng.SuiteRunner.privateRun(SuiteRunner.java:291)
	at org.testng.SuiteRunner.run(SuiteRunner.java:240)
	at org.testng.SuiteRunnerWorker.runSuite(SuiteRunnerWorker.java:52)
	at org.testng.SuiteRunnerWorker.run(SuiteRunnerWorker.java:86)
	at org.testng.TestNG.runSuitesSequentially(TestNG.java:1198)
	at org.testng.TestNG.runSuitesLocally(TestNG.java:1123)
	at org.testng.TestNG.run(TestNG.java:1031)
	at org.apache.maven.surefire.testng.TestNGExecutor.run(TestNGExecutor.java:283)
	at org.apache.maven.surefire.testng.TestNGXmlTestSuite.execute(TestNGXmlTestSuite.java:75)
	at org.apache.maven.surefire.testng.TestNGProvider.invoke(TestNGProvider.java:120)
	at org.apache.maven.surefire.booter.ForkedBooter.invokeProviderInSameClassLoader(ForkedBooter.java:373)
	at org.apache.maven.surefire.booter.ForkedBooter.runSuitesInProcess(ForkedBooter.java:334)
	at org.apache.maven.surefire.booter.ForkedBooter.execute(ForkedBooter.java:119)
	at org.apache.maven.surefire.booter.ForkedBooter.main(ForkedBooter.java:407)
]]>
            </full-stacktrace>
          </exception> <!-- org.openqa.selenium.NoSuchElementException -->
          <reporter-output>
          </reporter-output>
        </test-method> <!-- clickonsettingsText -->
        <test-method status="PASS" signature="getResult(org.testng.ITestResult)[pri:0, instance:tests.SettingsPageTests@4c70fda8]" name="getResult" is-config="true" duration-ms="2" started-at="2018-07-10T17:51:31Z" finished-at="2018-07-10T17:51:31Z">
          <params>
            <param index="0">
              <value>
                <![CDATA[[TestResult name=clickonsettingsText status=FAILURE method=SettingsPageTests.clickonsettingsText()[pri:0, instance:tests.SettingsPageTests@4c70fda8] output={null}]]]>
              </value>
            </param>
          </params>
          <reporter-output>
          </reporter-output>
        </test-method> <!-- getResult -->
        <test-method status="FAIL" signature="findLogoutText()[pri:0, instance:tests.SettingsPageTests@4c70fda8]" name="findLogoutText" duration-ms="5392" started-at="2018-07-10T17:51:31Z" finished-at="2018-07-10T17:51:36Z">
          <exception class="org.openqa.selenium.NoSuchElementException">
            <message>
              <![CDATA[An element could not be located on the page using the given search parameters. (WARNING: The server did not provide any stacktrace information)
Command duration or timeout: 0 milliseconds
For documentation on this error, please visit: http://seleniumhq.org/exceptions/no_such_element.html
Build info: version: '3.9.1', revision: '63f7b50', time: '2018-02-07T22:25:02.294Z'
System info: host: 'KASHIFALI', ip: '192.168.1.135', os.name: 'Windows 8.1', os.arch: 'amd64', os.version: '6.3', java.version: '1.8.0_25'
Driver info: io.appium.java_client.android.AndroidDriver
Capabilities {app: D:\pliro-mobile-2.0\automat..., appActivity: com.pliro_mobile_2.SplashAc..., appPackage: com.aurora.pliro, automationName: UiAutomator2, deviceName: emulator-5554, javascriptEnabled: true, newCommandTimeout: 30, platform: ANDROID, platformName: ANDROID, platformVersion: 7.1.1}
Session ID: 53f6dfe6-c93c-4343-b890-8e9ebbad1621
*** Element info: {Using=-android uiautomator, value=new UiSelector().text("Logout")}]]>
            </message>
            <full-stacktrace>
              <![CDATA[org.openqa.selenium.NoSuchElementException: An element could not be located on the page using the given search parameters. (WARNING: The server did not provide any stacktrace information)
Command duration or timeout: 0 milliseconds
For documentation on this error, please visit: http://seleniumhq.org/exceptions/no_such_element.html
Build info: version: '3.9.1', revision: '63f7b50', time: '2018-02-07T22:25:02.294Z'
System info: host: 'KASHIFALI', ip: '192.168.1.135', os.name: 'Windows 8.1', os.arch: 'amd64', os.version: '6.3', java.version: '1.8.0_25'
Driver info: io.appium.java_client.android.AndroidDriver
Capabilities {app: D:\pliro-mobile-2.0\automat..., appActivity: com.pliro_mobile_2.SplashAc..., appPackage: com.aurora.pliro, automationName: UiAutomator2, deviceName: emulator-5554, javascriptEnabled: true, newCommandTimeout: 30, platform: ANDROID, platformName: ANDROID, platformVersion: 7.1.1}
Session ID: 53f6dfe6-c93c-4343-b890-8e9ebbad1621
*** Element info: {Using=-android uiautomator, value=new UiSelector().text("Logout")}
	at sun.reflect.NativeConstructorAccessorImpl.newInstance0(Native Method)
	at sun.reflect.NativeConstructorAccessorImpl.newInstance(NativeConstructorAccessorImpl.java:62)
	at sun.reflect.DelegatingConstructorAccessorImpl.newInstance(DelegatingConstructorAccessorImpl.java:45)
	at java.lang.reflect.Constructor.newInstance(Constructor.java:408)
	at org.openqa.selenium.remote.ErrorHandler.createThrowable(ErrorHandler.java:214)
	at org.openqa.selenium.remote.ErrorHandler.throwIfResponseFailed(ErrorHandler.java:166)
	at org.openqa.selenium.remote.http.JsonHttpResponseCodec.reconstructValue(JsonHttpResponseCodec.java:40)
	at org.openqa.selenium.remote.http.AbstractHttpResponseCodec.decode(AbstractHttpResponseCodec.java:80)
	at org.openqa.selenium.remote.http.AbstractHttpResponseCodec.decode(AbstractHttpResponseCodec.java:44)
	at org.openqa.selenium.remote.HttpCommandExecutor.execute(HttpCommandExecutor.java:160)
	at io.appium.java_client.remote.AppiumCommandExecutor.execute(AppiumCommandExecutor.java:129)
	at org.openqa.selenium.remote.RemoteWebDriver.execute(RemoteWebDriver.java:601)
	at io.appium.java_client.DefaultGenericMobileDriver.execute(DefaultGenericMobileDriver.java:42)
	at io.appium.java_client.AppiumDriver.execute(AppiumDriver.java:1)
	at io.appium.java_client.android.AndroidDriver.execute(AndroidDriver.java:1)
	at org.openqa.selenium.remote.RemoteWebDriver.findElement(RemoteWebDriver.java:371)
	at io.appium.java_client.DefaultGenericMobileDriver.findElement(DefaultGenericMobileDriver.java:62)
	at io.appium.java_client.AppiumDriver.findElement(AppiumDriver.java:1)
	at io.appium.java_client.android.AndroidDriver.findElement(AndroidDriver.java:1)
	at io.appium.java_client.FindsByAndroidUIAutomator.findElementByAndroidUIAutomator(FindsByAndroidUIAutomator.java:38)
	at core.UiObject.getText(UiObject.java:120)
	at api.apps.Pliro.settingsPage.SettingsPage.findLogoutTextLink(SettingsPage.java:24)
	at tests.SettingsPageTests.findLogoutText(SettingsPageTests.java:20)
	at sun.reflect.NativeMethodAccessorImpl.invoke0(Native Method)
	at sun.reflect.NativeMethodAccessorImpl.invoke(NativeMethodAccessorImpl.java:62)
	at sun.reflect.DelegatingMethodAccessorImpl.invoke(DelegatingMethodAccessorImpl.java:43)
	at java.lang.reflect.Method.invoke(Method.java:483)
	at org.testng.internal.MethodInvocationHelper.invokeMethod(MethodInvocationHelper.java:80)
	at org.testng.internal.Invoker.invokeMethod(Invoker.java:714)
	at org.testng.internal.Invoker.invokeTestMethod(Invoker.java:901)
	at org.testng.internal.Invoker.invokeTestMethods(Invoker.java:1231)
	at org.testng.internal.TestMethodWorker.invokeTestMethods(TestMethodWorker.java:127)
	at org.testng.internal.TestMethodWorker.run(TestMethodWorker.java:111)
	at org.testng.TestRunner.privateRun(TestRunner.java:767)
	at org.testng.TestRunner.run(TestRunner.java:617)
	at org.testng.SuiteRunner.runTest(SuiteRunner.java:334)
	at org.testng.SuiteRunner.runSequentially(SuiteRunner.java:329)
	at org.testng.SuiteRunner.privateRun(SuiteRunner.java:291)
	at org.testng.SuiteRunner.run(SuiteRunner.java:240)
	at org.testng.SuiteRunnerWorker.runSuite(SuiteRunnerWorker.java:52)
	at org.testng.SuiteRunnerWorker.run(SuiteRunnerWorker.java:86)
	at org.testng.TestNG.runSuitesSequentially(TestNG.java:1198)
	at org.testng.TestNG.runSuitesLocally(TestNG.java:1123)
	at org.testng.TestNG.run(TestNG.java:1031)
	at org.apache.maven.surefire.testng.TestNGExecutor.run(TestNGExecutor.java:283)
	at org.apache.maven.surefire.testng.TestNGXmlTestSuite.execute(TestNGXmlTestSuite.java:75)
	at org.apache.maven.surefire.testng.TestNGProvider.invoke(TestNGProvider.java:120)
	at org.apache.maven.surefire.booter.ForkedBooter.invokeProviderInSameClassLoader(ForkedBooter.java:373)
	at org.apache.maven.surefire.booter.ForkedBooter.runSuitesInProcess(ForkedBooter.java:334)
	at org.apache.maven.surefire.booter.ForkedBooter.execute(ForkedBooter.java:119)
	at org.apache.maven.surefire.booter.ForkedBooter.main(ForkedBooter.java:407)
]]>
            </full-stacktrace>
          </exception> <!-- org.openqa.selenium.NoSuchElementException -->
          <reporter-output>
          </reporter-output>
        </test-method> <!-- findLogoutText -->
        <test-method status="PASS" signature="getResult(org.testng.ITestResult)[pri:0, instance:tests.SettingsPageTests@4c70fda8]" name="getResult" is-config="true" duration-ms="2" started-at="2018-07-10T17:51:36Z" finished-at="2018-07-10T17:51:36Z">
          <params>
            <param index="0">
              <value>
                <![CDATA[[TestResult name=findLogoutText status=FAILURE method=SettingsPageTests.findLogoutText()[pri:0, instance:tests.SettingsPageTests@4c70fda8] output={null}]]]>
              </value>
            </param>
          </params>
          <reporter-output>
          </reporter-output>
        </test-method> <!-- getResult -->
      </class> <!-- tests.SettingsPageTests -->
      <class name="tests.LookingForDoctorPageTests">
        <test-method status="PASS" signature="isFindBestDoctorTextVisible()[pri:0, instance:tests.LookingForDoctorPageTests@8bd1b6a]" name="isFindBestDoctorTextVisible" duration-ms="200" started-at="2018-07-10T17:50:30Z" finished-at="2018-07-10T17:50:30Z">
          <reporter-output>
          </reporter-output>
        </test-method> <!-- isFindBestDoctorTextVisible -->
        <test-method status="PASS" signature="getResult(org.testng.ITestResult)[pri:0, instance:tests.LookingForDoctorPageTests@8bd1b6a]" name="getResult" is-config="true" duration-ms="1" started-at="2018-07-10T17:50:30Z" finished-at="2018-07-10T17:50:30Z">
          <params>
            <param index="0">
              <value>
                <![CDATA[[TestResult name=isFindBestDoctorTextVisible status=SUCCESS method=LookingForDoctorPageTests.isFindBestDoctorTextVisible()[pri:0, instance:tests.LookingForDoctorPageTests@8bd1b6a] output={null}]]]>
              </value>
            </param>
          </params>
          <reporter-output>
          </reporter-output>
        </test-method> <!-- getResult -->
        <test-method status="PASS" signature="isLoginWithEmailButtonVisible()[pri:0, instance:tests.LookingForDoctorPageTests@8bd1b6a]" name="isLoginWithEmailButtonVisible" duration-ms="169" started-at="2018-07-10T17:50:30Z" depends-on-methods="tests.LookingForDoctorPageTests.isFindBestDoctorTextVisible" finished-at="2018-07-10T17:50:30Z">
          <reporter-output>
          </reporter-output>
        </test-method> <!-- isLoginWithEmailButtonVisible -->
        <test-method status="PASS" signature="getResult(org.testng.ITestResult)[pri:0, instance:tests.LookingForDoctorPageTests@8bd1b6a]" name="getResult" is-config="true" duration-ms="1" started-at="2018-07-10T17:50:30Z" finished-at="2018-07-10T17:50:30Z">
          <params>
            <param index="0">
              <value>
                <![CDATA[[TestResult name=isLoginWithEmailButtonVisible status=SUCCESS method=LookingForDoctorPageTests.isLoginWithEmailButtonVisible()[pri:0, instance:tests.LookingForDoctorPageTests@8bd1b6a] output={null}]]]>
              </value>
            </param>
          </params>
          <reporter-output>
          </reporter-output>
        </test-method> <!-- getResult -->
        <test-method status="PASS" signature="isDontHaveAccountTextVisible()[pri:0, instance:tests.LookingForDoctorPageTests@8bd1b6a]" name="isDontHaveAccountTextVisible" duration-ms="243" started-at="2018-07-10T17:50:30Z" depends-on-methods="tests.LookingForDoctorPageTests.isFindBestDoctorTextVisible" finished-at="2018-07-10T17:50:30Z">
          <reporter-output>
          </reporter-output>
        </test-method> <!-- isDontHaveAccountTextVisible -->
        <test-method status="PASS" signature="getResult(org.testng.ITestResult)[pri:0, instance:tests.LookingForDoctorPageTests@8bd1b6a]" name="getResult" is-config="true" duration-ms="0" started-at="2018-07-10T17:50:30Z" finished-at="2018-07-10T17:50:30Z">
          <params>
            <param index="0">
              <value>
                <![CDATA[[TestResult name=isDontHaveAccountTextVisible status=SUCCESS method=LookingForDoctorPageTests.isDontHaveAccountTextVisible()[pri:0, instance:tests.LookingForDoctorPageTests@8bd1b6a] output={null}]]]>
              </value>
            </param>
          </params>
          <reporter-output>
          </reporter-output>
        </test-method> <!-- getResult -->
        <test-method status="PASS" signature="isLoginWithEmailButtonEnabled()[pri:0, instance:tests.LookingForDoctorPageTests@8bd1b6a]" name="isLoginWithEmailButtonEnabled" duration-ms="52" started-at="2018-07-10T17:50:30Z" depends-on-methods="tests.LookingForDoctorPageTests.isLoginWithEmailButtonVisible" finished-at="2018-07-10T17:50:30Z">
          <reporter-output>
          </reporter-output>
        </test-method> <!-- isLoginWithEmailButtonEnabled -->
        <test-method status="PASS" signature="getResult(org.testng.ITestResult)[pri:0, instance:tests.LookingForDoctorPageTests@8bd1b6a]" name="getResult" is-config="true" duration-ms="1" started-at="2018-07-10T17:50:30Z" finished-at="2018-07-10T17:50:30Z">
          <params>
            <param index="0">
              <value>
                <![CDATA[[TestResult name=isLoginWithEmailButtonEnabled status=SUCCESS method=LookingForDoctorPageTests.isLoginWithEmailButtonEnabled()[pri:0, instance:tests.LookingForDoctorPageTests@8bd1b6a] output={null}]]]>
              </value>
            </param>
          </params>
          <reporter-output>
          </reporter-output>
        </test-method> <!-- getResult -->
        <test-method status="PASS" signature="isSignupTextVisible()[pri:0, instance:tests.LookingForDoctorPageTests@8bd1b6a]" name="isSignupTextVisible" duration-ms="177" started-at="2018-07-10T17:50:30Z" depends-on-methods="tests.LookingForDoctorPageTests.isDontHaveAccountTextVisible" finished-at="2018-07-10T17:50:30Z">
          <reporter-output>
          </reporter-output>
        </test-method> <!-- isSignupTextVisible -->
        <test-method status="PASS" signature="getResult(org.testng.ITestResult)[pri:0, instance:tests.LookingForDoctorPageTests@8bd1b6a]" name="getResult" is-config="true" duration-ms="0" started-at="2018-07-10T17:50:30Z" finished-at="2018-07-10T17:50:30Z">
          <params>
            <param index="0">
              <value>
                <![CDATA[[TestResult name=isSignupTextVisible status=SUCCESS method=LookingForDoctorPageTests.isSignupTextVisible()[pri:0, instance:tests.LookingForDoctorPageTests@8bd1b6a] output={null}]]]>
              </value>
            </param>
          </params>
          <reporter-output>
          </reporter-output>
        </test-method> <!-- getResult -->
        <test-method status="PASS" signature="isSkipThisStepTextVisible()[pri:0, instance:tests.LookingForDoctorPageTests@8bd1b6a]" name="isSkipThisStepTextVisible" duration-ms="209" started-at="2018-07-10T17:50:30Z" depends-on-methods="tests.LookingForDoctorPageTests.isLoginWithEmailButtonEnabled" finished-at="2018-07-10T17:50:31Z">
          <reporter-output>
          </reporter-output>
        </test-method> <!-- isSkipThisStepTextVisible -->
        <test-method status="PASS" signature="getResult(org.testng.ITestResult)[pri:0, instance:tests.LookingForDoctorPageTests@8bd1b6a]" name="getResult" is-config="true" duration-ms="0" started-at="2018-07-10T17:50:31Z" finished-at="2018-07-10T17:50:31Z">
          <params>
            <param index="0">
              <value>
                <![CDATA[[TestResult name=isSkipThisStepTextVisible status=SUCCESS method=LookingForDoctorPageTests.isSkipThisStepTextVisible()[pri:0, instance:tests.LookingForDoctorPageTests@8bd1b6a] output={null}]]]>
              </value>
            </param>
          </params>
          <reporter-output>
          </reporter-output>
        </test-method> <!-- getResult -->
      </class> <!-- tests.LookingForDoctorPageTests -->
      <class name="tests.DoctorSettingsPageTests">
        <test-method status="FAIL" signature="clickonsettingsText()[pri:0, instance:tests.DoctorSettingsPageTests@59fa1d9b]" name="clickonsettingsText" duration-ms="5407" started-at="2018-07-10T17:54:49Z" finished-at="2018-07-10T17:54:55Z">
          <exception class="org.openqa.selenium.NoSuchElementException">
            <message>
              <![CDATA[An element could not be located on the page using the given search parameters. (WARNING: The server did not provide any stacktrace information)
Command duration or timeout: 0 milliseconds
For documentation on this error, please visit: http://seleniumhq.org/exceptions/no_such_element.html
Build info: version: '3.9.1', revision: '63f7b50', time: '2018-02-07T22:25:02.294Z'
System info: host: 'KASHIFALI', ip: '192.168.1.135', os.name: 'Windows 8.1', os.arch: 'amd64', os.version: '6.3', java.version: '1.8.0_25'
Driver info: io.appium.java_client.android.AndroidDriver
Capabilities {app: D:\pliro-mobile-2.0\automat..., appActivity: com.pliro_mobile_2.SplashAc..., appPackage: com.aurora.pliro, automationName: UiAutomator2, deviceName: emulator-5554, javascriptEnabled: true, newCommandTimeout: 30, platform: ANDROID, platformName: ANDROID, platformVersion: 7.1.1}
Session ID: 53f6dfe6-c93c-4343-b890-8e9ebbad1621
*** Element info: {Using=xpath, value=/hierarchy/android.widget.FrameLayout/android.widget.LinearLayout/android.widget.FrameLayout/android.widget.LinearLayout/android.widget.FrameLayout/android.widget.RelativeLayout/android.widget.FrameLayout/android.widget.LinearLayout/android.widget.FrameLayout[4]/android.widget.ImageView}]]>
            </message>
            <full-stacktrace>
              <![CDATA[org.openqa.selenium.NoSuchElementException: An element could not be located on the page using the given search parameters. (WARNING: The server did not provide any stacktrace information)
Command duration or timeout: 0 milliseconds
For documentation on this error, please visit: http://seleniumhq.org/exceptions/no_such_element.html
Build info: version: '3.9.1', revision: '63f7b50', time: '2018-02-07T22:25:02.294Z'
System info: host: 'KASHIFALI', ip: '192.168.1.135', os.name: 'Windows 8.1', os.arch: 'amd64', os.version: '6.3', java.version: '1.8.0_25'
Driver info: io.appium.java_client.android.AndroidDriver
Capabilities {app: D:\pliro-mobile-2.0\automat..., appActivity: com.pliro_mobile_2.SplashAc..., appPackage: com.aurora.pliro, automationName: UiAutomator2, deviceName: emulator-5554, javascriptEnabled: true, newCommandTimeout: 30, platform: ANDROID, platformName: ANDROID, platformVersion: 7.1.1}
Session ID: 53f6dfe6-c93c-4343-b890-8e9ebbad1621
*** Element info: {Using=xpath, value=/hierarchy/android.widget.FrameLayout/android.widget.LinearLayout/android.widget.FrameLayout/android.widget.LinearLayout/android.widget.FrameLayout/android.widget.RelativeLayout/android.widget.FrameLayout/android.widget.LinearLayout/android.widget.FrameLayout[4]/android.widget.ImageView}
	at sun.reflect.GeneratedConstructorAccessor13.newInstance(Unknown Source)
	at sun.reflect.DelegatingConstructorAccessorImpl.newInstance(DelegatingConstructorAccessorImpl.java:45)
[...]
Build info: version: '3.9.1', revision: '63f7b50', time: '2018-02-07T22:25:02.294Z'
System info: host: 'KASHIFALI', ip: '192.168.1.135', os.name: 'Windows 8.1', os.arch: 'amd64', os.version: '6.3', java.version: '1.8.0_25'
Driver info: io.appium.java_client.android.AndroidDriver
Capabilities {app: D:\pliro-mobile-2.0\automat..., appActivity: com.pliro_mobile_2.SplashAc..., appPackage: com.aurora.pliro, automationName: UiAutomator2, deviceName: emulator-5554, javascriptEnabled: true, newCommandTimeout: 30, platform: ANDROID, platformName: ANDROID, platformVersion: 7.1.1}
Session ID: 53f6dfe6-c93c-4343-b890-8e9ebbad1621
*** Element info: {Using=-android uiautomator, value=new UiSelector().text("Confirm Appointment")}]]>
            </message>
            <full-stacktrace>
              <![CDATA[org.openqa.selenium.NoSuchElementException: An element could not be located on the page using the given search parameters. (WARNING: The server did not provide any stacktrace information)
Command duration or timeout: 0 milliseconds
For documentation on this error, please visit: http://seleniumhq.org/exceptions/no_such_element.html
Build info: version: '3.9.1', revision: '63f7b50', time: '2018-02-07T22:25:02.294Z'
System info: host: 'KASHIFALI', ip: '192.168.1.135', os.name: 'Windows 8.1', os.arch: 'amd64', os.version: '6.3', java.version: '1.8.0_25'
Driver info: io.appium.java_client.android.AndroidDriver
Capabilities {app: D:\pliro-mobile-2.0\automat..., appActivity: com.pliro_mobile_2.SplashAc..., appPackage: com.aurora.pliro, automationName: UiAutomator2, deviceName: emulator-5554, javascriptEnabled: true, newCommandTimeout: 30, platform: ANDROID, platformName: ANDROID, platformVersion: 7.1.1}
Session ID: 53f6dfe6-c93c-4343-b890-8e9ebbad1621
*** Element info: {Using=-android uiautomator, value=new UiSelector().text("Confirm Appointment")}
	at sun.reflect.GeneratedConstructorAccessor13.newInstance(Unknown Source)
	at sun.reflect.DelegatingConstructorAccessorImpl.newInstance(DelegatingConstructorAccessorImpl.java:45)
	at java.lang.reflect.Constructor.newInstance(Constructor.java:408)
	at org.openqa.selenium.remote.ErrorHandler.createThrowable(ErrorHandler.java:214)
	at org.openqa.selenium.remote.ErrorHandler.throwIfResponseFailed(ErrorHandler.java:166)
	at org.openqa.selenium.remote.http.JsonHttpResponseCodec.reconstructValue(JsonHttpResponseCodec.java:40)
	at org.openqa.selenium.remote.http.AbstractHttpResponseCodec.decode(AbstractHttpResponseCodec.java:80)
	at org.openqa.selenium.remote.http.AbstractHttpResponseCodec.decode(AbstractHttpResponseCodec.java:44)
	at org.openqa.selenium.remote.HttpCommandExecutor.execute(HttpCommandExecutor.java:160)
	at io.appium.java_client.remote.AppiumCommandExecutor.execute(AppiumCommandExecutor.java:129)
	at org.openqa.selenium.remote.RemoteWebDriver.execute(RemoteWebDriver.java:601)
	at io.appium.java_client.DefaultGenericMobileDriver.execute(DefaultGenericMobileDriver.java:42)
	at io.appium.java_client.AppiumDriver.execute(AppiumDriver.java:1)
	at io.appium.java_client.android.AndroidDriver.execute(AndroidDriver.java:1)
	at org.openqa.selenium.remote.RemoteWebDriver.findElement(RemoteWebDriver.java:371)
	at io.appium.java_client.DefaultGenericMobileDriver.findElement(DefaultGenericMobileDriver.java:62)
	at io.appium.java_client.AppiumDriver.findElement(AppiumDriver.java:1)
	at io.appium.java_client.android.AndroidDriver.findElement(AndroidDriver.java:1)
	at io.appium.java_client.FindsByAndroidUIAutomator.findElementByAndroidUIAutomator(FindsByAndroidUIAutomator.java:38)
	at core.UiObject.getText(UiObject.java:120)
	at api.apps.Pliro.pendingAppointment.PendingAppointmentPage.findConfirmAppointmentText(PendingAppointmentPage.java:19)
	at tests.AppointmentConfirmTests.isConfirmAppointmentTextVisible(AppointmentConfirmTests.java:20)
	at sun.reflect.NativeMethodAccessorImpl.invoke0(Native Method)
	at sun.reflect.NativeMethodAccessorImpl.invoke(NativeMethodAccessorImpl.java:62)
	at sun.reflect.DelegatingMethodAccessorImpl.invoke(DelegatingMethodAccessorImpl.java:43)
	at java.lang.reflect.Method.invoke(Method.java:483)
	at org.testng.internal.MethodInvocationHelper.invokeMethod(MethodInvocationHelper.java:80)
	at org.testng.internal.Invoker.invokeMethod(Invoker.java:714)
	at org.testng.internal.Invoker.invokeTestMethod(Invoker.java:901)
	at org.testng.internal.Invoker.invokeTestMethods(Invoker.java:1231)
	at org.testng.internal.TestMethodWorker.invokeTestMethods(TestMethodWorker.java:127)
	at org.testng.internal.TestMethodWorker.run(TestMethodWorker.java:111)
	at org.testng.TestRunner.privateRun(TestRunner.java:767)
	at org.testng.TestRunner.run(TestRunner.java:617)
	at org.testng.SuiteRunner.runTest(SuiteRunner.java:334)
	at org.testng.SuiteRunner.runSequentially(SuiteRunner.java:329)
	at org.testng.SuiteRunner.privateRun(SuiteRunner.java:291)
	at org.testng.SuiteRunner.run(SuiteRunner.java:240)
	at org.testng.SuiteRunnerWorker.runSuite(SuiteRunnerWorker.java:52)
	at org.testng.SuiteRunnerWorker.run(SuiteRunnerWorker.java:86)
	at org.testng.TestNG.runSuitesSequentially(TestNG.java:1198)
	at org.testng.TestNG.runSuitesLocally(TestNG.java:1123)
	at org.testng.TestNG.run(TestNG.java:1031)
	at org.apache.maven.surefire.testng.TestNGExecutor.run(TestNGExecutor.java:283)
	at org.apache.maven.surefire.testng.TestNGXmlTestSuite.execute(TestNGXmlTestSuite.java:75)
	at org.apache.maven.surefire.testng.TestNGProvider.invoke(TestNGProvider.java:120)
	at org.apache.maven.surefire.booter.ForkedBooter.invokeProviderInSameClassLoader(ForkedBooter.java:373)
	at org.apache.maven.surefire.booter.ForkedBooter.runSuitesInProcess(ForkedBooter.java:334)
	at org.apache.maven.surefire.booter.ForkedBooter.execute(ForkedBooter.java:119)
	at org.apache.maven.surefire.booter.ForkedBooter.main(ForkedBooter.java:407)
]]>
            </full-stacktrace>
          </exception> <!-- org.openqa.selenium.NoSuchElementException -->
          <reporter-output>
          </reporter-output>
        </test-method> <!-- isConfirmAppointmentTextVisible -->
        <test-method status="PASS" signature="getResult(org.testng.ITestResult)[pri:0, instance:tests.AppointmentConfirmTests@475530b9]" name="getResult" is-config="true" duration-ms="1" started-at="2018-07-10T17:54:17Z" finished-at="2018-07-10T17:54:17Z">
          <params>
            <param index="0">
              <value>
                <![CDATA[[TestResult name=isConfirmAppointmentTextVisible status=FAILURE method=AppointmentConfirmTests.isConfirmAppointmentTextVisible()[pri:0, instance:tests.AppointmentConfirmTests@475530b9] output={null}]]]>
              </value>
            </param>
          </params>
          <reporter-output>
          </reporter-output>
        </test-method> <!-- getResult -->
        <test-method status="SKIP" signature="isCancelTextVisible()[pri:0, instance:tests.AppointmentConfirmTests@475530b9]" name="isCancelTextVisible" duration-ms="1" started-at="2018-07-10T17:54:17Z" depends-on-methods="tests.AppointmentConfirmTests.clickOnConfirmLinkText" finished-at="2018-07-10T17:54:17Z">
          <reporter-output>
          </reporter-output>
        </test-method> <!-- isCancelTextVisible -->
        <test-method status="SKIP" signature="clickOnCancelLinkText()[pri:0, instance:tests.AppointmentConfirmTests@475530b9]" name="clickOnCancelLinkText" duration-ms="1" started-at="2018-07-10T17:54:17Z" depends-on-methods="tests.AppointmentConfirmTests.clickOnConfirmLinkText" finished-at="2018-07-10T17:54:17Z">
          <reporter-output>
          </reporter-output>
        </test-method> <!-- clickOnCancelLinkText -->
        <test-method status="SKIP" signature="isOkTextVisible()[pri:0, instance:tests.AppointmentConfirmTests@475530b9]" name="isOkTextVisible" duration-ms="0" started-at="2018-07-10T17:54:17Z" depends-on-methods="tests.AppointmentConfirmTests.clickOnConfirmLinkText" finished-at="2018-07-10T17:54:17Z">
          <reporter-output>
          </reporter-output>
        </test-method> <!-- isOkTextVisible -->
        <test-method status="SKIP" signature="clickOnCancelOklLinkText()[pri:0, instance:tests.AppointmentConfirmTests@475530b9]" name="clickOnCancelOklLinkText" duration-ms="0" started-at="2018-07-10T17:54:17Z" depends-on-methods="tests.AppointmentConfirmTests.clickOnConfirmLinkText" finished-at="2018-07-10T17:54:17Z">
          <reporter-output>
          </reporter-output>
        </test-method> <!-- clickOnCancelOklLinkText -->
      </class> <!-- tests.AppointmentConfirmTests -->
      <class name="tests.SkipLoginTests">
        <test-method status="PASS" signature="setUp()[pri:0, instance:tests.SkipLoginTests@7823a2f9]" name="setUp" is-config="true" duration-ms="172901" started-at="2018-07-10T17:46:56Z" finished-at="2018-07-10T17:49:49Z">
          <reporter-output>
          </reporter-output>
        </test-method> <!-- setUp -->
        <test-method status="PASS" signature="ReportSetUp()[pri:0, instance:tests.SkipLoginTests@7823a2f9]" name="ReportSetUp" is-config="true" duration-ms="203" started-at="2018-07-10T17:49:49Z" finished-at="2018-07-10T17:49:49Z">
          <reporter-output>
          </reporter-output>
        </test-method> <!-- ReportSetUp -->
        <test-method status="FAIL" signature="isFindBestDoctorTextVisible()[pri:0, instance:tests.SkipLoginTests@7823a2f9]" name="isFindBestDoctorTextVisible" duration-ms="5369" started-at="2018-07-10T17:55:00Z" finished-at="2018-07-10T17:55:06Z">
          <exception class="org.openqa.selenium.NoSuchElementException">
            <message>
              <![CDATA[An element could not be located on the page using the given search parameters. (WARNING: The server did not provide any stacktrace information)
Command duration or timeout: 0 milliseconds
For documentation on this error, please visit: http://seleniumhq.org/exceptions/no_such_element.html
Build info: version: '3.9.1', revision: '63f7b50', time: '2018-02-07T22:25:02.294Z'
System info: host: 'KASHIFALI', ip: '192.168.1.135', os.name: 'Windows 8.1', os.arch: 'amd64', os.version: '6.3', java.version: '1.8.0_25'
Driver info: io.appium.java_client.android.AndroidDriver
Capabilities {app: D:\pliro-mobile-2.0\automat..., appActivity: com.pliro_mobile_2.SplashAc..., appPackage: com.aurora.pliro, automationName: UiAutomator2, deviceName: emulator-5554, javascriptEnabled: true, newCommandTimeout: 30, platform: ANDROID, platformName: ANDROID, platformVersion: 7.1.1}
Session ID: 53f6dfe6-c93c-4343-b890-8e9ebbad1621
*** Element info: {Using=-android uiautomator, value=new UiSelector().text("Find the best doctors nearby and book health appointments at available times.")}]]>
            </message>
            <full-stacktrace>
              <![CDATA[org.openqa.selenium.NoSuchElementException: An element could not be located on the page using the given search parameters. (WARNING: The server did not provide any stacktrace information)
Command duration or timeout: 0 milliseconds
For documentation on this error, please visit: http://seleniumhq.org/exceptions/no_such_element.html
Build info: version: '3.9.1', revision: '63f7b50', time: '2018-02-07T22:25:02.294Z'
System info: host: 'KASHIFALI', ip: '192.168.1.135', os.name: 'Windows 8.1', os.arch: 'amd64', os.version: '6.3', java.version: '1.8.0_25'
Driver info: io.appium.java_client.android.AndroidDriver
Capabilities {app: D:\pliro-mobile-2.0\automat..., appActivity: com.pliro_mobile_2.SplashAc..., appPackage: com.aurora.pliro, automationName: UiAutomator2, deviceName: emulator-5554, javascriptEnabled: true, newCommandTimeout: 30, platform: ANDROID, platformName: ANDROID, platformVersion: 7.1.1}
Session ID: 53f6dfe6-c93c-4343-b890-8e9ebbad1621
*** Element info: {Using=-android uiautomator, value=new UiSelector().text("Find the best doctors nearby and book health appointments at available times.")}
	at sun.reflect.GeneratedConstructorAccessor13.newInstance(Unknown Source)
	at sun.reflect.DelegatingConstructorAccessorImpl.newInstance(DelegatingConstructorAccessorImpl.java:45)
	at java.lang.reflect.Constructor.newInstance(Constructor.java:408)
	at org.openqa.selenium.remote.ErrorHandler.createThrowable(ErrorHandler.java:214)
	at org.openqa.selenium.remote.ErrorHandler.throwIfResponseFailed(ErrorHandler.java:166)
	at org.openqa.selenium.remote.http.JsonHttpResponseCodec.reconstructValue(JsonHttpResponseCodec.java:40)
	at org.openqa.selenium.remote.http.AbstractHttpResponseCodec.decode(AbstractHttpResponseCodec.java:80)
	at org.openqa.selenium.remote.http.AbstractHttpResponseCodec.decode(AbstractHttpResponseCodec.java:44)
	at org.openqa.selenium.remote.HttpCommandExecutor.execute(HttpCommandExecutor.java:160)
	at io.appium.java_client.remote.AppiumCommandExecutor.execute(AppiumCommandExecutor.java:129)
	at org.openqa.selenium.remote.RemoteWebDriver.execute(RemoteWebDriver.java:601)
	at io.appium.java_client.DefaultGenericMobileDriver.execute(DefaultGenericMobileDriver.java:42)
	at io.appium.java_client.AppiumDriver.execute(AppiumDriver.java:1)
	at io.appium.java_client.android.AndroidDriver.execute(AndroidDriver.java:1)
	at org.openqa.selenium.remote.RemoteWebDriver.findElement(RemoteWebDriver.java:371)
	at io.appium.java_client.DefaultGenericMobileDriver.findElement(DefaultGenericMobileDriver.java:62)
	at io.appium.java_client.AppiumDriver.findElement(AppiumDriver.java:1)
	at io.appium.java_client.android.AndroidDriver.findElement(AndroidDriver.java:1)
	at io.appium.java_client.FindsByAndroidUIAutomator.findElementByAndroidUIAutomator(FindsByAndroidUIAutomator.java:38)
	at core.UiObject.getText(UiObject.java:120)
	at api.apps.Pliro.lookingForDoctorPage.LookingForDoctorPage.findBestDoctorText(LookingForDoctorPage.java:28)
	at tests.SkipLoginTests.isFindBestDoctorTextVisible(SkipLoginTests.java:15)
	at sun.reflect.NativeMethodAccessorImpl.invoke0(Native Method)
	at sun.reflect.NativeMethodAccessorImpl.invoke(NativeMethodAccessorImpl.java:62)
	at sun.reflect.DelegatingMethodAccessorImpl.invoke(DelegatingMethodAccessorImpl.java:43)
	at java.lang.reflect.Method.invoke(Method.java:483)
	at org.testng.internal.MethodInvocationHelper.invokeMethod(MethodInvocationHelper.java:80)
	at org.testng.internal.Invoker.invokeMethod(Invoker.java:714)
	at org.testng.internal.Invoker.invokeTestMethod(Invoker.java:901)
	at org.testng.internal.Invoker.invokeTestMethods(Invoker.java:1231)
	at org.testng.internal.TestMethodWorker.invokeTestMethods(TestMethodWorker.java:127)
	at org.testng.internal.TestMethodWorker.run(TestMethodWorker.java:111)
	at org.testng.TestRunner.privateRun(TestRunner.java:767)
	at org.testng.TestRunner.run(TestRunner.java:617)
	at org.testng.SuiteRunner.runTest(SuiteRunner.java:334)
	at org.testng.SuiteRunner.runSequentially(SuiteRunner.java:329)
	at org.testng.SuiteRunner.privateRun(SuiteRunner.java:291)
	at org.testng.SuiteRunner.run(SuiteRunner.java:240)
	at org.testng.SuiteRunnerWorker.runSuite(SuiteRunnerWorker.java:52)
	at org.testng.SuiteRunnerWorker.run(SuiteRunnerWorker.java:86)
	at org.testng.TestNG.runSuitesSequentially(TestNG.java:1198)
	at org.testng.TestNG.runSuitesLocally(TestNG.java:1123)
	at org.testng.TestNG.run(TestNG.java:1031)
	at org.apache.maven.surefire.testng.TestNGExecutor.run(TestNGExecutor.java:283)
	at org.apache.maven.surefire.testng.TestNGXmlTestSuite.execute(TestNGXmlTestSuite.java:75)
	at org.apache.maven.surefire.testng.TestNGProvider.invoke(TestNGProvider.java:120)
	at org.apache.maven.surefire.booter.ForkedBooter.invokeProviderInSameClassLoader(ForkedBooter.java:373)
	at org.apache.maven.surefire.booter.ForkedBooter.runSuitesInProcess(ForkedBooter.java:334)
	at org.apache.maven.surefire.booter.ForkedBooter.execute(ForkedBooter.java:119)
	at org.apache.maven.surefire.booter.ForkedBooter.main(ForkedBooter.java:407)
]]>
            </full-stacktrace>
          </exception> <!-- org.openqa.selenium.NoSuchElementException -->
          <reporter-output>
          </reporter-output>
        </test-method> <!-- isFindBestDoctorTextVisible -->
        <test-method status="PASS" signature="getResult(org.testng.ITestResult)[pri:0, instance:tests.SkipLoginTests@7823a2f9]" name="getResult" is-config="true" duration-ms="2" started-at="2018-07-10T17:55:06Z" finished-at="2018-07-10T17:55:06Z">
          <params>
            <param index="0">
              <value>
                <![CDATA[[TestResult name=isFindBestDoctorTextVisible status=FAILURE method=SkipLoginTests.isFindBestDoctorTextVisible()[pri:0, instance:tests.SkipLoginTests@7823a2f9] output={null}]]]>
              </value>
            </param>
          </params>
          <reporter-output>
          </reporter-output>
        </test-method> <!-- getResult -->
        <test-method status="SKIP" signature="isLoginWithEmailButtonVisible()[pri:0, instance:tests.SkipLoginTests@7823a2f9]" name="isLoginWithEmailButtonVisible" duration-ms="0" started-at="2018-07-10T17:55:06Z" depends-on-methods="tests.SkipLoginTests.isFindBestDoctorTextVisible" finished-at="2018-07-10T17:55:06Z">
          <reporter-output>
          </reporter-output>
        </test-method> <!-- isLoginWithEmailButtonVisible -->
        <test-method status="SKIP" signature="isDontHaveAccountTextVisible()[pri:0, instance:tests.SkipLoginTests@7823a2f9]" name="isDontHaveAccountTextVisible" duration-ms="0" started-at="2018-07-10T17:55:06Z" depends-on-methods="tests.SkipLoginTests.isSkipThisStepTextVisible" finished-at="2018-07-10T17:55:06Z">
          <reporter-output>
          </reporter-output>
        </test-method> <!-- isDontHaveAccountTextVisible -->
        <test-method status="SKIP" signature="isSkipThisStepTextVisible()[pri:0, instance:tests.SkipLoginTests@7823a2f9]" name="isSkipThisStepTextVisible" duration-ms="0" started-at="2018-07-10T17:55:06Z" depends-on-methods="tests.SkipLoginTests.isLoginWithEmailButtonVisible" finished-at="2018-07-10T17:55:06Z">
          <reporter-output>
          </reporter-output>
        </test-method> <!-- isSkipThisStepTextVisible -->
        <test-method status="SKIP" signature="isSignupTextVisible()[pri:0, instance:tests.SkipLoginTests@7823a2f9]" name="isSignupTextVisible" duration-ms="0" started-at="2018-07-10T17:55:06Z" depends-on-methods="tests.SkipLoginTests.isDontHaveAccountTextVisible" finished-at="2018-07-10T17:55:06Z">
          <reporter-output>
          </reporter-output>
        </test-method> <!-- isSignupTextVisible -->
        <test-method status="SKIP" signature="tabSkipThisStepLinkText()[pri:0, instance:tests.SkipLoginTests@7823a2f9]" name="tabSkipThisStepLinkText" duration-ms="0" started-at="2018-07-10T17:55:06Z" depends-on-methods="tests.SkipLoginTests.isSignupTextVisible" finished-at="2018-07-10T17:55:06Z">
          <reporter-output>
          </reporter-output>
        </test-method> <!-- tabSkipThisStepLinkText -->
        <test-method status="SKIP" signature="clickOnCONTINUEButton()[pri:0, instance:tests.SkipLoginTests@7823a2f9]" name="clickOnCONTINUEButton" duration-ms="0" started-at="2018-07-10T17:55:06Z" depends-on-methods="tests.SkipLoginTests.tabSkipThisStepLinkText" finished-at="2018-07-10T17:55:06Z">
          <reporter-output>
          </reporter-output>
        </test-method> <!-- clickOnCONTINUEButton -->
        <test-method status="PASS" signature="endReport()[pri:0, instance:tests.SkipLoginTests@7823a2f9]" name="endReport" is-config="true" duration-ms="986" started-at="2018-07-10T17:55:48Z" finished-at="2018-07-10T17:55:49Z">
          <reporter-output>
          </reporter-output>
        </test-method> <!-- endReport -->
        <test-method status="PASS" signature="tearDown()[pri:0, instance:tests.SkipLoginTests@7823a2f9]" name="tearDown" is-config="true" duration-ms="1026" started-at="2018-07-10T17:55:49Z" finished-at="2018-07-10T17:55:50Z">
          <reporter-output>
          </reporter-output>
        </test-method> <!-- tearDown -->
      </class> <!-- tests.SkipLoginTests -->
    </test> <!-- PliroRegressionSuite -->
  </suite> <!-- AppiumSuite -->
</testng-results>
